make[1]: Entering directory '/home/ubuntu/out'
  CHK     include/config/kernel.release
  GEN     /home/ubuntu/out/Makefile
  CHK     include/generated/uapi/linux/version.h
  CHK     scripts/mod/devicetable-offsets.h
  Using /home/ubuntu/kirin970 as source for kernel
  CHK     include/generated/utsrelease.h
  CHK     include/generated/timeconst.h
  CHK     include/generated/bounds.h
  CHK     include/generated/asm-offsets.h
  CALL    /home/ubuntu/kirin970/scripts/checksyscalls.sh
  CHK     include/generated/compile.h
  CHK     kernel/config_data.h
/home/ubuntu/kirin970/drivers/connectivity/hi11xx/hi1103/platform/hi1103_comm_defconfig:44: hisi built-in no
/home/ubuntu/kirin970/drivers/connectivity/hi11xx/hi1103/platform/Makefile:24: defconfig: /home/ubuntu/kirin970/drivers/connectivity/hi11xx/hi1103/platform/plat_1103_default_defconfig
/home/ubuntu/kirin970/drivers/connectivity/hi11xx/hi1103/platform/Makefile:193: HI110X_VER_COMMIT_ID: 
/home/ubuntu/kirin970/drivers/connectivity/hi11xx/hi1103/platform/Makefile:194: HI110X_VER_COMMIT_TIME: 
/home/ubuntu/kirin970/drivers/connectivity/hi11xx/hi1103/platform/Makefile:195: HI110X_VERSION: 
/home/ubuntu/kirin970/drivers/connectivity/hisi/platform/hi1102_comm_defconfig:42: hisi built-in no
/home/ubuntu/kirin970/drivers/connectivity/hisi/platform/Makefile:24: defconfig: /home/ubuntu/kirin970/drivers/connectivity/hisi/platform/plat_1102_v8r2_defconfig
/home/ubuntu/kirin970/drivers/connectivity/hisi/platform/Makefile:159: HI110X_VER_COMMIT_ID: 
/home/ubuntu/kirin970/drivers/connectivity/hisi/platform/Makefile:160: HI110X_VER_COMMIT_TIME: 
/home/ubuntu/kirin970/drivers/connectivity/hisi/platform/Makefile:161: HI110X_VERSION: 
/home/ubuntu/kirin970/drivers/connectivity/hisi/wifi/Makefile:3: HI1102_DRIVER_BUILTIN_PATH drivers/connectivity/hisi
/home/ubuntu/kirin970/drivers/connectivity/hisi/platform/hi1102_comm_defconfig:42: hisi built-in no
/home/ubuntu/kirin970/drivers/connectivity/hisi/wifi/Makefile:25: defconfig: /home/ubuntu/kirin970/drivers/connectivity/hisi/wifi/wifi_1102_v8r2_defconfig
  CC      drivers/connectivity/hi11xx/hi1103/platform/oam/oam_event.o
  CC      drivers/connectivity/hisi/platform/oam/oam_log.o
  CC      drivers/connectivity/hisi/wifi/wal/wal_linux_ioctl.o
  CC      drivers/connectivity/hisi/wifi/wal/wal_linux_cfgvendor.o
/home/ubuntu/kirin970/drivers/connectivity/hi11xx/hi1103/wifi/1103/Makefile:3: HI110X_DRIVER_BUILTIN_PATH drivers/connectivity/hi11xx
/home/ubuntu/kirin970/drivers/connectivity/hi11xx/hi1103/platform/hi1103_comm_defconfig:44: hisi built-in no
/home/ubuntu/kirin970/drivers/connectivity/hi11xx/hi1103/wifi/1103/Makefile:25: defconfig: /home/ubuntu/kirin970/drivers/connectivity/hi11xx/hi1103/wifi/1103/wifi_1103_default_defconfig
/home/ubuntu/kirin970/drivers/connectivity/hi11xx/hi1103/platform/oam/oam_event.c: In function ‘oam_report_set_all_switch_etc’:
/home/ubuntu/kirin970/drivers/connectivity/hi11xx/hi1103/platform/oam/oam_event.c:2007:61: error: passing argument 2 of ‘oal_memcmp’ makes pointer from integer without a cast [-Werror=int-conversion]
 2007 |         oal_memcmp(&g_st_oam_mng_ctx_etc.st_user_track_ctx, OAL_SWITCH_ON, OAL_SIZEOF(oam_user_track_ctx_stru));
      |                                                             ^~~~~~~~~~~~~
      |                                                             |
      |                                                             int
In file included from /home/ubuntu/kirin970/drivers/connectivity/hi11xx/hi1103/platform/inc/oal/oal_ext_if.h:17,
                 from /home/ubuntu/kirin970/drivers/connectivity/hi11xx/hi1103/platform/oam/oam_event.h:16,
                 from /home/ubuntu/kirin970/drivers/connectivity/hi11xx/hi1103/platform/oam/oam_event.c:13:
/home/ubuntu/kirin970/drivers/connectivity/hi11xx/hi1103/platform/inc/oal/oal_util.h:472:91: note: expected ‘const oal_void *’ {aka ‘const void *’} but argument is of type ‘int’
  472 | OAL_STATIC OAL_INLINE oal_int  oal_memcmp(OAL_CONST oal_void *p_buf1, OAL_CONST oal_void *p_buf2, oal_uint32 ul_count)
  CC      drivers/connectivity/hisi/platform/oam/oam_statistics.o
/home/ubuntu/kirin970/drivers/connectivity/hisi/platform/oam/oam_log.c: In function ‘oam_log_get_ratelimit_param’:
/home/ubuntu/kirin970/drivers/connectivity/hisi/platform/oam/oam_log.c:235:5: error: implicit declaration of function ‘oal_memcopy’; did you mean ‘oal_memcmp’? [-Werror=implicit-function-declaration]
  235 |     oal_memcopy(pst_printk_ratelimit, &g_st_oam_mng_ctx.st_log_ctx.st_ratelimit[en_ratelimit_type],
      |     ^~~~~~~~~~~
      |     oal_memcmp
/home/ubuntu/kirin970/drivers/connectivity/hisi/wifi/wal/wal_linux_ioctl.c: In function ‘hwifi_config_init_nvram_main’:
/home/ubuntu/kirin970/drivers/connectivity/hisi/wifi/wal/wal_linux_ioctl.c:2927:25: error: unused variable ‘uc_dpd_enable’ [-Werror=unused-variable]
 2927 |     oal_uint8           uc_dpd_enable;
      |                         ^~~~~~~~~~~~~
cc1: all warnings being treated as errors
  CC      drivers/connectivity/hi11xx/hi1103/wifi/1103/wal/wal_linux_ioctl.o
make[6]: *** [/home/ubuntu/kirin970/scripts/Makefile.build:356: drivers/connectivity/hi11xx/hi1103/platform/oam/oam_event.o] Error 1
make[5]: *** [/home/ubuntu/kirin970/scripts/Makefile.build:687: drivers/connectivity/hi11xx/hi1103/platform] Error 2
make[5]: *** Waiting for unfinished jobs....
/home/ubuntu/kirin970/drivers/connectivity/hisi/wifi/wal/wal_linux_ioctl.c: In function ‘wal_ioctl_get_assoc_list’:
/home/ubuntu/kirin970/drivers/connectivity/hisi/wifi/wal/wal_linux_ioctl.c:11746:9: error: expected ‘}’ before ‘else’
11746 |         else
      |         ^~~~
/home/ubuntu/kirin970/drivers/connectivity/hisi/wifi/wal/wal_linux_ioctl.c: At top level:
/home/ubuntu/kirin970/drivers/connectivity/hisi/wifi/wal/wal_linux_ioctl.c:11751:5: error: expected identifier or ‘(’ before ‘else’
11751 |     else
      |     ^~~~
/home/ubuntu/kirin970/drivers/connectivity/hisi/wifi/wal/wal_linux_ioctl.c:11757:5: error: expected identifier or ‘(’ before ‘if’
11757 |     if(OAL_SUCC != l_ret)
      |     ^~
/home/ubuntu/kirin970/drivers/connectivity/hisi/wifi/wal/wal_linux_ioctl.c:11762:5: error: data definition has no type or storage class [-Werror]
11762 |     oal_free(pst_rsp_msg);
      |     ^~~~~~~~
/home/ubuntu/kirin970/drivers/connectivity/hisi/wifi/wal/wal_linux_ioctl.c:11762:5: error: type defaults to ‘int’ in declaration of ‘oal_free’ [-Werror=implicit-int]
/home/ubuntu/kirin970/drivers/connectivity/hisi/wifi/wal/wal_linux_ioctl.c:11762:5: error: parameter names (without types) in function declaration [-Werror]
/home/ubuntu/kirin970/drivers/connectivity/hisi/wifi/wal/wal_linux_ioctl.c:11762:5: error: conflicting types for ‘oal_free’
In file included from /home/ubuntu/kirin970/drivers/connectivity/hisi/platform/inc/oal/oal_mm.h:17,
                 from /home/ubuntu/kirin970/drivers/connectivity/hisi/platform/inc/oal/oal_util.h:17,
                 from /home/ubuntu/kirin970/drivers/connectivity/hisi/platform/inc/oal/oal_ext_if.h:17,
                 from /home/ubuntu/kirin970/drivers/connectivity/hisi/wifi/wal/wal_linux_ioctl.c:14:
/home/ubuntu/kirin970/drivers/connectivity/hisi/platform/inc/oal/linux/arch/oal_mm.h:148:33: note: previous definition of ‘oal_free’ was here
  148 | OAL_STATIC OAL_INLINE oal_void  oal_free(oal_void *p_buf)
      |                                 ^~~~~~~~
/home/ubuntu/kirin970/drivers/connectivity/hisi/wifi/wal/wal_linux_ioctl.c:11763:5: error: expected identifier or ‘(’ before ‘return’
11763 |     return l_ret;
      |     ^~~~~~
/home/ubuntu/kirin970/drivers/connectivity/hisi/wifi/wal/wal_linux_ioctl.c:11765:1: error: expected identifier or ‘(’ before ‘}’ token
11765 | }
      | ^
find lcdkit hisi folder, include it now!
/home/ubuntu/kirin970/drivers/connectivity/hisi/wifi/wal/wal_linux_ioctl.c: In function ‘wal_ioctl_get_assoc_list’:
/home/ubuntu/kirin970/drivers/connectivity/hisi/wifi/wal/wal_linux_ioctl.c:11750:5: error: control reaches end of non-void function [-Werror=return-type]
11750 |     }
      |     ^
cc1: all warnings being treated as errors
make[5]: *** [/home/ubuntu/kirin970/scripts/Makefile.build:356: drivers/connectivity/hisi/wifi/wal/wal_linux_ioctl.o] Error 1
make[5]: *** Waiting for unfinished jobs....
/home/ubuntu/kirin970/drivers/connectivity/hisi/wifi/wal/wal_linux_cfgvendor.c: In function ‘wal_cfgvendor_set_random_mac_oui’:
/home/ubuntu/kirin970/drivers/connectivity/hisi/wifi/wal/wal_linux_cfgvendor.c:386:41: error: ‘auc_random_mac_oui[0]’ may be used uninitialized in this function [-Werror=maybe-uninitialized]
  386 |                       auc_random_mac_oui[0], auc_random_mac_oui[1], auc_random_mac_oui[2]);
      |                                         ^
/home/ubuntu/kirin970/drivers/connectivity/hisi/wifi/wal/wal_linux_cfgvendor.c:386:64: error: ‘auc_random_mac_oui[1]’ may be used uninitialized in this function [-Werror=maybe-uninitialized]
  386 |                       auc_random_mac_oui[0], auc_random_mac_oui[1], auc_random_mac_oui[2]);
      |                                                                ^
/home/ubuntu/kirin970/drivers/connectivity/hisi/wifi/wal/wal_linux_cfgvendor.c:386:87: error: ‘auc_random_mac_oui[2]’ may be used uninitialized in this function [-Werror=maybe-uninitialized]
  386 |                       auc_random_mac_oui[0], auc_random_mac_oui[1], auc_random_mac_oui[2]);
      |                                                                                       ^
cc1: all warnings being treated as errors
make[5]: *** [/home/ubuntu/kirin970/scripts/Makefile.build:356: drivers/connectivity/hisi/platform/oam/oam_log.o] Error 1
make[5]: *** Waiting for unfinished jobs....
  CC      drivers/devkit/lcdkit/lcdkit1.0/core/common/hisi/lcdkit_parse_hs.o
cc1: all warnings being treated as errors
make[5]: *** [/home/ubuntu/kirin970/scripts/Makefile.build:356: drivers/connectivity/hisi/wifi/wal/wal_linux_cfgvendor.o] Error 1
make[4]: *** [/home/ubuntu/kirin970/scripts/Makefile.build:687: drivers/connectivity/hisi/wifi] Error 2
make[4]: *** Waiting for unfinished jobs....
  CC      drivers/devkit/tpkit/hostprocessing/huawei_thp_core.o
  CC      drivers/devkit/tpkit/hostprocessing/huawei_thp_mt_wrapper.o
/home/ubuntu/kirin970/drivers/connectivity/hisi/platform/oam/oam_statistics.c: In function ‘oam_stats_report_irq_info_to_sdt’:
/home/ubuntu/kirin970/drivers/connectivity/hisi/platform/oam/oam_statistics.c:86:5: error: implicit declaration of function ‘oal_memcopy’; did you mean ‘oal_memcmp’? [-Werror=implicit-function-declaration]
   86 |     oal_memcopy((oal_void *)pst_ota_data->auc_ota_data,
      |     ^~~~~~~~~~~
      |     oal_memcmp
  CC      drivers/devkit/tpkit/panel/atmel/atmel_main.o
  CC      drivers/devkit/tpkit/panel/focaltech/focaltech_core.o
cc1: all warnings being treated as errors
make[5]: *** [/home/ubuntu/kirin970/scripts/Makefile.build:356: drivers/connectivity/hisi/platform/oam/oam_statistics.o] Error 1
make[4]: *** [/home/ubuntu/kirin970/scripts/Makefile.build:687: drivers/connectivity/hisi/platform] Error 2
make[3]: *** [/home/ubuntu/kirin970/scripts/Makefile.build:687: drivers/connectivity/hisi] Error 2
make[3]: *** Waiting for unfinished jobs....
/home/ubuntu/kirin970/drivers/devkit/tpkit/hostprocessing/huawei_thp_core.c: In function ‘thp_set_status’:
/home/ubuntu/kirin970/drivers/devkit/tpkit/hostprocessing/huawei_thp_core.c:381:27: error: passing argument 2 of ‘__set_bit’ from incompatible pointer type [-Werror=incompatible-pointer-types]
  381 |  status ? __set_bit(type, &cd->status) :
      |                           ^~~~~~~~~~~
      |                           |
      |                           u32 * {aka unsigned int *}
In file included from /home/ubuntu/kirin970/arch/arm64/include/asm/bitops.h:49,
                 from /home/ubuntu/kirin970/include/linux/bitops.h:36,
                 from /home/ubuntu/kirin970/include/linux/kernel.h:10,
                 from /home/ubuntu/kirin970/drivers/devkit/tpkit/hostprocessing/huawei_thp_core.c:9:
/home/ubuntu/kirin970/include/asm-generic/bitops/non-atomic.h:15:62: note: expected ‘volatile long unsigned int *’ but argument is of type ‘u32 *’ {aka ‘unsigned int *’}
   15 | static inline void __set_bit(int nr, volatile unsigned long *addr)
      |                                      ~~~~~~~~~~~~~~~~~~~~~~~~^~~~
/home/ubuntu/kirin970/drivers/devkit/tpkit/hostprocessing/huawei_thp_core.c:382:21: error: passing argument 2 of ‘__clear_bit’ from incompatible pointer type [-Werror=incompatible-pointer-types]
  382 |   __clear_bit(type, &cd->status);
      |                     ^~~~~~~~~~~
      |                     |
      |                     u32 * {aka unsigned int *}
In file included from /home/ubuntu/kirin970/arch/arm64/include/asm/bitops.h:49,
                 from /home/ubuntu/kirin970/include/linux/bitops.h:36,
                 from /home/ubuntu/kirin970/include/linux/kernel.h:10,
                 from /home/ubuntu/kirin970/drivers/devkit/tpkit/hostprocessing/huawei_thp_core.c:9:
/home/ubuntu/kirin970/include/asm-generic/bitops/non-atomic.h:23:64: note: expected ‘volatile long unsigned int *’ but argument is of type ‘u32 *’ {aka ‘unsigned int *’}
   23 | static inline void __clear_bit(int nr, volatile unsigned long *addr)
      |                                        ~~~~~~~~~~~~~~~~~~~~~~~~^~~~
In file included from /home/ubuntu/kirin970/include/linux/printk.h:6,
                 from /home/ubuntu/kirin970/include/linux/kernel.h:13,
                 from /home/ubuntu/kirin970/drivers/devkit/tpkit/hostprocessing/huawei_thp_core.c:9:
/home/ubuntu/kirin970/drivers/devkit/tpkit/hostprocessing/huawei_thp_core.c: In function ‘thp_lcdkit_notifier_callback’:
/home/ubuntu/kirin970/include/linux/kern_levels.h:4:18: warning: format ‘%d’ expects argument of type ‘int’, but argument 3 has type ‘long unsigned int’ [-Wformat=]
    4 | #define KERN_SOH "\001"  /* ASCII Start Of Header */
      |                  ^~~~~~
/home/ubuntu/kirin970/include/linux/kern_levels.h:13:19: note: in expansion of macro ‘KERN_SOH’
   13 | #define KERN_INFO KERN_SOH "6" /* informational */
      |                   ^~~~~~~~
/home/ubuntu/kirin970/include/linux/printk.h:290:9: note: in expansion of macro ‘KERN_INFO’
  290 |  printk(KERN_INFO pr_fmt(fmt), ##__VA_ARGS__)
      |         ^~~~~~~~~
/home/ubuntu/kirin970/include/huawei_platform/log/hw_log.h:77:13: note: in expansion of macro ‘pr_info’
   77 |             pr_info(hw_fmt_tag(TAG,I) fmt,##__VA_ARGS__);    \
      |             ^~~~~~~
/home/ubuntu/kirin970/include/huawei_platform/log/hw_log.h:72:9: note: in expansion of macro ‘__hwlog_info’
   72 |         __hwlog_info(TAG,##x)
      |         ^~~~~~~~~~~~
/home/ubuntu/kirin970/drivers/devkit/tpkit/hostprocessing/huawei_thp.h:309:4: note: in expansion of macro ‘_hwlog_info’
  309 |    _hwlog_info(HWLOG_TAG, ##x); \
      |    ^~~~~~~~~~~
/home/ubuntu/kirin970/drivers/devkit/tpkit/hostprocessing/huawei_thp_core.c:512:2: note: in expansion of macro ‘THP_LOG_DEBUG’
  512 |  THP_LOG_DEBUG("%s: called by lcdkit, pm_type=%d\n", __func__, pm_type);
      |  ^~~~~~~~~~~~~
/home/ubuntu/kirin970/drivers/devkit/tpkit/hostprocessing/huawei_thp_core.c: In function ‘thp_open’:
/home/ubuntu/kirin970/drivers/devkit/tpkit/hostprocessing/huawei_thp_core.c:614:38: error: passing argument 2 of ‘__set_bit’ from incompatible pointer type [-Werror=incompatible-pointer-types]
  614 |  __set_bit(THP_STAUTS_WINDOW_UPDATE, &cd->status);
      |                                      ^~~~~~~~~~~
      |                                      |
      |                                      u32 * {aka unsigned int *}
In file included from /home/ubuntu/kirin970/arch/arm64/include/asm/bitops.h:49,
                 from /home/ubuntu/kirin970/include/linux/bitops.h:36,
                 from /home/ubuntu/kirin970/include/linux/kernel.h:10,
                 from /home/ubuntu/kirin970/drivers/devkit/tpkit/hostprocessing/huawei_thp_core.c:9:
/home/ubuntu/kirin970/include/asm-generic/bitops/non-atomic.h:15:62: note: expected ‘volatile long unsigned int *’ but argument is of type ‘u32 *’ {aka ‘unsigned int *’}
   15 | static inline void __set_bit(int nr, volatile unsigned long *addr)
      |                                      ~~~~~~~~~~~~~~~~~~~~~~~~^~~~
/home/ubuntu/kirin970/drivers/devkit/tpkit/hostprocessing/huawei_thp_core.c:615:36: error: passing argument 2 of ‘__set_bit’ from incompatible pointer type [-Werror=incompatible-pointer-types]
  615 |  __set_bit(THP_STAUTS_TOUCH_SCENE, &cd->status);
      |                                    ^~~~~~~~~~~
      |                                    |
      |                                    u32 * {aka unsigned int *}
In file included from /home/ubuntu/kirin970/arch/arm64/include/asm/bitops.h:49,
                 from /home/ubuntu/kirin970/include/linux/bitops.h:36,
                 from /home/ubuntu/kirin970/include/linux/kernel.h:10,
                 from /home/ubuntu/kirin970/drivers/devkit/tpkit/hostprocessing/huawei_thp_core.c:9:
/home/ubuntu/kirin970/include/asm-generic/bitops/non-atomic.h:15:62: note: expected ‘volatile long unsigned int *’ but argument is of type ‘u32 *’ {aka ‘unsigned int *’}
   15 | static inline void __set_bit(int nr, volatile unsigned long *addr)
      |                                      ~~~~~~~~~~~~~~~~~~~~~~~~^~~~
/home/ubuntu/kirin970/drivers/devkit/tpkit/hostprocessing/huawei_thp_core.c:591:26: warning: unused variable ‘n’ [-Wunused-variable]
  591 |  struct list_head *pos, *n;
      |                          ^
/home/ubuntu/kirin970/drivers/devkit/tpkit/hostprocessing/huawei_thp_core.c:591:20: warning: unused variable ‘pos’ [-Wunused-variable]
  591 |  struct list_head *pos, *n;
      |                    ^~~
/home/ubuntu/kirin970/drivers/devkit/tpkit/hostprocessing/huawei_thp_core.c:590:20: warning: unused variable ‘temp’ [-Wunused-variable]
  590 |  struct thp_frame *temp;
      |                    ^~~~
In file included from /home/ubuntu/kirin970/include/linux/printk.h:6,
                 from /home/ubuntu/kirin970/include/linux/kernel.h:13,
                 from /home/ubuntu/kirin970/drivers/devkit/tpkit/hostprocessing/huawei_thp_core.c:9:
/home/ubuntu/kirin970/drivers/devkit/tpkit/hostprocessing/huawei_thp_core.c: In function ‘thp_spi_sync_alloc_mem’:
/home/ubuntu/kirin970/include/linux/kern_levels.h:4:18: warning: format ‘%d’ expects a matching ‘int’ argument [-Wformat=]
    4 | #define KERN_SOH "\001"  /* ASCII Start Of Header */
      |                  ^~~~~~
/home/ubuntu/kirin970/include/linux/kern_levels.h:10:18: note: in expansion of macro ‘KERN_SOH’
   10 | #define KERN_ERR KERN_SOH "3" /* error conditions */
      |                  ^~~~~~~~
/home/ubuntu/kirin970/include/linux/printk.h:283:9: note: in expansion of macro ‘KERN_ERR’
  283 |  printk(KERN_ERR pr_fmt(fmt), ##__VA_ARGS__)
      |         ^~~~~~~~
/home/ubuntu/kirin970/include/huawei_platform/log/hw_log.h:53:13: note: in expansion of macro ‘pr_err’
   53 |             pr_err(hw_fmt_tag(TAG,E) fmt,##__VA_ARGS__);    \
      |             ^~~~~~
/home/ubuntu/kirin970/include/huawei_platform/log/hw_log.h:48:9: note: in expansion of macro ‘__hwlog_err’
   48 |         __hwlog_err(TAG,##x)
      |         ^~~~~~~~~~~
/home/ubuntu/kirin970/drivers/devkit/tpkit/hostprocessing/huawei_thp.h:305:28: note: in expansion of macro ‘_hwlog_err’
  305 | #define THP_LOG_ERR(x...)  _hwlog_err(HWLOG_TAG, ##x)
      |                            ^~~~~~~~~~
/home/ubuntu/kirin970/drivers/devkit/tpkit/hostprocessing/huawei_thp_core.c:649:4: note: in expansion of macro ‘THP_LOG_ERR’
  649 |    THP_LOG_ERR("%s:spi_sync_rx_buf request memory fail,sync_data.size = %d\n", __func__);
      |    ^~~~~~~~~~~
/home/ubuntu/kirin970/include/linux/kern_levels.h:4:18: warning: format ‘%d’ expects a matching ‘int’ argument [-Wformat=]
    4 | #define KERN_SOH "\001"  /* ASCII Start Of Header */
      |                  ^~~~~~
/home/ubuntu/kirin970/include/linux/kern_levels.h:10:18: note: in expansion of macro ‘KERN_SOH’
   10 | #define KERN_ERR KERN_SOH "3" /* error conditions */
      |                  ^~~~~~~~
/home/ubuntu/kirin970/include/linux/printk.h:283:9: note: in expansion of macro ‘KERN_ERR’
  283 |  printk(KERN_ERR pr_fmt(fmt), ##__VA_ARGS__)
      |         ^~~~~~~~
/home/ubuntu/kirin970/include/huawei_platform/log/hw_log.h:53:13: note: in expansion of macro ‘pr_err’
   53 |             pr_err(hw_fmt_tag(TAG,E) fmt,##__VA_ARGS__);    \
      |             ^~~~~~
/home/ubuntu/kirin970/include/huawei_platform/log/hw_log.h:48:9: note: in expansion of macro ‘__hwlog_err’
   48 |         __hwlog_err(TAG,##x)
      |         ^~~~~~~~~~~
/home/ubuntu/kirin970/drivers/devkit/tpkit/hostprocessing/huawei_thp.h:305:28: note: in expansion of macro ‘_hwlog_err’
  305 | #define THP_LOG_ERR(x...)  _hwlog_err(HWLOG_TAG, ##x)
      |                            ^~~~~~~~~~
/home/ubuntu/kirin970/drivers/devkit/tpkit/hostprocessing/huawei_thp_core.c:654:4: note: in expansion of macro ‘THP_LOG_ERR’
  654 |    THP_LOG_ERR("%s:spi_sync_tx_buf request memory fail,sync_data.size = %d\n", __func__);
      |    ^~~~~~~~~~~
/home/ubuntu/kirin970/drivers/devkit/tpkit/hostprocessing/huawei_thp_core.c: In function ‘thp_ioctl_reset’:
/home/ubuntu/kirin970/include/linux/kern_levels.h:4:18: warning: format ‘%d’ expects argument of type ‘int’, but argument 3 has type ‘long unsigned int’ [-Wformat=]
    4 | #define KERN_SOH "\001"  /* ASCII Start Of Header */
      |                  ^~~~~~
/home/ubuntu/kirin970/include/linux/kern_levels.h:13:19: note: in expansion of macro ‘KERN_SOH’
   13 | #define KERN_INFO KERN_SOH "6" /* informational */
      |                   ^~~~~~~~
/home/ubuntu/kirin970/include/linux/printk.h:290:9: note: in expansion of macro ‘KERN_INFO’
  290 |  printk(KERN_INFO pr_fmt(fmt), ##__VA_ARGS__)
      |         ^~~~~~~~~
/home/ubuntu/kirin970/include/huawei_platform/log/hw_log.h:77:13: note: in expansion of macro ‘pr_info’
   77 |             pr_info(hw_fmt_tag(TAG,I) fmt,##__VA_ARGS__);    \
      |             ^~~~~~~
/home/ubuntu/kirin970/include/huawei_platform/log/hw_log.h:72:9: note: in expansion of macro ‘__hwlog_info’
   72 |         __hwlog_info(TAG,##x)
      |         ^~~~~~~~~~~~
/home/ubuntu/kirin970/drivers/devkit/tpkit/hostprocessing/huawei_thp.h:304:29: note: in expansion of macro ‘_hwlog_info’
  304 | #define THP_LOG_INFO(x...)  _hwlog_info(HWLOG_TAG, ##x)
      |                             ^~~~~~~~~~~
/home/ubuntu/kirin970/drivers/devkit/tpkit/hostprocessing/huawei_thp_core.c:872:2: note: in expansion of macro ‘THP_LOG_INFO’
  872 |  THP_LOG_INFO("%s:set reset status %d\n", __func__, reset);
      |  ^~~~~~~~~~~~
In file included from /home/ubuntu/kirin970/drivers/devkit/tpkit/hostprocessing/huawei_thp_core.c:9:
/home/ubuntu/kirin970/drivers/devkit/tpkit/hostprocessing/huawei_thp_core.c: In function ‘thp_ioctl_set_timeout’:
/home/ubuntu/kirin970/include/linux/kernel.h:745:16: warning: comparison of distinct pointer types lacks a cast
  745 |  (void) (&min1 == &min2);   \
      |                ^~
/home/ubuntu/kirin970/include/linux/kernel.h:748:2: note: in expansion of macro ‘__min’
  748 |  __min(typeof(x), typeof(y),   \
      |  ^~~~~
/home/ubuntu/kirin970/drivers/devkit/tpkit/hostprocessing/huawei_thp_core.c:885:28: note: in expansion of macro ‘min’
  885 |  unsigned int timeout_ms = min(arg, THP_WAIT_MAX_TIME);
      |                            ^~~
In file included from /home/ubuntu/kirin970/include/linux/printk.h:6,
                 from /home/ubuntu/kirin970/include/linux/kernel.h:13,
                 from /home/ubuntu/kirin970/drivers/devkit/tpkit/hostprocessing/huawei_thp_core.c:9:
/home/ubuntu/kirin970/drivers/devkit/tpkit/hostprocessing/huawei_thp_core.c: In function ‘thp_charger_detect_notifier_callback’:
/home/ubuntu/kirin970/include/linux/kern_levels.h:4:18: warning: format ‘%d’ expects argument of type ‘int’, but argument 3 has type ‘long unsigned int’ [-Wformat=]
    4 | #define KERN_SOH "\001"  /* ASCII Start Of Header */
      |                  ^~~~~~
/home/ubuntu/kirin970/include/linux/kern_levels.h:13:19: note: in expansion of macro ‘KERN_SOH’
   13 | #define KERN_INFO KERN_SOH "6" /* informational */
      |                   ^~~~~~~~
/home/ubuntu/kirin970/include/linux/printk.h:290:9: note: in expansion of macro ‘KERN_INFO’
  290 |  printk(KERN_INFO pr_fmt(fmt), ##__VA_ARGS__)
      |         ^~~~~~~~~
/home/ubuntu/kirin970/include/huawei_platform/log/hw_log.h:77:13: note: in expansion of macro ‘pr_info’
   77 |             pr_info(hw_fmt_tag(TAG,I) fmt,##__VA_ARGS__);    \
      |             ^~~~~~~
/home/ubuntu/kirin970/include/huawei_platform/log/hw_log.h:72:9: note: in expansion of macro ‘__hwlog_info’
   72 |         __hwlog_info(TAG,##x)
      |         ^~~~~~~~~~~~
/home/ubuntu/kirin970/drivers/devkit/tpkit/hostprocessing/huawei_thp.h:309:4: note: in expansion of macro ‘_hwlog_info’
  309 |    _hwlog_info(HWLOG_TAG, ##x); \
      |    ^~~~~~~~~~~
/home/ubuntu/kirin970/drivers/devkit/tpkit/hostprocessing/huawei_thp_core.c:1078:2: note: in expansion of macro ‘THP_LOG_DEBUG’
 1078 |  THP_LOG_DEBUG("%s called, charger type: %d\n", __func__, event);
      |  ^~~~~~~~~~~~~
/home/ubuntu/kirin970/drivers/devkit/tpkit/hostprocessing/huawei_thp_core.c: In function ‘thp_init_chip_info’:
/home/ubuntu/kirin970/drivers/devkit/tpkit/hostprocessing/huawei_thp_core.c:1212:52: error: passing argument 2 of ‘thp_projectid_to_vender_name’ from incompatible pointer type [-Werror=incompatible-pointer-types]
 1212 |  rc = thp_projectid_to_vender_name(cd->project_id, &cd->vendor_name);
      |                                                    ^~~~~~~~~~~~~~~~
      |                                                    |
      |                                                    const char **
/home/ubuntu/kirin970/drivers/devkit/tpkit/hostprocessing/huawei_thp_core.c:1145:12: note: expected ‘char **’ but argument is of type ‘const char **’
 1145 |     char **vendor_name)
      |     ~~~~~~~^~~~~~~~~~~
/home/ubuntu/kirin970/drivers/devkit/tpkit/hostprocessing/huawei_thp_core.c:1216:48: error: passing argument 2 of ‘thp_projectid_to_ic_name’ from incompatible pointer type [-Werror=incompatible-pointer-types]
 1216 |  rc = thp_projectid_to_ic_name(cd->project_id, &cd->ic_name);
      |                                                ^~~~~~~~~~~~
      |                                                |
      |                                                const char **
/home/ubuntu/kirin970/drivers/devkit/tpkit/hostprocessing/huawei_thp_core.c:1165:12: note: expected ‘char **’ but argument is of type ‘const char **’
 1165 |     char **ic)
      |     ~~~~~~~^~
In file included from /home/ubuntu/kirin970/include/linux/printk.h:6,
                 from /home/ubuntu/kirin970/include/linux/kernel.h:13,
                 from /home/ubuntu/kirin970/drivers/devkit/tpkit/hostprocessing/huawei_thp_core.c:9:
/home/ubuntu/kirin970/drivers/devkit/tpkit/hostprocessing/huawei_thp_core.c: In function ‘thp_tui_init’:
/home/ubuntu/kirin970/include/linux/kern_levels.h:4:18: warning: format ‘%d’ expects argument of type ‘int’, but argument 3 has type ‘struct thp_tui_data *’ [-Wformat=]
    4 | #define KERN_SOH "\001"  /* ASCII Start Of Header */
      |                  ^~~~~~
/home/ubuntu/kirin970/include/linux/kern_levels.h:13:19: note: in expansion of macro ‘KERN_SOH’
   13 | #define KERN_INFO KERN_SOH "6" /* informational */
      |                   ^~~~~~~~
/home/ubuntu/kirin970/include/linux/printk.h:290:9: note: in expansion of macro ‘KERN_INFO’
  290 |  printk(KERN_INFO pr_fmt(fmt), ##__VA_ARGS__)
      |         ^~~~~~~~~
/home/ubuntu/kirin970/include/huawei_platform/log/hw_log.h:77:13: note: in expansion of macro ‘pr_info’
   77 |             pr_info(hw_fmt_tag(TAG,I) fmt,##__VA_ARGS__);    \
      |             ^~~~~~~
/home/ubuntu/kirin970/include/huawei_platform/log/hw_log.h:72:9: note: in expansion of macro ‘__hwlog_info’
   72 |         __hwlog_info(TAG,##x)
      |         ^~~~~~~~~~~~
/home/ubuntu/kirin970/drivers/devkit/tpkit/hostprocessing/huawei_thp.h:304:29: note: in expansion of macro ‘_hwlog_info’
  304 | #define THP_LOG_INFO(x...)  _hwlog_info(HWLOG_TAG, ##x)
      |                             ^~~~~~~~~~~
/home/ubuntu/kirin970/drivers/devkit/tpkit/hostprocessing/huawei_thp_core.c:1438:2: note: in expansion of macro ‘THP_LOG_INFO’
 1438 |  THP_LOG_INFO("%s reg thp_tui_switch success addr %d\n", __func__, &thp_tui_info);
      |  ^~~~~~~~~~~~
/home/ubuntu/kirin970/drivers/devkit/tpkit/hostprocessing/huawei_thp_core.c: In function ‘thp_core_init’:
/home/ubuntu/kirin970/drivers/devkit/tpkit/hostprocessing/huawei_thp_core.c:1609:1: warning: label ‘err_setip_irq’ defined but not used [-Wunused-label]
 1609 | err_setip_irq:
      | ^~~~~~~~~~~~~
/home/ubuntu/kirin970/drivers/devkit/tpkit/hostprocessing/huawei_thp_core.c: In function ‘thp_parse_feature_config’:
/home/ubuntu/kirin970/drivers/devkit/tpkit/hostprocessing/huawei_thp_core.c:1967:60: error: passing argument 3 of ‘of_property_read_string’ from incompatible pointer type [-Werror=incompatible-pointer-types]
 1967 |  rc = of_property_read_string(thp_node,"project_id_dummy", &cd->project_id_dummy);
      |                                                            ^~~~~~~~~~~~~~~~~~~~~
      |                                                            |
      |                                                            char **
In file included from /home/ubuntu/kirin970/include/asm-generic/gpio.h:7,
                 from /home/ubuntu/kirin970/include/linux/gpio.h:51,
                 from /home/ubuntu/kirin970/drivers/devkit/tpkit/hostprocessing/huawei_thp_core.c:15:
/home/ubuntu/kirin970/include/linux/of.h:316:21: note: expected ‘const char **’ but argument is of type ‘char **’
  316 |        const char **out_string);
      |        ~~~~~~~~~~~~~^~~~~~~~~~
/home/ubuntu/kirin970/drivers/devkit/tpkit/hostprocessing/huawei_thp_core.c: In function ‘is_pt_test_mode’:
/home/ubuntu/kirin970/drivers/devkit/tpkit/hostprocessing/huawei_thp_core.c:1990:6: warning: unused variable ‘ret’ [-Wunused-variable]
 1990 |  int ret = 0;
      |      ^~~
/home/ubuntu/kirin970/drivers/devkit/tpkit/hostprocessing/huawei_thp_core.c: In function ‘thp_parse_config’:
/home/ubuntu/kirin970/drivers/devkit/tpkit/hostprocessing/huawei_thp_core.c:2017:22: warning: unused variable ‘spi_cfg_node’ [-Wunused-variable]
 2017 |  struct device_node *spi_cfg_node;
      |                      ^~~~~~~~~~~~
/home/ubuntu/kirin970/drivers/devkit/tpkit/hostprocessing/huawei_thp_core.c: In function ‘thp_remove’:
/home/ubuntu/kirin970/drivers/devkit/tpkit/hostprocessing/huawei_thp_core.c:2134:6: warning: unused variable ‘rc’ [-Wunused-variable]
 2134 |  int rc;
      |      ^~
In file included from /home/ubuntu/kirin970/drivers/devkit/tpkit/hostprocessing/huawei_thp_mt_wrapper.h:12,
                 from /home/ubuntu/kirin970/drivers/devkit/tpkit/hostprocessing/huawei_thp_mt_wrapper.c:23:
/home/ubuntu/kirin970/drivers/devkit/tpkit/hostprocessing/huawei_thp.h:328:49: warning: ‘struct spi_message’ declared inside parameter list will not be visible outside of this definition or declaration
  328 | int thp_spi_sync(struct spi_device *spi, struct spi_message *message);
      |                                                 ^~~~~~~~~~~
/home/ubuntu/kirin970/drivers/devkit/tpkit/hostprocessing/huawei_thp_mt_wrapper.c: In function ‘thp_mt_wrapper_ioctl_get_events’:
/home/ubuntu/kirin970/drivers/devkit/tpkit/hostprocessing/huawei_thp_mt_wrapper.c:39:2: warning: ISO C90 forbids mixed declarations and code [-Wdeclaration-after-statement]
   39 |  int t = 0;
      |  ^~~
/home/ubuntu/kirin970/drivers/devkit/tpkit/hostprocessing/huawei_thp_mt_wrapper.c: In function ‘thp_mt_wrapper_ioctl_get_window_info’:
/home/ubuntu/kirin970/drivers/devkit/tpkit/hostprocessing/huawei_thp_mt_wrapper.c:225:47: error: initialization of ‘struct thp_window_info *’ from incompatible pointer type ‘struct thp_scene_info *’ [-Werror=incompatible-pointer-types]
  225 |  struct thp_window_info __user *window_info = (struct thp_scene_info *)arg;
      |                                               ^
/home/ubuntu/kirin970/drivers/devkit/tpkit/hostprocessing/huawei_thp_mt_wrapper.c: In function ‘thp_mt_wrapper_ioctl_get_projectid’:
/home/ubuntu/kirin970/drivers/devkit/tpkit/hostprocessing/huawei_thp_mt_wrapper.c:246:28: error: initialization of ‘char *’ from incompatible pointer type ‘struct thp_scene_info *’ [-Werror=incompatible-pointer-types]
  246 |  char __user *project_id = (struct thp_scene_info *)arg;
      |                            ^
/home/ubuntu/kirin970/drivers/devkit/tpkit/hostprocessing/huawei_thp_mt_wrapper.c: In function ‘thp_mt_wrapper_ioctl_set_roi_data’:
/home/ubuntu/kirin970/drivers/devkit/tpkit/hostprocessing/huawei_thp_mt_wrapper.c:266:27: error: initialization of ‘short int *’ from incompatible pointer type ‘struct thp_scene_info *’ [-Werror=incompatible-pointer-types]
  266 |  short __user *roi_data = (struct thp_scene_info *)arg;
      |                           ^
/home/ubuntu/kirin970/drivers/devkit/tpkit/hostprocessing/huawei_thp_mt_wrapper.c: In function ‘thp_mt_wrapper_ioctl’:
/home/ubuntu/kirin970/drivers/devkit/tpkit/hostprocessing/huawei_thp_mt_wrapper.c:340:41: warning: passing argument 1 of ‘thp_mt_wrapper_ioctl_get_events’ makes pointer from integer without a cast [-Wint-conversion]
  340 |   ret = thp_mt_wrapper_ioctl_get_events(arg);
      |                                         ^~~
      |                                         |
      |                                         long unsigned int
/home/ubuntu/kirin970/drivers/devkit/tpkit/hostprocessing/huawei_thp_mt_wrapper.c:36:43: note: expected ‘int *’ but argument is of type ‘long unsigned int’
   36 | int thp_mt_wrapper_ioctl_get_events(int * event)
      |                                     ~~~~~~^~~~~
In file included from /home/ubuntu/kirin970/drivers/devkit/lcdkit/lcdkit1.0/core/common/hisi/lcdkit_parse_hs.c:2:
/home/ubuntu/kirin970/drivers/devkit/lcdkit/lcdkit1.0/include/lcdkit_panel.h:160:48: warning: ‘struct lcdkit_dsi_panel_cmds’ declared inside parameter list will not be visible outside of this definition or declaration
  160 | typedef void (* dcs_level_trans_func_t)(struct lcdkit_dsi_panel_cmds *, int, int);
      |                                                ^~~~~~~~~~~~~~~~~~~~~
/home/ubuntu/kirin970/drivers/devkit/lcdkit/lcdkit1.0/core/common/hisi/lcdkit_parse_hs.c: In function ‘get_lcd_ldo_info_for_rt’:
/home/ubuntu/kirin970/drivers/devkit/lcdkit/lcdkit1.0/core/common/hisi/lcdkit_parse_hs.c:28:63: error: passing argument 3 of ‘of_property_read_u32_array’ from incompatible pointer type [-Werror=incompatible-pointer-types]
   28 |   ret = of_property_read_u32_array(of_node, "lcd_ldo_channel",&g_lcd_ldo_info.lcd_ldo_channel,g_lcd_ldo_info.lcd_ldo_num);
      |                                                               ^~~~~~~~~~~~~~~~~~~~~~~~~~~~~~~
      |                                                               |
      |                                                               int (*)[3]
In file included from /home/ubuntu/kirin970/include/linux/i2c.h:33,
                 from /home/ubuntu/kirin970/include/uapi/linux/fb.h:5,
                 from /home/ubuntu/kirin970/include/linux/fb.h:5,
                 from /home/ubuntu/kirin970/drivers/video/fbdev/hisi/dss/hisi_fb.h:22,
                 from /home/ubuntu/kirin970/drivers/devkit/lcdkit/lcdkit1.0/core/common/hisi/lcdkit_parse_hs.c:1:
/home/ubuntu/kirin970/include/linux/of.h:466:16: note: expected ‘u32 *’ {aka ‘unsigned int *’} but argument is of type ‘int (*)[3]’
  466 |           u32 *out_values, size_t sz)
      |           ~~~~~^~~~~~~~~~
/home/ubuntu/kirin970/drivers/devkit/lcdkit/lcdkit1.0/core/common/hisi/lcdkit_parse_hs.c:34:65: error: passing argument 3 of ‘of_property_read_u32_array’ from incompatible pointer type [-Werror=incompatible-pointer-types]
   34 |   ret = of_property_read_u32_array(of_node, "lcd_ldo_threshold",&g_lcd_ldo_info.lcd_ldo_threshold,g_lcd_ldo_info.lcd_ldo_num);
      |                                                                 ^~~~~~~~~~~~~~~~~~~~~~~~~~~~~~~~~
      |                                                                 |
      |                                                                 int (*)[3]
In file included from /home/ubuntu/kirin970/include/linux/i2c.h:33,
                 from /home/ubuntu/kirin970/include/uapi/linux/fb.h:5,
                 from /home/ubuntu/kirin970/include/linux/fb.h:5,
                 from /home/ubuntu/kirin970/drivers/video/fbdev/hisi/dss/hisi_fb.h:22,
                 from /home/ubuntu/kirin970/drivers/devkit/lcdkit/lcdkit1.0/core/common/hisi/lcdkit_parse_hs.c:1:
/home/ubuntu/kirin970/include/linux/of.h:466:16: note: expected ‘u32 *’ {aka ‘unsigned int *’} but argument is of type ‘int (*)[3]’
  466 |           u32 *out_values, size_t sz)
      |           ~~~~~^~~~~~~~~~
  CC      drivers/connectivity/hi11xx/hi1103/wifi/1103/wal/wal_linux_ioctl_debug.o
In file included from /home/ubuntu/kirin970/drivers/devkit/lcdkit/lcdkit1.0/core/common/hisi/lcdkit_parse_hs.c:4:
At top level:
/home/ubuntu/kirin970/drivers/devkit/lcdkit/lcdkit1.0/core/common/hisi/lcdkit_disp.h:745:25: warning: ‘lcdkit_vci_disable_cmds’ defined but not used [-Wunused-variable]
  745 | static struct gpio_desc lcdkit_vci_disable_cmds[] =
      |                         ^~~~~~~~~~~~~~~~~~~~~~~
/home/ubuntu/kirin970/drivers/devkit/lcdkit/lcdkit1.0/core/common/hisi/lcdkit_disp.h:732:25: warning: ‘lcdkit_vbat_disable_cmds’ defined but not used [-Wunused-variable]
  732 | static struct gpio_desc lcdkit_vbat_disable_cmds[] =
      |                         ^~~~~~~~~~~~~~~~~~~~~~~~
/home/ubuntu/kirin970/drivers/devkit/lcdkit/lcdkit1.0/core/common/hisi/lcdkit_disp.h:719:25: warning: ‘lcdkit_iovcc_disable_cmds’ defined but not used [-Wunused-variable]
  719 | static struct gpio_desc lcdkit_iovcc_disable_cmds[] =
      |                         ^~~~~~~~~~~~~~~~~~~~~~~~~
/home/ubuntu/kirin970/drivers/devkit/lcdkit/lcdkit1.0/core/common/hisi/lcdkit_disp.h:711:25: warning: ‘lcdkit_vci_free_cmds’ defined but not used [-Wunused-variable]
  711 | static struct gpio_desc lcdkit_vci_free_cmds[] =
      |                         ^~~~~~~~~~~~~~~~~~~~
/home/ubuntu/kirin970/drivers/devkit/lcdkit/lcdkit1.0/core/common/hisi/lcdkit_disp.h:703:25: warning: ‘lcdkit_vbat_free_cmds’ defined but not used [-Wunused-variable]
  703 | static struct gpio_desc lcdkit_vbat_free_cmds[] =
      |                         ^~~~~~~~~~~~~~~~~~~~~
/home/ubuntu/kirin970/drivers/devkit/lcdkit/lcdkit1.0/core/common/hisi/lcdkit_disp.h:695:25: warning: ‘lcdkit_iovcc_free_cmds’ defined but not used [-Wunused-variable]
  695 | static struct gpio_desc lcdkit_iovcc_free_cmds[] =
      |                         ^~~~~~~~~~~~~~~~~~~~~~
/home/ubuntu/kirin970/drivers/devkit/lcdkit/lcdkit1.0/core/common/hisi/lcdkit_disp.h:687:25: warning: ‘lcdkit_vci_enable_cmds’ defined but not used [-Wunused-variable]
  687 | static struct gpio_desc lcdkit_vci_enable_cmds[] =
      |                         ^~~~~~~~~~~~~~~~~~~~~~
/home/ubuntu/kirin970/drivers/devkit/lcdkit/lcdkit1.0/core/common/hisi/lcdkit_disp.h:679:25: warning: ‘lcdkit_vbat_enable_cmds’ defined but not used [-Wunused-variable]
  679 | static struct gpio_desc lcdkit_vbat_enable_cmds[] =
      |                         ^~~~~~~~~~~~~~~~~~~~~~~
/home/ubuntu/kirin970/drivers/devkit/lcdkit/lcdkit1.0/core/common/hisi/lcdkit_disp.h:671:25: warning: ‘lcdkit_iovcc_enable_cmds’ defined but not used [-Wunused-variable]
  671 | static struct gpio_desc lcdkit_iovcc_enable_cmds[] =
      |                         ^~~~~~~~~~~~~~~~~~~~~~~~
/home/ubuntu/kirin970/drivers/devkit/lcdkit/lcdkit1.0/core/common/hisi/lcdkit_disp.h:663:25: warning: ‘lcdkit_vci_request_cmds’ defined but not used [-Wunused-variable]
  663 | static struct gpio_desc lcdkit_vci_request_cmds[] =
      |                         ^~~~~~~~~~~~~~~~~~~~~~~
/home/ubuntu/kirin970/drivers/devkit/lcdkit/lcdkit1.0/core/common/hisi/lcdkit_disp.h:655:25: warning: ‘lcdkit_vbat_request_cmds’ defined but not used [-Wunused-variable]
  655 | static struct gpio_desc lcdkit_vbat_request_cmds[] =
      |                         ^~~~~~~~~~~~~~~~~~~~~~~~
/home/ubuntu/kirin970/drivers/devkit/lcdkit/lcdkit1.0/core/common/hisi/lcdkit_disp.h:647:25: warning: ‘lcdkit_iovcc_request_cmds’ defined but not used [-Wunused-variable]
  647 | static struct gpio_desc lcdkit_iovcc_request_cmds[] =
      |                         ^~~~~~~~~~~~~~~~~~~~~~~~~
/home/ubuntu/kirin970/drivers/devkit/lcdkit/lcdkit1.0/core/common/hisi/lcdkit_disp.h:535:25: warning: ‘lcdkit_bias_disable_cmds’ defined but not used [-Wunused-variable]
  535 | static struct gpio_desc lcdkit_bias_disable_cmds[] =
      |                         ^~~~~~~~~~~~~~~~~~~~~~~~
/home/ubuntu/kirin970/drivers/devkit/lcdkit/lcdkit1.0/core/common/hisi/lcdkit_disp.h:521:25: warning: ‘lcdkit_bias_free_cmds’ defined but not used [-Wunused-variable]
  521 | static struct gpio_desc lcdkit_bias_free_cmds[] =
      |                         ^~~~~~~~~~~~~~~~~~~~~
/home/ubuntu/kirin970/drivers/devkit/lcdkit/lcdkit1.0/core/common/hisi/lcdkit_disp.h:507:25: warning: ‘lcdkit_bias_enable_cmds’ defined but not used [-Wunused-variable]
  507 | static struct gpio_desc lcdkit_bias_enable_cmds[] =
      |                         ^~~~~~~~~~~~~~~~~~~~~~~
/home/ubuntu/kirin970/drivers/devkit/lcdkit/lcdkit1.0/core/common/hisi/lcdkit_disp.h:493:25: warning: ‘lcdkit_bias_request_cmds’ defined but not used [-Wunused-variable]
  493 | static struct gpio_desc lcdkit_bias_request_cmds[] =
      |                         ^~~~~~~~~~~~~~~~~~~~~~~~
/home/ubuntu/kirin970/drivers/devkit/lcdkit/lcdkit1.0/core/common/hisi/lcdkit_disp.h:482:25: warning: ‘lcdkit_gpio_id1_input_cmds’ defined but not used [-Wunused-variable]
  482 | static struct gpio_desc lcdkit_gpio_id1_input_cmds[] =
      |                         ^~~~~~~~~~~~~~~~~~~~~~~~~~
/home/ubuntu/kirin970/drivers/devkit/lcdkit/lcdkit1.0/core/common/hisi/lcdkit_disp.h:474:25: warning: ‘lcdkit_gpio_id0_input_cmds’ defined but not used [-Wunused-variable]
  474 | static struct gpio_desc lcdkit_gpio_id0_input_cmds[] =
      |                         ^~~~~~~~~~~~~~~~~~~~~~~~~~
/home/ubuntu/kirin970/drivers/devkit/lcdkit/lcdkit1.0/core/common/hisi/lcdkit_disp.h:466:25: warning: ‘lcdkit_gpio_id1_high_cmds’ defined but not used [-Wunused-variable]
  466 | static struct gpio_desc lcdkit_gpio_id1_high_cmds[] =
      |                         ^~~~~~~~~~~~~~~~~~~~~~~~~
/home/ubuntu/kirin970/drivers/devkit/lcdkit/lcdkit1.0/core/common/hisi/lcdkit_disp.h:458:25: warning: ‘lcdkit_gpio_id1_low_cmds’ defined but not used [-Wunused-variable]
  458 | static struct gpio_desc lcdkit_gpio_id1_low_cmds[] =
      |                         ^~~~~~~~~~~~~~~~~~~~~~~~
/home/ubuntu/kirin970/drivers/devkit/lcdkit/lcdkit1.0/core/common/hisi/lcdkit_disp.h:450:25: warning: ‘lcdkit_gpio_id0_high_cmds’ defined but not used [-Wunused-variable]
  450 | static struct gpio_desc lcdkit_gpio_id0_high_cmds[] =
      |                         ^~~~~~~~~~~~~~~~~~~~~~~~~
/home/ubuntu/kirin970/drivers/devkit/lcdkit/lcdkit1.0/core/common/hisi/lcdkit_disp.h:442:25: warning: ‘lcdkit_gpio_id0_low_cmds’ defined but not used [-Wunused-variable]
  442 | static struct gpio_desc lcdkit_gpio_id0_low_cmds[] =
      |                         ^~~~~~~~~~~~~~~~~~~~~~~~
/home/ubuntu/kirin970/drivers/devkit/lcdkit/lcdkit1.0/core/common/hisi/lcdkit_disp.h:428:25: warning: ‘lcdkit_gpio_id_request_cmds’ defined but not used [-Wunused-variable]
  428 | static struct gpio_desc lcdkit_gpio_id_request_cmds[] =
      |                         ^~~~~~~~~~~~~~~~~~~~~~~~~~~
/home/ubuntu/kirin970/drivers/devkit/lcdkit/lcdkit1.0/core/common/hisi/lcdkit_disp.h:416:25: warning: ‘lcdkit_gpio_reset_low_cmds’ defined but not used [-Wunused-variable]
  416 | static struct gpio_desc lcdkit_gpio_reset_low_cmds[] =
      |                         ^~~~~~~~~~~~~~~~~~~~~~~~~~
/home/ubuntu/kirin970/drivers/devkit/lcdkit/lcdkit1.0/core/common/hisi/lcdkit_disp.h:407:25: warning: ‘lcdkit_gpio_reset_high_cmds’ defined but not used [-Wunused-variable]
  407 | static struct gpio_desc lcdkit_gpio_reset_high_cmds[] =
      |                         ^~~~~~~~~~~~~~~~~~~~~~~~~~~
/home/ubuntu/kirin970/drivers/devkit/lcdkit/lcdkit1.0/core/common/hisi/lcdkit_disp.h:390:25: warning: ‘lcdkit_gpio_reset_normal_cmds’ defined but not used [-Wunused-variable]
  390 | static struct gpio_desc lcdkit_gpio_reset_normal_cmds[] =
      |                         ^~~~~~~~~~~~~~~~~~~~~~~~~~~~~
/home/ubuntu/kirin970/drivers/devkit/lcdkit/lcdkit1.0/core/common/hisi/lcdkit_disp.h:381:25: warning: ‘lcdkit_gpio_reset_free_cmds’ defined but not used [-Wunused-variable]
  381 | static struct gpio_desc lcdkit_gpio_reset_free_cmds[] =
      |                         ^~~~~~~~~~~~~~~~~~~~~~~~~~~
/home/ubuntu/kirin970/drivers/devkit/lcdkit/lcdkit1.0/core/common/hisi/lcdkit_disp.h:372:25: warning: ‘lcdkit_gpio_reset_request_cmds’ defined but not used [-Wunused-variable]
  372 | static struct gpio_desc lcdkit_gpio_reset_request_cmds[] =
      |                         ^~~~~~~~~~~~~~~~~~~~~~~~~~~~~~
/home/ubuntu/kirin970/drivers/devkit/lcdkit/lcdkit1.0/core/common/hisi/lcdkit_disp.h:342:32: warning: ‘lcdkit_pinctrl_finit_cmds’ defined but not used [-Wunused-variable]
  342 | static struct pinctrl_cmd_desc lcdkit_pinctrl_finit_cmds[] =
      |                                ^~~~~~~~~~~~~~~~~~~~~~~~~
/home/ubuntu/kirin970/drivers/devkit/lcdkit/lcdkit1.0/core/common/hisi/lcdkit_disp.h:337:32: warning: ‘lcdkit_pinctrl_low_cmds’ defined but not used [-Wunused-variable]
  337 | static struct pinctrl_cmd_desc lcdkit_pinctrl_low_cmds[] =
      |                                ^~~~~~~~~~~~~~~~~~~~~~~
/home/ubuntu/kirin970/drivers/devkit/lcdkit/lcdkit1.0/core/common/hisi/lcdkit_disp.h:332:32: warning: ‘lcdkit_pinctrl_normal_cmds’ defined but not used [-Wunused-variable]
  332 | static struct pinctrl_cmd_desc lcdkit_pinctrl_normal_cmds[] =
      |                                ^~~~~~~~~~~~~~~~~~~~~~~~~~
/home/ubuntu/kirin970/drivers/devkit/lcdkit/lcdkit1.0/core/common/hisi/lcdkit_disp.h:325:32: warning: ‘lcdkit_pinctrl_init_cmds’ defined but not used [-Wunused-variable]
  325 | static struct pinctrl_cmd_desc lcdkit_pinctrl_init_cmds[] =
      |                                ^~~~~~~~~~~~~~~~~~~~~~~~
/home/ubuntu/kirin970/drivers/devkit/lcdkit/lcdkit1.0/core/common/hisi/lcdkit_disp.h:314:24: warning: ‘lcdkit_regulator_vci_disable_cmds’ defined but not used [-Wunused-variable]
  314 | static struct vcc_desc lcdkit_regulator_vci_disable_cmds[] =
      |                        ^~~~~~~~~~~~~~~~~~~~~~~~~~~~~~~~~
/home/ubuntu/kirin970/drivers/devkit/lcdkit/lcdkit1.0/core/common/hisi/lcdkit_disp.h:308:24: warning: ‘lcdkit_vdd_disable_cmds’ defined but not used [-Wunused-variable]
  308 | static struct vcc_desc lcdkit_vdd_disable_cmds[] =
      |                        ^~~~~~~~~~~~~~~~~~~~~~~
/home/ubuntu/kirin970/drivers/devkit/lcdkit/lcdkit1.0/core/common/hisi/lcdkit_disp.h:302:24: warning: ‘lcdkit_io_vcc_disable_cmds’ defined but not used [-Wunused-variable]
  302 | static struct vcc_desc lcdkit_io_vcc_disable_cmds[] =
      |                        ^~~~~~~~~~~~~~~~~~~~~~~~~~
/home/ubuntu/kirin970/drivers/devkit/lcdkit/lcdkit1.0/core/common/hisi/lcdkit_disp.h:296:24: warning: ‘lcdkit_regulator_vci_enable_cmds’ defined but not used [-Wunused-variable]
  296 | static struct vcc_desc lcdkit_regulator_vci_enable_cmds[] =
      |                        ^~~~~~~~~~~~~~~~~~~~~~~~~~~~~~~~
/home/ubuntu/kirin970/drivers/devkit/lcdkit/lcdkit1.0/core/common/hisi/lcdkit_disp.h:289:24: warning: ‘lcdkit_vdd_enable_cmds’ defined but not used [-Wunused-variable]
  289 | static struct vcc_desc lcdkit_vdd_enable_cmds[] =
      |                        ^~~~~~~~~~~~~~~~~~~~~~
/home/ubuntu/kirin970/drivers/devkit/lcdkit/lcdkit1.0/core/common/hisi/lcdkit_disp.h:283:24: warning: ‘lcdkit_io_vcc_enable_cmds’ defined but not used [-Wunused-variable]
  283 | static struct vcc_desc lcdkit_io_vcc_enable_cmds[] =
      |                        ^~~~~~~~~~~~~~~~~~~~~~~~~
/home/ubuntu/kirin970/drivers/devkit/lcdkit/lcdkit1.0/core/common/hisi/lcdkit_disp.h:275:24: warning: ‘lcdkit_vcc_finit_cmds’ defined but not used [-Wunused-variable]
  275 | static struct vcc_desc lcdkit_vcc_finit_cmds[] =
      |                        ^~~~~~~~~~~~~~~~~~~~~
/home/ubuntu/kirin970/drivers/devkit/lcdkit/lcdkit1.0/core/common/hisi/lcdkit_disp.h:267:24: warning: ‘lcdkit_vci_init_cmds’ defined but not used [-Wunused-variable]
  267 | static struct vcc_desc lcdkit_vci_init_cmds[] =
      |                        ^~~~~~~~~~~~~~~~~~~~
/home/ubuntu/kirin970/drivers/devkit/lcdkit/lcdkit1.0/core/common/hisi/lcdkit_disp.h:259:24: warning: ‘lcdkit_vdd_init_cmds’ defined but not used [-Wunused-variable]
  259 | static struct vcc_desc lcdkit_vdd_init_cmds[] =
      |                        ^~~~~~~~~~~~~~~~~~~~
/home/ubuntu/kirin970/drivers/devkit/lcdkit/lcdkit1.0/core/common/hisi/lcdkit_disp.h:251:24: warning: ‘lcdkit_io_vcc_init_cmds’ defined but not used [-Wunused-variable]
  251 | static struct vcc_desc lcdkit_io_vcc_init_cmds[] =
      |                        ^~~~~~~~~~~~~~~~~~~~~~~
/home/ubuntu/kirin970/drivers/devkit/lcdkit/lcdkit1.0/core/common/hisi/lcdkit_disp.h:234:24: warning: ‘lcdkit_scharger_bl_disable_cmds’ defined but not used [-Wunused-variable]
  234 | static struct vcc_desc lcdkit_scharger_bl_disable_cmds[] =
      |                        ^~~~~~~~~~~~~~~~~~~~~~~~~~~~~~~
/home/ubuntu/kirin970/drivers/devkit/lcdkit/lcdkit1.0/core/common/hisi/lcdkit_disp.h:228:24: warning: ‘lcdkit_scharger_bl_enable_cmds’ defined but not used [-Wunused-variable]
  228 | static struct vcc_desc lcdkit_scharger_bl_enable_cmds[] =
      |                        ^~~~~~~~~~~~~~~~~~~~~~~~~~~~~~
/home/ubuntu/kirin970/drivers/devkit/lcdkit/lcdkit1.0/core/common/hisi/lcdkit_disp.h:220:24: warning: ‘lcdkit_scharger_bias_disable_cmds’ defined but not used [-Wunused-variable]
  220 | static struct vcc_desc lcdkit_scharger_bias_disable_cmds[] =
      |                        ^~~~~~~~~~~~~~~~~~~~~~~~~~~~~~~~~
/home/ubuntu/kirin970/drivers/devkit/lcdkit/lcdkit1.0/core/common/hisi/lcdkit_disp.h:212:24: warning: ‘lcdkit_scharger_bias_enable_cmds’ defined but not used [-Wunused-variable]
  212 | static struct vcc_desc lcdkit_scharger_bias_enable_cmds[] =
      |                        ^~~~~~~~~~~~~~~~~~~~~~~~~~~~~~~~
/home/ubuntu/kirin970/drivers/devkit/lcdkit/lcdkit1.0/core/common/hisi/lcdkit_disp.h:203:24: warning: ‘lcdkit_scharger_bias_put_cmds’ defined but not used [-Wunused-variable]
  203 | static struct vcc_desc lcdkit_scharger_bias_put_cmds[] =
      |                        ^~~~~~~~~~~~~~~~~~~~~~~~~~~~~
/home/ubuntu/kirin970/drivers/devkit/lcdkit/lcdkit1.0/core/common/hisi/lcdkit_disp.h:195:24: warning: ‘lcdkit_scharger_bias_set_cmds’ defined but not used [-Wunused-variable]
  195 | static struct vcc_desc lcdkit_scharger_bias_set_cmds[] =
      |                        ^~~~~~~~~~~~~~~~~~~~~~~~~~~~~
/home/ubuntu/kirin970/drivers/devkit/lcdkit/lcdkit1.0/core/common/hisi/lcdkit_disp.h:186:24: warning: ‘lcdkit_scharger_bias_get_cmds’ defined but not used [-Wunused-variable]
  186 | static struct vcc_desc lcdkit_scharger_bias_get_cmds[] =
      |                        ^~~~~~~~~~~~~~~~~~~~~~~~~~~~~
/home/ubuntu/kirin970/drivers/devkit/lcdkit/lcdkit1.0/core/common/hisi/lcdkit_disp.h:166:25: warning: ‘lcd_gpio_read_btb’ defined but not used [-Wunused-variable]
  166 | static struct gpio_desc lcd_gpio_read_btb =
      |                         ^~~~~~~~~~~~~~~~~
/home/ubuntu/kirin970/drivers/devkit/lcdkit/lcdkit1.0/core/common/hisi/lcdkit_disp.h:162:25: warning: ‘lcd_gpio_free_btb’ defined but not used [-Wunused-variable]
  162 | static struct gpio_desc lcd_gpio_free_btb =
      |                         ^~~~~~~~~~~~~~~~~
/home/ubuntu/kirin970/drivers/devkit/lcdkit/lcdkit1.0/core/common/hisi/lcdkit_disp.h:158:25: warning: ‘lcd_gpio_request_btb’ defined but not used [-Wunused-variable]
  158 | static struct gpio_desc lcd_gpio_request_btb =
      |                         ^~~~~~~~~~~~~~~~~~~~
/home/ubuntu/kirin970/drivers/devkit/lcdkit/lcdkit1.0/core/common/hisi/lcdkit_disp.h:131:38: warning: ‘voltage_table’ defined but not used [-Wunused-variable]
  131 | static struct lcdkit_vsp_vsn_voltage voltage_table[] = {
      |                                      ^~~~~~~~~~~~~
In file included from /home/ubuntu/kirin970/drivers/devkit/lcdkit/lcdkit1.0/core/common/hisi/lcdkit_disp.h:37,
                 from /home/ubuntu/kirin970/drivers/devkit/lcdkit/lcdkit1.0/core/common/hisi/lcdkit_parse_hs.c:4:
/home/ubuntu/kirin970/drivers/video/fbdev/hisi/dss/voltage/tps65132.h:48:32: warning: ‘vol_table’ defined but not used [-Wunused-variable]
   48 | static struct tps65132_voltage vol_table[] = {
      |                                ^~~~~~~~~
In file included from /home/ubuntu/kirin970/drivers/devkit/lcdkit/lcdkit1.0/core/common/hisi/lcdkit_parse_hs.c:2:
/home/ubuntu/kirin970/drivers/devkit/lcdkit/lcdkit1.0/include/lcdkit_panel.h:269:14: warning: ‘cmd_array’ defined but not used [-Wunused-variable]
  269 | static char* cmd_array[SENCE_ARRAY_SIZE] = {
      |              ^~~~~~~~~
/home/ubuntu/kirin970/drivers/devkit/lcdkit/lcdkit1.0/include/lcdkit_panel.h:244:14: warning: ‘sence_array’ defined but not used [-Wunused-variable]
  244 | static char* sence_array[SENCE_ARRAY_SIZE] = {
      |              ^~~~~~~~~~~
/home/ubuntu/kirin970/drivers/devkit/tpkit/panel/atmel/atmel_main.c: In function ‘__mxt_cache_write’:
/home/ubuntu/kirin970/drivers/devkit/tpkit/panel/atmel/atmel_main.c:229:3: warning: this ‘if’ clause does not guard... [-Wmisleading-indentation]
  229 |   if (test_flag(I2C_ACCESS_NO_CACHE, &flag))
      |   ^~
/home/ubuntu/kirin970/drivers/devkit/tpkit/panel/atmel/atmel_main.c:231:4: note: ...this statement, but the latter is misleadingly indented as if it were guarded by the ‘if’
  231 |    w_cache_pa = (u8 *) val;
      |    ^~~~~~~~~~
/home/ubuntu/kirin970/drivers/devkit/tpkit/panel/atmel/atmel_main.c:287:29: error: passing argument 1 of ‘ts_i2c_error_dmd_report’ from incompatible pointer type [-Werror=incompatible-pointer-types]
  287 |     ts_i2c_error_dmd_report(&addr);
      |                             ^~~~~
      |                             |
      |                             u16 * {aka short unsigned int *}
/home/ubuntu/kirin970/drivers/devkit/tpkit/panel/atmel/atmel_main.c:166:41: note: expected ‘u8 *’ {aka ‘unsigned char *’} but argument is of type ‘u16 *’ {aka ‘short unsigned int *’}
  166 | extern void ts_i2c_error_dmd_report(u8* reg_addr);
      |                                     ~~~~^~~~~~~~
/home/ubuntu/kirin970/drivers/devkit/tpkit/panel/atmel/atmel_main.c: In function ‘__mxt_cache_read’:
/home/ubuntu/kirin970/drivers/devkit/tpkit/panel/atmel/atmel_main.c:379:29: error: passing argument 1 of ‘ts_i2c_error_dmd_report’ from incompatible pointer type [-Werror=incompatible-pointer-types]
  379 |     ts_i2c_error_dmd_report(&addr);
      |                             ^~~~~
      |                             |
      |                             u16 * {aka short unsigned int *}
/home/ubuntu/kirin970/drivers/devkit/tpkit/panel/atmel/atmel_main.c:166:41: note: expected ‘u8 *’ {aka ‘unsigned char *’} but argument is of type ‘u16 *’ {aka ‘short unsigned int *’}
  166 | extern void ts_i2c_error_dmd_report(u8* reg_addr);
      |                                     ~~~~^~~~~~~~
/home/ubuntu/kirin970/drivers/devkit/tpkit/panel/atmel/atmel_main.c: In function ‘atmel_parse_threshold_file_method’:
/home/ubuntu/kirin970/drivers/devkit/tpkit/panel/atmel/atmel_main.c:4611:6: warning: unused variable ‘index1’ [-Wunused-variable]
 4611 |  int index1 = 0;
      |      ^~~~~~
/home/ubuntu/kirin970/drivers/devkit/tpkit/panel/atmel/atmel_main.c: In function ‘atmel_get_rawdata’:
/home/ubuntu/kirin970/drivers/devkit/tpkit/panel/atmel/atmel_main.c:5002:3: warning: ‘strncat’ specified bound 3 equals source length [-Wstringop-overflow=]
 5002 |   strncat(info->result, "-1P", strlen("-1P"));
      |   ^~~~~~~~~~~~~~~~~~~~~~~~~~~~~~~~~~~~~~~~~~~
/home/ubuntu/kirin970/drivers/devkit/tpkit/panel/atmel/atmel_main.c:5005:3: warning: ‘strncat’ specified bound 3 equals source length [-Wstringop-overflow=]
 5005 |   strncat(info->result, "-1F", strlen("-1F"));
      |   ^~~~~~~~~~~~~~~~~~~~~~~~~~~~~~~~~~~~~~~~~~~
/home/ubuntu/kirin970/drivers/devkit/tpkit/panel/atmel/atmel_main.c:5020:3: warning: ‘strncat’ specified bound 3 equals source length [-Wstringop-overflow=]
 5020 |   strncat(info->result, "-2P", strlen("-2P"));
      |   ^~~~~~~~~~~~~~~~~~~~~~~~~~~~~~~~~~~~~~~~~~~
/home/ubuntu/kirin970/drivers/devkit/tpkit/panel/atmel/atmel_main.c:5023:3: warning: ‘strncat’ specified bound 3 equals source length [-Wstringop-overflow=]
 5023 |   strncat(info->result, "-2F", strlen("-2F"));
      |   ^~~~~~~~~~~~~~~~~~~~~~~~~~~~~~~~~~~~~~~~~~~
/home/ubuntu/kirin970/drivers/devkit/tpkit/panel/atmel/atmel_main.c:5050:3: warning: ‘strncat’ specified bound 3 equals source length [-Wstringop-overflow=]
 5050 |   strncat(info->result, "-3P", strlen("-3P"));
      |   ^~~~~~~~~~~~~~~~~~~~~~~~~~~~~~~~~~~~~~~~~~~
/home/ubuntu/kirin970/drivers/devkit/tpkit/panel/atmel/atmel_main.c:5053:3: warning: ‘strncat’ specified bound 3 equals source length [-Wstringop-overflow=]
 5053 |   strncat(info->result, "-3F", strlen("-3F"));
      |   ^~~~~~~~~~~~~~~~~~~~~~~~~~~~~~~~~~~~~~~~~~~
/home/ubuntu/kirin970/drivers/devkit/tpkit/panel/atmel/atmel_main.c:5070:3: warning: ‘strncat’ specified bound 3 equals source length [-Wstringop-overflow=]
 5070 |   strncat(info->result, "-4P", strlen("-4P"));
      |   ^~~~~~~~~~~~~~~~~~~~~~~~~~~~~~~~~~~~~~~~~~~
/home/ubuntu/kirin970/drivers/devkit/tpkit/panel/atmel/atmel_main.c:5072:3: warning: ‘strncat’ specified bound 3 equals source length [-Wstringop-overflow=]
 5072 |   strncat(info->result, "-4F", strlen("-4F"));
      |   ^~~~~~~~~~~~~~~~~~~~~~~~~~~~~~~~~~~~~~~~~~~
/home/ubuntu/kirin970/drivers/devkit/tpkit/panel/atmel/atmel_main.c:5099:2: warning: ‘strncat’ specified bound 1 equals source length [-Wstringop-overflow=]
 5099 |  strncat(info->result, ";", strlen(";"));
      |  ^~~~~~~~~~~~~~~~~~~~~~~~~~~~~~~~~~~~~~~
/home/ubuntu/kirin970/drivers/devkit/tpkit/panel/atmel/atmel_main.c:5101:3: warning: ‘strncat’ specified bound 12 equals source length [-Wstringop-overflow=]
 5101 |   strncat(info->result, "panel_reason", strlen("panel_reason"));
      |   ^~~~~~~~~~~~~~~~~~~~~~~~~~~~~~~~~~~~~~~~~~~~~~~~~~~~~~~~~~~~~
/home/ubuntu/kirin970/drivers/devkit/tpkit/panel/atmel/atmel_main.c:5104:3: warning: ‘strncat’ specified bound 1 equals source length [-Wstringop-overflow=]
 5104 |   strncat(info->result, "-", strlen("-"));
      |   ^~~~~~~~~~~~~~~~~~~~~~~~~~~~~~~~~~~~~~~
/home/ubuntu/kirin970/drivers/devkit/tpkit/panel/atmel/atmel_main.c:5108:3: warning: ‘strncat’ specified bound 12 equals source length [-Wstringop-overflow=]
 5108 |   strncat(info->result, "-atmel_touch", strlen("-atmel_touch"));
      |   ^~~~~~~~~~~~~~~~~~~~~~~~~~~~~~~~~~~~~~~~~~~~~~~~~~~~~~~~~~~~~
/home/ubuntu/kirin970/drivers/devkit/tpkit/panel/atmel/atmel_main.c:5160:3: warning: ‘strncat’ specified bound 9 equals source length [-Wstringop-overflow=]
 5160 |   strncat(info->result, "-1F-2F-3F", strlen("-1F-2F-3F"));
      |   ^~~~~~~~~~~~~~~~~~~~~~~~~~~~~~~~~~~~~~~~~~~~~~~~~~~~~~~
In function ‘get_lcd_ldo_info_for_rt’,
    inlined from ‘lcdkit_parse_platform_dts’ at /home/ubuntu/kirin970/drivers/devkit/lcdkit/lcdkit1.0/core/common/hisi/lcdkit_parse_hs.c:277:9:
/home/ubuntu/kirin970/drivers/devkit/lcdkit/lcdkit1.0/core/common/hisi/lcdkit_parse_hs.c:47:4: warning: ‘strncpy’ specified bound depends on the length of the source argument [-Wstringop-overflow=]
   47 |    strncpy(g_lcd_ldo_info.lcd_ldo_name[i], ldo_name, strlen(ldo_name));
      |    ^~~~~~~~~~~~~~~~~~~~~~~~~~~~~~~~~~~~~~~~~~~~~~~~~~~~~~~~~~~~~~~~~~~
/home/ubuntu/kirin970/drivers/connectivity/hi11xx/hi1103/wifi/1103/wal/wal_linux_ioctl.c: In function ‘wal_android_priv_cmd_etc’:
/home/ubuntu/kirin970/drivers/connectivity/hi11xx/hi1103/wifi/1103/wal/wal_linux_ioctl.c:6092:5: error: implicit declaration of function ‘oal_memset’; did you mean ‘oal_memcmp’? [-Werror=implicit-function-declaration]
 6092 |     oal_memset(pc_command, 0, (oal_uint32)(st_priv_cmd.l_total_len + 5));
      |     ^~~~~~~~~~
      |     oal_memcmp
cc1: some warnings being treated as errors
make[4]: *** [/home/ubuntu/kirin970/scripts/Makefile.build:356: drivers/devkit/tpkit/hostprocessing/huawei_thp_mt_wrapper.o] Error 1
make[4]: *** Waiting for unfinished jobs....
/home/ubuntu/kirin970/drivers/devkit/tpkit/panel/focaltech/focaltech_core.c: In function ‘focal_ft5x46_chip_reset’:
/home/ubuntu/kirin970/drivers/devkit/tpkit/panel/focaltech/focaltech_core.c:477:6: warning: unused variable ‘reset_enable_delay’ [-Wunused-variable]
  477 |  int reset_enable_delay = 0;
      |      ^~~~~~~~~~~~~~~~~~
/home/ubuntu/kirin970/drivers/devkit/tpkit/panel/focaltech/focaltech_core.c: In function ‘focal_print_dbg’:
/home/ubuntu/kirin970/drivers/devkit/tpkit/panel/focaltech/focaltech_core.c:82:61: warning: passing argument 1 of ‘_focal_print_bulk’ discards ‘const’ qualifier from pointer target type [-Wdiscarded-qualifiers]
   82 | #define focal_print_bulk(buf, len, width) _focal_print_bulk(__func__, buf, len, width)
      |                                                             ^~~~~~~~
/home/ubuntu/kirin970/drivers/devkit/tpkit/panel/focaltech/focaltech_core.c:769:2: note: in expansion of macro ‘focal_print_bulk’
  769 |  focal_print_bulk(&buf[ADDR_DBG_DATA], FTS_DBG_DATA_SIZE, FTS_DIFF_DATA_WIDTH);
      |  ^~~~~~~~~~~~~~~~
/home/ubuntu/kirin970/drivers/devkit/tpkit/panel/focaltech/focaltech_core.c:710:35: note: expected ‘u8 *’ {aka ‘unsigned char *’} but argument is of type ‘const char *’
  710 | static int _focal_print_bulk(u8 * head, u8 * buf, u32 len, u8 width)
      |                              ~~~~~^~~~
/home/ubuntu/kirin970/drivers/devkit/tpkit/panel/focaltech/focaltech_core.c:82:61: warning: passing argument 1 of ‘_focal_print_bulk’ discards ‘const’ qualifier from pointer target type [-Wdiscarded-qualifiers]
   82 | #define focal_print_bulk(buf, len, width) _focal_print_bulk(__func__, buf, len, width)
      |                                                             ^~~~~~~~
/home/ubuntu/kirin970/drivers/devkit/tpkit/panel/focaltech/focaltech_core.c:771:2: note: in expansion of macro ‘focal_print_bulk’
  771 |  focal_print_bulk(&buf[ADDR_DIFF_DATA], FTS_DIFF_DATA_SIZE, FTS_DIFF_DATA_WIDTH);
      |  ^~~~~~~~~~~~~~~~
/home/ubuntu/kirin970/drivers/devkit/tpkit/panel/focaltech/focaltech_core.c:710:35: note: expected ‘u8 *’ {aka ‘unsigned char *’} but argument is of type ‘const char *’
  710 | static int _focal_print_bulk(u8 * head, u8 * buf, u32 len, u8 width)
      |                              ~~~~~^~~~
In file included from /home/ubuntu/kirin970/include/linux/printk.h:6,
                 from /home/ubuntu/kirin970/include/linux/kernel.h:13,
                 from /home/ubuntu/kirin970/include/linux/list.h:8,
                 from /home/ubuntu/kirin970/include/linux/kobject.h:20,
                 from /home/ubuntu/kirin970/include/linux/device.h:17,
                 from /home/ubuntu/kirin970/include/linux/i2c.h:30,
                 from /home/ubuntu/kirin970/drivers/devkit/tpkit/panel/focaltech/focaltech_core.h:6,
                 from /home/ubuntu/kirin970/drivers/devkit/tpkit/panel/focaltech/focaltech_flash.h:6,
                 from /home/ubuntu/kirin970/drivers/devkit/tpkit/panel/focaltech/focaltech_core.c:3:
/home/ubuntu/kirin970/drivers/devkit/tpkit/panel/focaltech/focaltech_core.c: In function ‘focal_esdcheck_tp_reset’:
/home/ubuntu/kirin970/include/linux/kern_levels.h:4:18: warning: too many arguments for format [-Wformat-extra-args]
    4 | #define KERN_SOH "\001"  /* ASCII Start Of Header */
      |                  ^~~~~~
/home/ubuntu/kirin970/include/linux/kern_levels.h:10:18: note: in expansion of macro ‘KERN_SOH’
   10 | #define KERN_ERR KERN_SOH "3" /* error conditions */
      |                  ^~~~~~~~
/home/ubuntu/kirin970/include/linux/printk.h:283:9: note: in expansion of macro ‘KERN_ERR’
  283 |  printk(KERN_ERR pr_fmt(fmt), ##__VA_ARGS__)
      |         ^~~~~~~~
/home/ubuntu/kirin970/include/huawei_platform/log/hw_log.h:53:13: note: in expansion of macro ‘pr_err’
   53 |             pr_err(hw_fmt_tag(TAG,E) fmt,##__VA_ARGS__);    \
      |             ^~~~~~
/home/ubuntu/kirin970/include/huawei_platform/log/hw_log.h:48:9: note: in expansion of macro ‘__hwlog_err’
   48 |         __hwlog_err(TAG,##x)
      |         ^~~~~~~~~~~
/home/ubuntu/kirin970/drivers/devkit/tpkit/panel/focaltech/../../huawei_ts_kit.h:287:27: note: in expansion of macro ‘_hwlog_err’
  287 | #define TS_LOG_ERR(x...)  _hwlog_err(HWLOG_TAG, ##x)
      |                           ^~~~~~~~~~
/home/ubuntu/kirin970/drivers/devkit/tpkit/panel/focaltech/focaltech_core.c:1127:3: note: in expansion of macro ‘TS_LOG_ERR’
 1127 |   TS_LOG_ERR("%s: failed to resume status\n",__func__, ret);
      |   ^~~~~~~~~~
/home/ubuntu/kirin970/drivers/devkit/tpkit/panel/focaltech/focaltech_core.c: In function ‘focal_after_resume’:
/home/ubuntu/kirin970/drivers/devkit/tpkit/panel/focaltech/focaltech_core.c:2185:2: warning: ISO C90 forbids mixed declarations and code [-Wdeclaration-after-statement]
 2185 |  struct timeval time_duration, time_start, time_end;
      |  ^~~~~~
In file included from /home/ubuntu/kirin970/include/linux/printk.h:6,
                 from /home/ubuntu/kirin970/include/linux/kernel.h:13,
                 from /home/ubuntu/kirin970/include/linux/list.h:8,
                 from /home/ubuntu/kirin970/include/linux/kobject.h:20,
                 from /home/ubuntu/kirin970/include/linux/device.h:17,
                 from /home/ubuntu/kirin970/include/linux/i2c.h:30,
                 from /home/ubuntu/kirin970/drivers/devkit/tpkit/panel/focaltech/focaltech_core.h:6,
                 from /home/ubuntu/kirin970/drivers/devkit/tpkit/panel/focaltech/focaltech_flash.h:6,
                 from /home/ubuntu/kirin970/drivers/devkit/tpkit/panel/focaltech/focaltech_core.c:3:
/home/ubuntu/kirin970/include/linux/kern_levels.h:4:18: warning: format ‘%ld’ expects argument of type ‘long int’, but argument 3 has type ‘unsigned int’ [-Wformat=]
    4 | #define KERN_SOH "\001"  /* ASCII Start Of Header */
      |                  ^~~~~~
/home/ubuntu/kirin970/include/linux/kern_levels.h:13:19: note: in expansion of macro ‘KERN_SOH’
   13 | #define KERN_INFO KERN_SOH "6" /* informational */
      |                   ^~~~~~~~
/home/ubuntu/kirin970/include/linux/printk.h:290:9: note: in expansion of macro ‘KERN_INFO’
  290 |  printk(KERN_INFO pr_fmt(fmt), ##__VA_ARGS__)
      |         ^~~~~~~~~
/home/ubuntu/kirin970/include/huawei_platform/log/hw_log.h:77:13: note: in expansion of macro ‘pr_info’
   77 |             pr_info(hw_fmt_tag(TAG,I) fmt,##__VA_ARGS__);    \
      |             ^~~~~~~
/home/ubuntu/kirin970/include/huawei_platform/log/hw_log.h:72:9: note: in expansion of macro ‘__hwlog_info’
   72 |         __hwlog_info(TAG,##x)
      |         ^~~~~~~~~~~~
/home/ubuntu/kirin970/drivers/devkit/tpkit/panel/focaltech/../../huawei_ts_kit.h:286:28: note: in expansion of macro ‘_hwlog_info’
  286 | #define TS_LOG_INFO(x...)  _hwlog_info(HWLOG_TAG, ##x)
      |                            ^~~~~~~~~~~
/home/ubuntu/kirin970/drivers/devkit/tpkit/panel/focaltech/focaltech_core.c:2211:3: note: in expansion of macro ‘TS_LOG_INFO’
 2211 |   TS_LOG_INFO("%s:fw update from resume for sip, check_threshold(%ld ums).duration(%d.%d) = %ld ums\n",
      |   ^~~~~~~~~~~
/home/ubuntu/kirin970/include/linux/kern_levels.h:4:18: warning: format ‘%d’ expects argument of type ‘int’, but argument 4 has type ‘__kernel_time_t’ {aka ‘long int’} [-Wformat=]
    4 | #define KERN_SOH "\001"  /* ASCII Start Of Header */
      |                  ^~~~~~
/home/ubuntu/kirin970/include/linux/kern_levels.h:13:19: note: in expansion of macro ‘KERN_SOH’
   13 | #define KERN_INFO KERN_SOH "6" /* informational */
      |                   ^~~~~~~~
/home/ubuntu/kirin970/include/linux/printk.h:290:9: note: in expansion of macro ‘KERN_INFO’
  290 |  printk(KERN_INFO pr_fmt(fmt), ##__VA_ARGS__)
      |         ^~~~~~~~~
/home/ubuntu/kirin970/include/huawei_platform/log/hw_log.h:77:13: note: in expansion of macro ‘pr_info’
   77 |             pr_info(hw_fmt_tag(TAG,I) fmt,##__VA_ARGS__);    \
      |             ^~~~~~~
/home/ubuntu/kirin970/include/huawei_platform/log/hw_log.h:72:9: note: in expansion of macro ‘__hwlog_info’
   72 |         __hwlog_info(TAG,##x)
      |         ^~~~~~~~~~~~
/home/ubuntu/kirin970/drivers/devkit/tpkit/panel/focaltech/../../huawei_ts_kit.h:286:28: note: in expansion of macro ‘_hwlog_info’
  286 | #define TS_LOG_INFO(x...)  _hwlog_info(HWLOG_TAG, ##x)
      |                            ^~~~~~~~~~~
/home/ubuntu/kirin970/drivers/devkit/tpkit/panel/focaltech/focaltech_core.c:2211:3: note: in expansion of macro ‘TS_LOG_INFO’
 2211 |   TS_LOG_INFO("%s:fw update from resume for sip, check_threshold(%ld ums).duration(%d.%d) = %ld ums\n",
      |   ^~~~~~~~~~~
/home/ubuntu/kirin970/include/linux/kern_levels.h:4:18: warning: format ‘%d’ expects argument of type ‘int’, but argument 5 has type ‘__kernel_suseconds_t’ {aka ‘long int’} [-Wformat=]
    4 | #define KERN_SOH "\001"  /* ASCII Start Of Header */
      |                  ^~~~~~
/home/ubuntu/kirin970/include/linux/kern_levels.h:13:19: note: in expansion of macro ‘KERN_SOH’
   13 | #define KERN_INFO KERN_SOH "6" /* informational */
      |                   ^~~~~~~~
/home/ubuntu/kirin970/include/linux/printk.h:290:9: note: in expansion of macro ‘KERN_INFO’
  290 |  printk(KERN_INFO pr_fmt(fmt), ##__VA_ARGS__)
      |         ^~~~~~~~~
/home/ubuntu/kirin970/include/huawei_platform/log/hw_log.h:77:13: note: in expansion of macro ‘pr_info’
   77 |             pr_info(hw_fmt_tag(TAG,I) fmt,##__VA_ARGS__);    \
      |             ^~~~~~~
/home/ubuntu/kirin970/include/huawei_platform/log/hw_log.h:72:9: note: in expansion of macro ‘__hwlog_info’
   72 |         __hwlog_info(TAG,##x)
      |         ^~~~~~~~~~~~
/home/ubuntu/kirin970/drivers/devkit/tpkit/panel/focaltech/../../huawei_ts_kit.h:286:28: note: in expansion of macro ‘_hwlog_info’
  286 | #define TS_LOG_INFO(x...)  _hwlog_info(HWLOG_TAG, ##x)
      |                            ^~~~~~~~~~~
/home/ubuntu/kirin970/drivers/devkit/tpkit/panel/focaltech/focaltech_core.c:2211:3: note: in expansion of macro ‘TS_LOG_INFO’
 2211 |   TS_LOG_INFO("%s:fw update from resume for sip, check_threshold(%ld ums).duration(%d.%d) = %ld ums\n",
      |   ^~~~~~~~~~~
/home/ubuntu/kirin970/include/linux/kern_levels.h:4:18: warning: too many arguments for format [-Wformat-extra-args]
    4 | #define KERN_SOH "\001"  /* ASCII Start Of Header */
      |                  ^~~~~~
/home/ubuntu/kirin970/include/linux/kern_levels.h:10:18: note: in expansion of macro ‘KERN_SOH’
   10 | #define KERN_ERR KERN_SOH "3" /* error conditions */
      |                  ^~~~~~~~
/home/ubuntu/kirin970/include/linux/printk.h:283:9: note: in expansion of macro ‘KERN_ERR’
  283 |  printk(KERN_ERR pr_fmt(fmt), ##__VA_ARGS__)
      |         ^~~~~~~~
/home/ubuntu/kirin970/include/huawei_platform/log/hw_log.h:53:13: note: in expansion of macro ‘pr_err’
   53 |             pr_err(hw_fmt_tag(TAG,E) fmt,##__VA_ARGS__);    \
      |             ^~~~~~
/home/ubuntu/kirin970/include/huawei_platform/log/hw_log.h:48:9: note: in expansion of macro ‘__hwlog_err’
   48 |         __hwlog_err(TAG,##x)
      |         ^~~~~~~~~~~
/home/ubuntu/kirin970/drivers/devkit/tpkit/panel/focaltech/../../huawei_ts_kit.h:287:27: note: in expansion of macro ‘_hwlog_err’
  287 | #define TS_LOG_ERR(x...)  _hwlog_err(HWLOG_TAG, ##x)
      |                           ^~~~~~~~~~
/home/ubuntu/kirin970/drivers/devkit/tpkit/panel/focaltech/focaltech_core.c:2237:3: note: in expansion of macro ‘TS_LOG_ERR’
 2237 |   TS_LOG_ERR("%s: failed to resume status\n",__func__, ret);
      |   ^~~~~~~~~~
/home/ubuntu/kirin970/drivers/devkit/tpkit/panel/focaltech/focaltech_core.c: In function ‘focal_chip_detect’:
/home/ubuntu/kirin970/drivers/devkit/tpkit/panel/focaltech/focaltech_core.c:3468:1: warning: label ‘exit_free_reset_gpio’ defined but not used [-Wunused-label]
 3468 | exit_free_reset_gpio:
      | ^~~~~~~~~~~~~~~~~~~~
/home/ubuntu/kirin970/drivers/devkit/tpkit/panel/focaltech/focaltech_core.c:3465:1: warning: label ‘pinctrl_get_err’ defined but not used [-Wunused-label]
 3465 | pinctrl_get_err:
      | ^~~~~~~~~~~~~~~
/home/ubuntu/kirin970/drivers/devkit/tpkit/panel/focaltech/focaltech_core.c: In function ‘focal_print_dbg’:
/home/ubuntu/kirin970/drivers/devkit/tpkit/panel/focaltech/focaltech_core.c:773:1: warning: control reaches end of non-void function [-Wreturn-type]
  773 | }
      | ^
At top level:
/home/ubuntu/kirin970/drivers/devkit/tpkit/panel/focaltech/focaltech_core.c:2007:12: warning: ‘focal_sleep_mode_out’ defined but not used [-Wunused-function]
 2007 | static int focal_sleep_mode_out(void)
      |            ^~~~~~~~~~~~~~~~~~~~
/home/ubuntu/kirin970/drivers/devkit/tpkit/panel/focaltech/focaltech_core.c:1848:12: warning: ‘focal_set_info_flag’ defined but not used [-Wunused-function]
 1848 | static int focal_set_info_flag(struct ts_kit_device_data *info)
      |            ^~~~~~~~~~~~~~~~~~~
cc1: some warnings being treated as errors
make[6]: *** [/home/ubuntu/kirin970/scripts/Makefile.build:356: drivers/devkit/lcdkit/lcdkit1.0/core/common/hisi/lcdkit_parse_hs.o] Error 1
make[5]: *** [/home/ubuntu/kirin970/scripts/Makefile.build:687: drivers/devkit/lcdkit/lcdkit1.0/core/common/hisi] Error 2
make[4]: *** [/home/ubuntu/kirin970/scripts/Makefile.build:687: drivers/devkit/lcdkit/lcdkit1.0/core/common] Error 2
make[3]: *** [/home/ubuntu/kirin970/scripts/Makefile.build:687: drivers/devkit/lcdkit/lcdkit1.0] Error 2
make[2]: *** [/home/ubuntu/kirin970/scripts/Makefile.build:687: drivers/devkit/lcdkit] Error 2
make[2]: *** Waiting for unfinished jobs....
In function ‘focal_param_init’,
    inlined from ‘focal_init_chip’ at /home/ubuntu/kirin970/drivers/devkit/tpkit/panel/focaltech/focaltech_core.c:3177:8:
/home/ubuntu/kirin970/drivers/devkit/tpkit/panel/focaltech/focaltech_core.c:2984:2: warning: ‘strncpy’ output may be truncated copying 8 bytes from a string of length 8 [-Wstringop-truncation]
 2984 |  strncpy(g_focal_dev_data->module_name,focal_pdata->vendor_name,
      |  ^~~~~~~~~~~~~~~~~~~~~~~~~~~~~~~~~~~~~~~~~~~~~~~~~~~~~~~~~~~~~~~
 2985 |  (FTS_VENDOR_NAME_LEN < (MAX_STR_LEN-1))? FTS_VENDOR_NAME_LEN : (MAX_STR_LEN-1));
      |  ~~~~~~~~~~~~~~~~~~~~~~~~~~~~~~~~~~~~~~~~~~~~~~~~~~~~~~~~~~~~~~~~~~~~~~~~~~~~~~~
In function ‘focal_get_fwname’,
    inlined from ‘focal_init_chip’ at /home/ubuntu/kirin970/drivers/devkit/tpkit/panel/focaltech/focaltech_core.c:3201:9:
/home/ubuntu/kirin970/drivers/devkit/tpkit/panel/focaltech/focaltech_core.c:3105:2: warning: ‘strncat’ output truncated before terminating nul copying 1 byte from a string of the same length [-Wstringop-truncation]
 3105 |  strncat(fwname, &joint_chr, sizeof(char));
      |  ^~~~~~~~~~~~~~~~~~~~~~~~~~~~~~~~~~~~~~~~~
/home/ubuntu/kirin970/drivers/devkit/tpkit/panel/focaltech/focaltech_core.c:3107:2: warning: ‘strncat’ output truncated before terminating nul copying 1 byte from a string of the same length [-Wstringop-truncation]
 3107 |  strncat(fwname, &joint_chr, sizeof(char));
      |  ^~~~~~~~~~~~~~~~~~~~~~~~~~~~~~~~~~~~~~~~~
/home/ubuntu/kirin970/drivers/devkit/tpkit/panel/focaltech/focaltech_core.c:3104:2: warning: ‘strncat’ specified bound 32 equals destination size [-Wstringop-overflow=]
 3104 |  strncat(fwname, ts_platform_data->product_name, MAX_STR_LEN);
      |  ^~~~~~~~~~~~~~~~~~~~~~~~~~~~~~~~~~~~~~~~~~~~~~~~~~~~~~~~~~~~
/home/ubuntu/kirin970/drivers/devkit/tpkit/panel/focaltech/focaltech_core.c:3106:2: warning: ‘strncat’ specified bound 32 equals destination size [-Wstringop-overflow=]
 3106 |  strncat(fwname, ts_platform_data->chip_data->chip_name, MAX_STR_LEN);
      |  ^~~~~~~~~~~~~~~~~~~~~~~~~~~~~~~~~~~~~~~~~~~~~~~~~~~~~~~~~~~~~~~~~~~~
  CC      drivers/devkit/tpkit/panel/focaltech/focaltech_test.o
cc1: some warnings being treated as errors
make[4]: *** [/home/ubuntu/kirin970/scripts/Makefile.build:356: drivers/devkit/tpkit/hostprocessing/huawei_thp_core.o] Error 1
make[3]: *** [/home/ubuntu/kirin970/scripts/Makefile.build:687: drivers/devkit/tpkit/hostprocessing] Error 2
make[3]: *** Waiting for unfinished jobs....
/home/ubuntu/kirin970/drivers/devkit/tpkit/panel/atmel/atmel_main.c: In function ‘mxt_parse_module_dts’:
/home/ubuntu/kirin970/drivers/devkit/tpkit/panel/atmel/atmel_main.c:2270:3: warning: ‘strncpy’ specified bound 32 equals destination size [-Wstringop-truncation]
 2270 |   strncpy(mxt_core_data->description, description,
      |   ^~~~~~~~~~~~~~~~~~~~~~~~~~~~~~~~~~~~~~~~~~~~~~~~
 2271 |    MAX_DESCRIPTION_LEN);
      |    ~~~~~~~~~~~~~~~~~~~~
  CC      drivers/devkit/tpkit/panel/parade/parade.o
  CC      drivers/devkit/tpkit/panel/samsung/sec_ts.o
/home/ubuntu/kirin970/drivers/connectivity/hi11xx/hi1103/wifi/1103/wal/wal_linux_ioctl_debug.c: In function ‘wal_hipriv_set_tx_pow_param’:
/home/ubuntu/kirin970/drivers/connectivity/hi11xx/hi1103/wifi/1103/wal/wal_linux_ioctl_debug.c:606:17: error: implicit declaration of function ‘oal_memset’; did you mean ‘oal_memcmp’? [-Werror=implicit-function-declaration]
  606 |                 oal_memset(auc_sar_ctrl_params, 0xFF, OAL_SIZEOF(auc_sar_ctrl_params));
      |                 ^~~~~~~~~~
      |                 oal_memcmp
/home/ubuntu/kirin970/drivers/devkit/tpkit/panel/focaltech/focaltech_test.c: In function ‘focal_start_test_tp’:
/home/ubuntu/kirin970/drivers/devkit/tpkit/panel/focaltech/focaltech_test.c:305:49: warning: array subscript has type ‘char’ [-Wchar-subscripts]
  305 |  ret = focal_raw_data_test(params, &test_results[cap_test_num],cap_test_num+1);
      |                                                 ^
/home/ubuntu/kirin970/drivers/devkit/tpkit/panel/focaltech/focaltech_test.c:308:18: warning: array subscript has type ‘char’ [-Wchar-subscripts]
  308 |   if(test_results[cap_test_num])
      |                  ^
/home/ubuntu/kirin970/drivers/devkit/tpkit/panel/focaltech/focaltech_test.c:311:24: warning: array subscript has type ‘char’ [-Wchar-subscripts]
  311 |    strncpy(test_results[cap_test_num]->tptestfailedreason, "-software reason",TP_TEST_FAILED_REASON_LEN);
      |                        ^
/home/ubuntu/kirin970/drivers/devkit/tpkit/panel/focaltech/focaltech_test.c:320:17: warning: array subscript has type ‘char’ [-Wchar-subscripts]
  320 |    &test_results[cap_test_num], cap_test_num+1);
      |                 ^
/home/ubuntu/kirin970/drivers/devkit/tpkit/panel/focaltech/focaltech_test.c:323:19: warning: array subscript has type ‘char’ [-Wchar-subscripts]
  323 |    if(test_results[cap_test_num])
      |                   ^
/home/ubuntu/kirin970/drivers/devkit/tpkit/panel/focaltech/focaltech_test.c:326:25: warning: array subscript has type ‘char’ [-Wchar-subscripts]
  326 |     strncpy(test_results[cap_test_num]->tptestfailedreason, "-software reason",TP_TEST_FAILED_REASON_LEN);
      |                         ^
/home/ubuntu/kirin970/drivers/devkit/tpkit/panel/focaltech/focaltech_test.c:334:58: warning: array subscript has type ‘char’ [-Wchar-subscripts]
  334 |   ret = focal_ft5x46_lcd_noise_test(params, &test_results[cap_test_num], cap_test_num+1);
      |                                                          ^
/home/ubuntu/kirin970/drivers/devkit/tpkit/panel/focaltech/focaltech_test.c:337:19: warning: array subscript has type ‘char’ [-Wchar-subscripts]
  337 |    if(test_results[cap_test_num])
      |                   ^
/home/ubuntu/kirin970/drivers/devkit/tpkit/panel/focaltech/focaltech_test.c:340:25: warning: array subscript has type ‘char’ [-Wchar-subscripts]
  340 |     strncpy(test_results[cap_test_num]->tptestfailedreason, "-software reason",TP_TEST_FAILED_REASON_LEN);
      |                         ^
/home/ubuntu/kirin970/drivers/devkit/tpkit/panel/focaltech/focaltech_test.c:348:43: warning: array subscript has type ‘char’ [-Wchar-subscripts]
  348 |  ret = focal_cb_test(params, &test_results[cap_test_num],cap_test_num+1);
      |                                           ^
/home/ubuntu/kirin970/drivers/devkit/tpkit/panel/focaltech/focaltech_test.c:351:18: warning: array subscript has type ‘char’ [-Wchar-subscripts]
  351 |   if(test_results[cap_test_num])
      |                  ^
/home/ubuntu/kirin970/drivers/devkit/tpkit/panel/focaltech/focaltech_test.c:354:24: warning: array subscript has type ‘char’ [-Wchar-subscripts]
  354 |    strncpy(test_results[cap_test_num]->tptestfailedreason, "-software reason",TP_TEST_FAILED_REASON_LEN);
      |                        ^
/home/ubuntu/kirin970/drivers/devkit/tpkit/panel/focaltech/focaltech_test.c:362:60: warning: array subscript has type ‘char’ [-Wchar-subscripts]
  362 |   ret = focal_scap_raw_data_test_5x46(params, &test_results[cap_test_num], cap_test_num+1);
      |                                                            ^
/home/ubuntu/kirin970/drivers/devkit/tpkit/panel/focaltech/focaltech_test.c:369:58: warning: array subscript has type ‘char’ [-Wchar-subscripts]
  369 |   ret = focal_ft8716_lcd_noise_test(params, &test_results[cap_test_num],cap_test_num+1);
      |                                                          ^
/home/ubuntu/kirin970/drivers/devkit/tpkit/panel/focaltech/focaltech_test.c:372:19: warning: array subscript has type ‘char’ [-Wchar-subscripts]
  372 |    if(test_results[cap_test_num])
      |                   ^
/home/ubuntu/kirin970/drivers/devkit/tpkit/panel/focaltech/focaltech_test.c:375:25: warning: array subscript has type ‘char’ [-Wchar-subscripts]
  375 |     strncpy(test_results[cap_test_num]->tptestfailedreason, "-software reason",TP_TEST_FAILED_REASON_LEN);
      |                         ^
/home/ubuntu/kirin970/drivers/devkit/tpkit/panel/focaltech/focaltech_test.c:385:46: warning: array subscript has type ‘char’ [-Wchar-subscripts]
  385 |   ret = focal_open_test(params, &test_results[cap_test_num],cap_test_num+1);
      |                                              ^
/home/ubuntu/kirin970/drivers/devkit/tpkit/panel/focaltech/focaltech_test.c:388:19: warning: array subscript has type ‘char’ [-Wchar-subscripts]
  388 |    if(test_results[cap_test_num])
      |                   ^
/home/ubuntu/kirin970/drivers/devkit/tpkit/panel/focaltech/focaltech_test.c:391:25: warning: array subscript has type ‘char’ [-Wchar-subscripts]
  391 |     strncpy(test_results[cap_test_num]->tptestfailedreason, "-software reason",TP_TEST_FAILED_REASON_LEN);
      |                         ^
/home/ubuntu/kirin970/drivers/devkit/tpkit/panel/focaltech/focaltech_test.c:398:54: warning: array subscript has type ‘char’ [-Wchar-subscripts]
  398 |  ret = focal_short_circuit_test(params, &test_results[cap_test_num],cap_test_num+1);
      |                                                      ^
/home/ubuntu/kirin970/drivers/devkit/tpkit/panel/focaltech/focaltech_test.c:401:18: warning: array subscript has type ‘char’ [-Wchar-subscripts]
  401 |   if(test_results[cap_test_num])
      |                  ^
/home/ubuntu/kirin970/drivers/devkit/tpkit/panel/focaltech/focaltech_test.c:404:24: warning: array subscript has type ‘char’ [-Wchar-subscripts]
  404 |    strncpy(test_results[cap_test_num]->tptestfailedreason, "-software reason",TP_TEST_FAILED_REASON_LEN);
      |                        ^
/home/ubuntu/kirin970/drivers/devkit/tpkit/panel/focaltech/focaltech_test.c:413:51: warning: array subscript has type ‘char’ [-Wchar-subscripts]
  413 |   ret = focal_lcd_noise_test(params, &test_results[cap_test_num],cap_test_num+1);
      |                                                   ^
/home/ubuntu/kirin970/drivers/devkit/tpkit/panel/focaltech/focaltech_test.c:416:19: warning: array subscript has type ‘char’ [-Wchar-subscripts]
  416 |    if(test_results[cap_test_num])
      |                   ^
/home/ubuntu/kirin970/drivers/devkit/tpkit/panel/focaltech/focaltech_test.c:419:25: warning: array subscript has type ‘char’ [-Wchar-subscripts]
  419 |     strncpy(test_results[cap_test_num]->tptestfailedreason, "-software reason",TP_TEST_FAILED_REASON_LEN);
      |                         ^
In file included from /home/ubuntu/kirin970/include/linux/printk.h:6,
                 from /home/ubuntu/kirin970/include/linux/kernel.h:13,
                 from /home/ubuntu/kirin970/drivers/devkit/tpkit/panel/focaltech/focaltech_test.c:1:
/home/ubuntu/kirin970/drivers/devkit/tpkit/panel/focaltech/focaltech_test.c: In function ‘focal_get_Scap_cb_data_5x46’:
/home/ubuntu/kirin970/include/linux/kern_levels.h:4:18: warning: format ‘%d’ expects argument of type ‘int’, but argument 2 has type ‘size_t’ {aka ‘long unsigned int’} [-Wformat=]
    4 | #define KERN_SOH "\001"  /* ASCII Start Of Header */
      |                  ^~~~~~
/home/ubuntu/kirin970/include/linux/kern_levels.h:10:18: note: in expansion of macro ‘KERN_SOH’
   10 | #define KERN_ERR KERN_SOH "3" /* error conditions */
      |                  ^~~~~~~~
/home/ubuntu/kirin970/include/linux/printk.h:283:9: note: in expansion of macro ‘KERN_ERR’
  283 |  printk(KERN_ERR pr_fmt(fmt), ##__VA_ARGS__)
      |         ^~~~~~~~
/home/ubuntu/kirin970/include/huawei_platform/log/hw_log.h:53:13: note: in expansion of macro ‘pr_err’
   53 |             pr_err(hw_fmt_tag(TAG,E) fmt,##__VA_ARGS__);    \
      |             ^~~~~~
/home/ubuntu/kirin970/include/huawei_platform/log/hw_log.h:48:9: note: in expansion of macro ‘__hwlog_err’
   48 |         __hwlog_err(TAG,##x)
      |         ^~~~~~~~~~~
/home/ubuntu/kirin970/drivers/devkit/tpkit/panel/focaltech/../../huawei_ts_kit.h:287:27: note: in expansion of macro ‘_hwlog_err’
  287 | #define TS_LOG_ERR(x...)  _hwlog_err(HWLOG_TAG, ##x)
      |                           ^~~~~~~~~~
/home/ubuntu/kirin970/drivers/devkit/tpkit/panel/focaltech/focaltech_test.c:602:3: note: in expansion of macro ‘TS_LOG_ERR’
  602 |   TS_LOG_ERR("cb data read size:%d\n",data_size);
      |   ^~~~~~~~~~
/home/ubuntu/kirin970/include/linux/kern_levels.h:4:18: warning: format ‘%d’ expects argument of type ‘int’, but argument 2 has type ‘size_t’ {aka ‘long unsigned int’} [-Wformat=]
    4 | #define KERN_SOH "\001"  /* ASCII Start Of Header */
      |                  ^~~~~~
/home/ubuntu/kirin970/include/linux/kern_levels.h:10:18: note: in expansion of macro ‘KERN_SOH’
   10 | #define KERN_ERR KERN_SOH "3" /* error conditions */
      |                  ^~~~~~~~
/home/ubuntu/kirin970/include/linux/printk.h:283:9: note: in expansion of macro ‘KERN_ERR’
  283 |  printk(KERN_ERR pr_fmt(fmt), ##__VA_ARGS__)
      |         ^~~~~~~~
/home/ubuntu/kirin970/include/huawei_platform/log/hw_log.h:53:13: note: in expansion of macro ‘pr_err’
   53 |             pr_err(hw_fmt_tag(TAG,E) fmt,##__VA_ARGS__);    \
      |             ^~~~~~
/home/ubuntu/kirin970/include/huawei_platform/log/hw_log.h:48:9: note: in expansion of macro ‘__hwlog_err’
   48 |         __hwlog_err(TAG,##x)
      |         ^~~~~~~~~~~
/home/ubuntu/kirin970/drivers/devkit/tpkit/panel/focaltech/../../huawei_ts_kit.h:287:27: note: in expansion of macro ‘_hwlog_err’
  287 | #define TS_LOG_ERR(x...)  _hwlog_err(HWLOG_TAG, ##x)
      |                           ^~~~~~~~~~
/home/ubuntu/kirin970/drivers/devkit/tpkit/panel/focaltech/focaltech_test.c:643:3: note: in expansion of macro ‘TS_LOG_ERR’
  643 |   TS_LOG_ERR("cb data read size:%d\n",data_size);
      |   ^~~~~~~~~~
/home/ubuntu/kirin970/drivers/devkit/tpkit/panel/focaltech/focaltech_test.c: In function ‘focal_cb_test’:
/home/ubuntu/kirin970/include/linux/kern_levels.h:4:18: warning: format ‘%d’ expects argument of type ‘int’, but argument 3 has type ‘size_t’ {aka ‘long unsigned int’} [-Wformat=]
    4 | #define KERN_SOH "\001"  /* ASCII Start Of Header */
      |                  ^~~~~~
/home/ubuntu/kirin970/include/linux/kern_levels.h:13:19: note: in expansion of macro ‘KERN_SOH’
   13 | #define KERN_INFO KERN_SOH "6" /* informational */
      |                   ^~~~~~~~
/home/ubuntu/kirin970/include/linux/printk.h:290:9: note: in expansion of macro ‘KERN_INFO’
  290 |  printk(KERN_INFO pr_fmt(fmt), ##__VA_ARGS__)
      |         ^~~~~~~~~
/home/ubuntu/kirin970/include/huawei_platform/log/hw_log.h:77:13: note: in expansion of macro ‘pr_info’
   77 |             pr_info(hw_fmt_tag(TAG,I) fmt,##__VA_ARGS__);    \
      |             ^~~~~~~
/home/ubuntu/kirin970/include/huawei_platform/log/hw_log.h:72:9: note: in expansion of macro ‘__hwlog_info’
   72 |         __hwlog_info(TAG,##x)
      |         ^~~~~~~~~~~~
/home/ubuntu/kirin970/drivers/devkit/tpkit/panel/focaltech/../../huawei_ts_kit.h:286:28: note: in expansion of macro ‘_hwlog_info’
  286 | #define TS_LOG_INFO(x...)  _hwlog_info(HWLOG_TAG, ##x)
      |                            ^~~~~~~~~~~
/home/ubuntu/kirin970/drivers/devkit/tpkit/panel/focaltech/focaltech_test.c:1660:3: note: in expansion of macro ‘TS_LOG_INFO’
 1660 |   TS_LOG_INFO("%s: cb_data_size is %d\n", __func__,cb_data_size);
      |   ^~~~~~~~~~~
/home/ubuntu/kirin970/drivers/devkit/tpkit/panel/focaltech/focaltech_test.c: In function ‘focal_open_test’:
/home/ubuntu/kirin970/include/linux/kern_levels.h:4:18: warning: format ‘%d’ expects argument of type ‘int’, but argument 3 has type ‘size_t’ {aka ‘long unsigned int’} [-Wformat=]
    4 | #define KERN_SOH "\001"  /* ASCII Start Of Header */
      |                  ^~~~~~
/home/ubuntu/kirin970/include/linux/kern_levels.h:13:19: note: in expansion of macro ‘KERN_SOH’
   13 | #define KERN_INFO KERN_SOH "6" /* informational */
      |                   ^~~~~~~~
/home/ubuntu/kirin970/include/linux/printk.h:290:9: note: in expansion of macro ‘KERN_INFO’
  290 |  printk(KERN_INFO pr_fmt(fmt), ##__VA_ARGS__)
      |         ^~~~~~~~~
/home/ubuntu/kirin970/include/huawei_platform/log/hw_log.h:77:13: note: in expansion of macro ‘pr_info’
   77 |             pr_info(hw_fmt_tag(TAG,I) fmt,##__VA_ARGS__);    \
      |             ^~~~~~~
/home/ubuntu/kirin970/include/huawei_platform/log/hw_log.h:72:9: note: in expansion of macro ‘__hwlog_info’
   72 |         __hwlog_info(TAG,##x)
      |         ^~~~~~~~~~~~
/home/ubuntu/kirin970/drivers/devkit/tpkit/panel/focaltech/../../huawei_ts_kit.h:286:28: note: in expansion of macro ‘_hwlog_info’
  286 | #define TS_LOG_INFO(x...)  _hwlog_info(HWLOG_TAG, ##x)
      |                            ^~~~~~~~~~~
/home/ubuntu/kirin970/drivers/devkit/tpkit/panel/focaltech/focaltech_test.c:2070:3: note: in expansion of macro ‘TS_LOG_INFO’
 2070 |   TS_LOG_INFO("%s: open_data_size is %d\n", __func__,test_result->size);
      |   ^~~~~~~~~~~
/home/ubuntu/kirin970/drivers/devkit/tpkit/panel/focaltech/focaltech_test.c: In function ‘focal_set_lcd_noise_data_type’:
/home/ubuntu/kirin970/drivers/devkit/tpkit/panel/focaltech/focaltech_test.c:2328:6: warning: unused variable ‘i’ [-Wunused-variable]
 2328 |  int i = 0;
      |      ^
In file included from /home/ubuntu/kirin970/include/linux/printk.h:6,
                 from /home/ubuntu/kirin970/include/linux/kernel.h:13,
                 from /home/ubuntu/kirin970/drivers/devkit/tpkit/panel/focaltech/focaltech_test.c:1:
/home/ubuntu/kirin970/drivers/devkit/tpkit/panel/focaltech/focaltech_test.c: In function ‘focal_short_circuit_test’:
/home/ubuntu/kirin970/include/linux/kern_levels.h:4:18: warning: format ‘%d’ expects argument of type ‘int’, but argument 3 has type ‘size_t’ {aka ‘long unsigned int’} [-Wformat=]
    4 | #define KERN_SOH "\001"  /* ASCII Start Of Header */
      |                  ^~~~~~
/home/ubuntu/kirin970/include/linux/kern_levels.h:13:19: note: in expansion of macro ‘KERN_SOH’
   13 | #define KERN_INFO KERN_SOH "6" /* informational */
      |                   ^~~~~~~~
/home/ubuntu/kirin970/include/linux/printk.h:290:9: note: in expansion of macro ‘KERN_INFO’
  290 |  printk(KERN_INFO pr_fmt(fmt), ##__VA_ARGS__)
      |         ^~~~~~~~~
/home/ubuntu/kirin970/include/huawei_platform/log/hw_log.h:77:13: note: in expansion of macro ‘pr_info’
   77 |             pr_info(hw_fmt_tag(TAG,I) fmt,##__VA_ARGS__);    \
      |             ^~~~~~~
/home/ubuntu/kirin970/include/huawei_platform/log/hw_log.h:72:9: note: in expansion of macro ‘__hwlog_info’
   72 |         __hwlog_info(TAG,##x)
      |         ^~~~~~~~~~~~
/home/ubuntu/kirin970/drivers/devkit/tpkit/panel/focaltech/../../huawei_ts_kit.h:286:28: note: in expansion of macro ‘_hwlog_info’
  286 | #define TS_LOG_INFO(x...)  _hwlog_info(HWLOG_TAG, ##x)
      |                            ^~~~~~~~~~~
/home/ubuntu/kirin970/drivers/devkit/tpkit/panel/focaltech/focaltech_test.c:2861:4: note: in expansion of macro ‘TS_LOG_INFO’
 2861 |    TS_LOG_INFO("%s: short_data_size is %d\n", __func__,test_result->size);
      |    ^~~~~~~~~~~
/home/ubuntu/kirin970/drivers/devkit/tpkit/panel/focaltech/focaltech_test.c: In function ‘focal_row_column_delta_test’:
/home/ubuntu/kirin970/drivers/devkit/tpkit/panel/focaltech/focaltech_test.c:2938:2: warning: ISO C90 forbids mixed declarations and code [-Wdeclaration-after-statement]
 2938 |  char result_code[FTS_RESULT_CODE_LEN] = {0};
      |  ^~~~
/home/ubuntu/kirin970/drivers/devkit/tpkit/panel/focaltech/focaltech_test.c:3017:1: warning: label ‘test_finish’ defined but not used [-Wunused-label]
 3017 | test_finish:
      | ^~~~~~~~~~~
In file included from /home/ubuntu/kirin970/include/linux/printk.h:6,
                 from /home/ubuntu/kirin970/include/linux/kernel.h:13,
                 from /home/ubuntu/kirin970/drivers/devkit/tpkit/panel/focaltech/focaltech_test.c:1:
/home/ubuntu/kirin970/drivers/devkit/tpkit/panel/focaltech/focaltech_test.c: In function ‘focal_put_test_result_fornewformat’:
/home/ubuntu/kirin970/include/linux/kern_levels.h:4:18: warning: format ‘%d’ expects argument of type ‘int’, but argument 4 has type ‘size_t’ {aka ‘long unsigned int’} [-Wformat=]
    4 | #define KERN_SOH "\001"  /* ASCII Start Of Header */
      |                  ^~~~~~
/home/ubuntu/kirin970/include/linux/kern_levels.h:13:19: note: in expansion of macro ‘KERN_SOH’
   13 | #define KERN_INFO KERN_SOH "6" /* informational */
      |                   ^~~~~~~~
/home/ubuntu/kirin970/include/linux/printk.h:290:9: note: in expansion of macro ‘KERN_INFO’
  290 |  printk(KERN_INFO pr_fmt(fmt), ##__VA_ARGS__)
      |         ^~~~~~~~~
/home/ubuntu/kirin970/include/huawei_platform/log/hw_log.h:77:13: note: in expansion of macro ‘pr_info’
   77 |             pr_info(hw_fmt_tag(TAG,I) fmt,##__VA_ARGS__);    \
      |             ^~~~~~~
/home/ubuntu/kirin970/include/huawei_platform/log/hw_log.h:72:9: note: in expansion of macro ‘__hwlog_info’
   72 |         __hwlog_info(TAG,##x)
      |         ^~~~~~~~~~~~
/home/ubuntu/kirin970/drivers/devkit/tpkit/panel/focaltech/../../huawei_ts_kit.h:291:13: note: in expansion of macro ‘_hwlog_info’
  291 |             _hwlog_info(HWLOG_TAG, ##x); \
      |             ^~~~~~~~~~~
/home/ubuntu/kirin970/drivers/devkit/tpkit/panel/focaltech/focaltech_test.c:3362:3: note: in expansion of macro ‘TS_LOG_DEBUG’
 3362 |   TS_LOG_DEBUG("%s: put data test_name:%s,size :%d\n", __func__,test_results[i]->test_name,test_results[i]->size);
      |   ^~~~~~~~~~~~
/home/ubuntu/kirin970/drivers/devkit/tpkit/panel/focaltech/focaltech_test.c:3290:6: warning: unused variable ‘buff_index’ [-Wunused-variable]
 3290 |  int buff_index = 0;
      |      ^~~~~~~~~~
/home/ubuntu/kirin970/drivers/devkit/tpkit/panel/focaltech/focaltech_test.c:3289:6: warning: unused variable ‘j’ [-Wunused-variable]
 3289 |  int j = 0;
      |      ^
/home/ubuntu/kirin970/drivers/devkit/tpkit/panel/focaltech/focaltech_test.c: In function ‘focal_put_test_result’:
/home/ubuntu/kirin970/drivers/devkit/tpkit/panel/focaltech/focaltech_test.c:3427:2: warning: ‘memset’ used with length equal to number of elements without multiplication by element size [-Wmemset-elt-size]
 3427 |  memset(info->buff, 0, TS_RAWDATA_BUFF_MAX);
      |  ^~~~~~
In file included from /home/ubuntu/kirin970/include/linux/printk.h:6,
                 from /home/ubuntu/kirin970/include/linux/kernel.h:13,
                 from /home/ubuntu/kirin970/drivers/devkit/tpkit/panel/focaltech/focaltech_test.c:1:
/home/ubuntu/kirin970/drivers/devkit/tpkit/panel/focaltech/focaltech_test.c: In function ‘focal_get_debug_data_’:
/home/ubuntu/kirin970/include/linux/kern_levels.h:4:18: warning: format ‘%lu’ expects argument of type ‘long unsigned int’, but argument 3 has type ‘int’ [-Wformat=]
    4 | #define KERN_SOH "\001"  /* ASCII Start Of Header */
      |                  ^~~~~~
/home/ubuntu/kirin970/include/linux/kern_levels.h:10:18: note: in expansion of macro ‘KERN_SOH’
   10 | #define KERN_ERR KERN_SOH "3" /* error conditions */
      |                  ^~~~~~~~
/home/ubuntu/kirin970/include/linux/printk.h:283:9: note: in expansion of macro ‘KERN_ERR’
  283 |  printk(KERN_ERR pr_fmt(fmt), ##__VA_ARGS__)
      |         ^~~~~~~~
/home/ubuntu/kirin970/include/huawei_platform/log/hw_log.h:53:13: note: in expansion of macro ‘pr_err’
   53 |             pr_err(hw_fmt_tag(TAG,E) fmt,##__VA_ARGS__);    \
      |             ^~~~~~
/home/ubuntu/kirin970/include/huawei_platform/log/hw_log.h:48:9: note: in expansion of macro ‘__hwlog_err’
   48 |         __hwlog_err(TAG,##x)
      |         ^~~~~~~~~~~
/home/ubuntu/kirin970/drivers/devkit/tpkit/panel/focaltech/../../huawei_ts_kit.h:287:27: note: in expansion of macro ‘_hwlog_err’
  287 | #define TS_LOG_ERR(x...)  _hwlog_err(HWLOG_TAG, ##x)
      |                           ^~~~~~~~~~
/home/ubuntu/kirin970/drivers/devkit/tpkit/panel/focaltech/focaltech_test.c:3465:3: note: in expansion of macro ‘TS_LOG_ERR’
 3465 |   TS_LOG_ERR("%s:write data type fail, ret=%lu\n", __func__, ret);
      |   ^~~~~~~~~~
/home/ubuntu/kirin970/drivers/devkit/tpkit/panel/focaltech/focaltech_test.c: In function ‘focal_prase_threshold_for_csv’:
/home/ubuntu/kirin970/drivers/devkit/tpkit/panel/focaltech/focaltech_test.c:3557:11: warning: ‘return’ with a value, in function returning void [-Wreturn-type]
 3557 |    return ret;
      |           ^~~
/home/ubuntu/kirin970/drivers/devkit/tpkit/panel/focaltech/focaltech_test.c:3515:6: note: declared here
 3515 | void focal_prase_threshold_for_csv(const char *project_id,
      |      ^~~~~~~~~~~~~~~~~~~~~~~~~~~~~
/home/ubuntu/kirin970/drivers/devkit/tpkit/panel/focaltech/focaltech_test.c:3566:10: warning: ‘return’ with a value, in function returning void [-Wreturn-type]
 3566 |   return ret;
      |          ^~~
/home/ubuntu/kirin970/drivers/devkit/tpkit/panel/focaltech/focaltech_test.c:3515:6: note: declared here
 3515 | void focal_prase_threshold_for_csv(const char *project_id,
      |      ^~~~~~~~~~~~~~~~~~~~~~~~~~~~~
/home/ubuntu/kirin970/drivers/devkit/tpkit/panel/focaltech/focaltech_test.c:3584:11: warning: ‘return’ with a value, in function returning void [-Wreturn-type]
 3584 |    return ret;
      |           ^~~
/home/ubuntu/kirin970/drivers/devkit/tpkit/panel/focaltech/focaltech_test.c:3515:6: note: declared here
 3515 | void focal_prase_threshold_for_csv(const char *project_id,
      |      ^~~~~~~~~~~~~~~~~~~~~~~~~~~~~
/home/ubuntu/kirin970/drivers/devkit/tpkit/panel/focaltech/focaltech_test.c:3616:11: warning: ‘return’ with a value, in function returning void [-Wreturn-type]
 3616 |    return ret;
      |           ^~~
/home/ubuntu/kirin970/drivers/devkit/tpkit/panel/focaltech/focaltech_test.c:3515:6: note: declared here
 3515 | void focal_prase_threshold_for_csv(const char *project_id,
      |      ^~~~~~~~~~~~~~~~~~~~~~~~~~~~~
/home/ubuntu/kirin970/drivers/devkit/tpkit/panel/focaltech/focaltech_test.c:3622:11: warning: ‘return’ with a value, in function returning void [-Wreturn-type]
 3622 |    return ret;
      |           ^~~
/home/ubuntu/kirin970/drivers/devkit/tpkit/panel/focaltech/focaltech_test.c:3515:6: note: declared here
 3515 | void focal_prase_threshold_for_csv(const char *project_id,
      |      ^~~~~~~~~~~~~~~~~~~~~~~~~~~~~
/home/ubuntu/kirin970/drivers/devkit/tpkit/panel/focaltech/focaltech_test.c:3631:10: warning: ‘return’ with a value, in function returning void [-Wreturn-type]
 3631 |   return ret;
      |          ^~~
/home/ubuntu/kirin970/drivers/devkit/tpkit/panel/focaltech/focaltech_test.c:3515:6: note: declared here
 3515 | void focal_prase_threshold_for_csv(const char *project_id,
      |      ^~~~~~~~~~~~~~~~~~~~~~~~~~~~~
/home/ubuntu/kirin970/drivers/devkit/tpkit/panel/focaltech/focaltech_test.c: In function ‘focal_get_raw_dataNewformat’:
/home/ubuntu/kirin970/drivers/devkit/tpkit/panel/focaltech/focaltech_test.c:3794:56: error: ‘infonew’ undeclared (first use in this function); did you mean ‘info’?
 3794 |   ret = focal_init_test_prm_fornewformat(pdata, params,infonew);
      |                                                        ^~~~~~~
      |                                                        info
/home/ubuntu/kirin970/drivers/devkit/tpkit/panel/focaltech/focaltech_test.c:3794:56: note: each undeclared identifier is reported only once for each function it appears in
In file included from /home/ubuntu/kirin970/include/linux/printk.h:6,
                 from /home/ubuntu/kirin970/include/linux/kernel.h:13,
                 from /home/ubuntu/kirin970/drivers/devkit/tpkit/panel/focaltech/focaltech_test.c:1:
/home/ubuntu/kirin970/drivers/devkit/tpkit/panel/focaltech/focaltech_test.c: In function ‘focal_get_debug_data’:
/home/ubuntu/kirin970/include/linux/kern_levels.h:4:18: warning: format ‘%lu’ expects argument of type ‘long unsigned int’, but argument 3 has type ‘int’ [-Wformat=]
    4 | #define KERN_SOH "\001"  /* ASCII Start Of Header */
      |                  ^~~~~~
/home/ubuntu/kirin970/include/linux/kern_levels.h:10:18: note: in expansion of macro ‘KERN_SOH’
   10 | #define KERN_ERR KERN_SOH "3" /* error conditions */
      |                  ^~~~~~~~
/home/ubuntu/kirin970/include/linux/printk.h:283:9: note: in expansion of macro ‘KERN_ERR’
  283 |  printk(KERN_ERR pr_fmt(fmt), ##__VA_ARGS__)
      |         ^~~~~~~~
/home/ubuntu/kirin970/include/huawei_platform/log/hw_log.h:53:13: note: in expansion of macro ‘pr_err’
   53 |             pr_err(hw_fmt_tag(TAG,E) fmt,##__VA_ARGS__);    \
      |             ^~~~~~
/home/ubuntu/kirin970/include/huawei_platform/log/hw_log.h:48:9: note: in expansion of macro ‘__hwlog_err’
   48 |         __hwlog_err(TAG,##x)
      |         ^~~~~~~~~~~
/home/ubuntu/kirin970/drivers/devkit/tpkit/panel/focaltech/../../huawei_ts_kit.h:287:27: note: in expansion of macro ‘_hwlog_err’
  287 | #define TS_LOG_ERR(x...)  _hwlog_err(HWLOG_TAG, ##x)
      |                           ^~~~~~~~~~
/home/ubuntu/kirin970/drivers/devkit/tpkit/panel/focaltech/focaltech_test.c:3932:3: note: in expansion of macro ‘TS_LOG_ERR’
 3932 |   TS_LOG_ERR("%s:disable calibration funtion  failed, ret=%lu\n", __func__, ret);
      |   ^~~~~~~~~~
/home/ubuntu/kirin970/include/linux/kern_levels.h:4:18: warning: format ‘%lu’ expects argument of type ‘long unsigned int’, but argument 3 has type ‘int’ [-Wformat=]
    4 | #define KERN_SOH "\001"  /* ASCII Start Of Header */
      |                  ^~~~~~
/home/ubuntu/kirin970/include/linux/kern_levels.h:10:18: note: in expansion of macro ‘KERN_SOH’
   10 | #define KERN_ERR KERN_SOH "3" /* error conditions */
      |                  ^~~~~~~~
/home/ubuntu/kirin970/include/linux/printk.h:283:9: note: in expansion of macro ‘KERN_ERR’
  283 |  printk(KERN_ERR pr_fmt(fmt), ##__VA_ARGS__)
      |         ^~~~~~~~
/home/ubuntu/kirin970/include/huawei_platform/log/hw_log.h:53:13: note: in expansion of macro ‘pr_err’
   53 |             pr_err(hw_fmt_tag(TAG,E) fmt,##__VA_ARGS__);    \
      |             ^~~~~~
/home/ubuntu/kirin970/include/huawei_platform/log/hw_log.h:48:9: note: in expansion of macro ‘__hwlog_err’
   48 |         __hwlog_err(TAG,##x)
      |         ^~~~~~~~~~~
/home/ubuntu/kirin970/drivers/devkit/tpkit/panel/focaltech/../../huawei_ts_kit.h:287:27: note: in expansion of macro ‘_hwlog_err’
  287 | #define TS_LOG_ERR(x...)  _hwlog_err(HWLOG_TAG, ##x)
      |                           ^~~~~~~~~~
/home/ubuntu/kirin970/drivers/devkit/tpkit/panel/focaltech/focaltech_test.c:3997:3: note: in expansion of macro ‘TS_LOG_ERR’
 3997 |   TS_LOG_ERR("%s:disable calibration funtion  failed, ret=%lu\n", __func__, ret);
      |   ^~~~~~~~~~
make[5]: *** [/home/ubuntu/kirin970/scripts/Makefile.build:356: drivers/devkit/tpkit/panel/focaltech/focaltech_test.o] Error 1
make[5]: *** Waiting for unfinished jobs....
  CC      drivers/devkit/tpkit/panel/st/fts.o
  CC      drivers/devkit/tpkit/panel/st/fts_driver_test.o
In file included from /home/ubuntu/kirin970/drivers/devkit/tpkit/panel/parade/parade.c:18:
/home/ubuntu/kirin970/drivers/devkit/tpkit/panel/parade/parade.h:1322:32: warning: ‘struct parade_oem_data’ declared inside parameter list will not be visible outside of this definition or declaration
 1322 |          int (*suspend)(struct parade_oem_data *parade_oem_data);
      |                                ^~~~~~~~~~~~~~~
/home/ubuntu/kirin970/drivers/devkit/tpkit/panel/parade/parade.h:1323:31: warning: ‘struct parade_oem_data’ declared inside parameter list will not be visible outside of this definition or declaration
 1323 |          int (*resume)(struct parade_oem_data *parade_oem_data);
      |                               ^~~~~~~~~~~~~~~
/home/ubuntu/kirin970/drivers/devkit/tpkit/panel/parade/parade.h:1324:38: warning: ‘struct parade_oem_data’ declared inside parameter list will not be visible outside of this definition or declaration
 1324 |          int (*write_nv_data)(struct parade_oem_data *parade_oem_data, u8 buf[], int offset,int length);
      |                                      ^~~~~~~~~~~~~~~
/home/ubuntu/kirin970/drivers/devkit/tpkit/panel/parade/parade.h:1325:37: warning: ‘struct parade_oem_data’ declared inside parameter list will not be visible outside of this definition or declaration
 1325 |          int (*read_nv_data)(struct parade_oem_data *parade_oem_data, u8 buf[], int offset, int length);
      |                                     ^~~~~~~~~~~~~~~
/home/ubuntu/kirin970/drivers/devkit/tpkit/panel/parade/parade.h:1326:36: warning: ‘struct parade_oem_data’ declared inside parameter list will not be visible outside of this definition or declaration
 1326 |          int (*get_nv_info)(struct parade_oem_data *parade_oem_data);
      |                                    ^~~~~~~~~~~~~~~
/home/ubuntu/kirin970/drivers/devkit/tpkit/panel/parade/parade.h:1328:48: warning: ‘struct parade_oem_data’ declared inside parameter list will not be visible outside of this definition or declaration
 1328 |         int (*hid_send_output_and_wait)(struct parade_oem_data *parade_oem_data, struct parade_hid_output *hid_output);
      |                                                ^~~~~~~~~~~~~~~
In file included from /home/ubuntu/kirin970/drivers/devkit/tpkit/panel/parade/parade.c:26:
/home/ubuntu/kirin970/drivers/devkit/tpkit/panel/parade/../../../lcdkit/lcdkit1.0/include/lcdkit_panel.h:160:48: warning: ‘struct lcdkit_dsi_panel_cmds’ declared inside parameter list will not be visible outside of this definition or declaration
  160 | typedef void (* dcs_level_trans_func_t)(struct lcdkit_dsi_panel_cmds *, int, int);
      |                                                ^~~~~~~~~~~~~~~~~~~~~
/home/ubuntu/kirin970/drivers/devkit/tpkit/panel/parade/../../../lcdkit/lcdkit1.0/include/lcdkit_panel.h:1226:38: warning: ‘struct hisi_fb_data_type’ declared inside parameter list will not be visible outside of this definition or declaration
 1226 |  void (*func)(char *oem_data, struct hisi_fb_data_type *hisifd);
      |                                      ^~~~~~~~~~~~~~~~~
/home/ubuntu/kirin970/drivers/devkit/tpkit/panel/parade/../../../lcdkit/lcdkit1.0/include/lcdkit_panel.h:1250:35: warning: ‘struct hisi_fb_data_type’ declared inside parameter list will not be visible outside of this definition or declaration
 1250 | int lcdkit_rgbw_set_handle(struct hisi_fb_data_type* hisifd);
      |                                   ^~~~~~~~~~~~~~~~~
/home/ubuntu/kirin970/drivers/devkit/tpkit/panel/parade/../../../lcdkit/lcdkit1.0/include/lcdkit_panel.h:1251:34: warning: ‘struct hisi_fb_data_type’ declared inside parameter list will not be visible outside of this definition or declaration
 1251 | int lcdkit_hbm_set_handle(struct hisi_fb_data_type * hisifd);
      |                                  ^~~~~~~~~~~~~~~~~
/home/ubuntu/kirin970/drivers/devkit/tpkit/panel/parade/parade.c: In function ‘parade_oem_write_nv_any_data_’:
/home/ubuntu/kirin970/drivers/devkit/tpkit/panel/parade/parade.c:474:27: warning: unused variable ‘hid_output’ [-Wunused-variable]
  474 |  struct parade_hid_output hid_output = {
      |                           ^~~~~~~~~~
/home/ubuntu/kirin970/drivers/devkit/tpkit/panel/parade/parade.c: In function ‘parade_oem_write_nv_data’:
/home/ubuntu/kirin970/drivers/devkit/tpkit/panel/parade/parade.c:565:2: warning: ISO C90 forbids mixed declarations and code [-Wdeclaration-after-statement]
  565 |  struct parade_hid_output hid_output = {
      |  ^~~~~~
/home/ubuntu/kirin970/drivers/devkit/tpkit/panel/parade/parade.c:565:27: warning: unused variable ‘hid_output’ [-Wunused-variable]
  565 |  struct parade_hid_output hid_output = {
      |                           ^~~~~~~~~~
/home/ubuntu/kirin970/drivers/devkit/tpkit/panel/parade/parade.c:555:6: warning: unused variable ‘response’ [-Wunused-variable]
  555 |  u8 *response = NULL;
      |      ^~~~~~~~
/home/ubuntu/kirin970/drivers/devkit/tpkit/panel/parade/parade.c:552:6: warning: unused variable ‘crc’ [-Wunused-variable]
  552 |  u16 crc;
      |      ^~~
/home/ubuntu/kirin970/drivers/devkit/tpkit/panel/parade/parade.c:551:6: warning: unused variable ‘cmd_offset’ [-Wunused-variable]
  551 |  int cmd_offset = 0;
      |      ^~~~~~~~~~
/home/ubuntu/kirin970/drivers/devkit/tpkit/panel/parade/parade.c:549:5: warning: unused variable ‘row_setting’ [-Wunused-variable]
  549 |  u8 row_setting;
      |     ^~~~~~~~~~~
/home/ubuntu/kirin970/drivers/devkit/tpkit/panel/parade/parade.c:548:5: warning: unused variable ‘flash_size’ [-Wunused-variable]
  548 |  u8 flash_size;
      |     ^~~~~~~~~~
/home/ubuntu/kirin970/drivers/devkit/tpkit/panel/parade/parade.c: In function ‘parade_oem_read_nv_data’:
/home/ubuntu/kirin970/drivers/devkit/tpkit/panel/parade/parade.c:693:35: warning: unused variable ‘hid_output’ [-Wunused-variable]
  693 |          struct parade_hid_output hid_output = {
      |                                   ^~~~~~~~~~
/home/ubuntu/kirin970/drivers/devkit/tpkit/panel/parade/parade.c:689:13: warning: unused variable ‘row_setting’ [-Wunused-variable]
  689 |          u8 row_setting;
      |             ^~~~~~~~~~~
/home/ubuntu/kirin970/drivers/devkit/tpkit/panel/parade/parade.c:687:13: warning: unused variable ‘flash_size’ [-Wunused-variable]
  687 |          u8 flash_size;
      |             ^~~~~~~~~~
/home/ubuntu/kirin970/drivers/devkit/tpkit/panel/parade/parade.c: In function ‘parade_get_nv_info’:
/home/ubuntu/kirin970/drivers/devkit/tpkit/panel/parade/parade.c:767:13: warning: unused variable ‘flash_size’ [-Wunused-variable]
  767 |          u8 flash_size;
      |             ^~~~~~~~~~
/home/ubuntu/kirin970/drivers/devkit/tpkit/panel/parade/parade.c:762:29: warning: unused variable ‘hid_output’ [-Wunused-variable]
  762 |    struct parade_hid_output hid_output = {
      |                             ^~~~~~~~~~
/home/ubuntu/kirin970/drivers/devkit/tpkit/panel/parade/parade.c: In function ‘parade_get_scan_data’:
/home/ubuntu/kirin970/drivers/devkit/tpkit/panel/parade/parade.c:1304:6: warning: unused variable ‘i’ [-Wunused-variable]
 1304 |  int i;
      |      ^
/home/ubuntu/kirin970/drivers/devkit/tpkit/panel/parade/parade.c:1295:20: warning: unused variable ‘cmcp_info’ [-Wunused-variable]
 1295 |  struct cmcp_data *cmcp_info = cd->dad.cmcp_info;
      |                    ^~~~~~~~~
/home/ubuntu/kirin970/drivers/devkit/tpkit/panel/parade/parade.c: At top level:
/home/ubuntu/kirin970/drivers/devkit/tpkit/panel/parade/parade.c:1405:50: warning: ‘struct cyttsp5_core_data’ declared inside parameter list will not be visible outside of this definition or declaration
 1405 | int parade_hid_output_report_rate_switch_(struct cyttsp5_core_data *cd)
      |                                                  ^~~~~~~~~~~~~~~~~
/home/ubuntu/kirin970/drivers/devkit/tpkit/panel/parade/parade.c: In function ‘parade_hid_output_report_rate_switch_’:
/home/ubuntu/kirin970/drivers/devkit/tpkit/panel/parade/parade.c:1412:2: warning: ISO C90 forbids mixed declarations and code [-Wdeclaration-after-statement]
 1412 |  struct parade_hid_output m_hid_output = {
      |  ^~~~~~
/home/ubuntu/kirin970/drivers/devkit/tpkit/panel/parade/parade.c:1412:27: warning: unused variable ‘m_hid_output’ [-Wunused-variable]
 1412 |  struct parade_hid_output m_hid_output = {
      |                           ^~~~~~~~~~~~
/home/ubuntu/kirin970/drivers/devkit/tpkit/panel/parade/parade.c: In function ‘parade_oem_info_switch’:
/home/ubuntu/kirin970/drivers/devkit/tpkit/panel/parade/parade.c:1673:6: warning: unused variable ‘timeout_ms’ [-Wunused-variable]
 1673 |  int timeout_ms = PARADE_WORK_WAIT_TIMEOUT;
      |      ^~~~~~~~~~
/home/ubuntu/kirin970/drivers/devkit/tpkit/panel/parade/parade.c:1672:6: warning: unused variable ‘t’ [-Wunused-variable]
 1672 |  int t = 0;
      |      ^
In file included from /home/ubuntu/kirin970/drivers/devkit/tpkit/panel/parade/../../huawei_ts_kit_algo.h:4,
                 from /home/ubuntu/kirin970/drivers/devkit/tpkit/panel/parade/parade.h:36,
                 from /home/ubuntu/kirin970/drivers/devkit/tpkit/panel/parade/parade.c:18:
/home/ubuntu/kirin970/drivers/devkit/tpkit/panel/parade/parade.c: In function ‘parade_hw_reset’:
/home/ubuntu/kirin970/drivers/devkit/tpkit/panel/parade/../../huawei_ts_kit.h:43:16: warning: ‘return’ with a value, in function returning void [-Wreturn-type]
   43 | #define NO_ERR 0
      |                ^
/home/ubuntu/kirin970/drivers/devkit/tpkit/panel/parade/parade.c:1829:9: note: in expansion of macro ‘NO_ERR’
 1829 |  return NO_ERR;
      |         ^~~~~~
/home/ubuntu/kirin970/drivers/devkit/tpkit/panel/parade/parade.c:1820:13: note: declared here
 1820 | static void parade_hw_reset(void)
      |             ^~~~~~~~~~~~~~~
/home/ubuntu/kirin970/drivers/devkit/tpkit/panel/parade/parade.c: In function ‘parade_get_hid_descriptor_’:
/home/ubuntu/kirin970/drivers/devkit/tpkit/panel/parade/parade.c:1940:2: warning: ISO C90 forbids mixed declarations and code [-Wdeclaration-after-statement]
 1940 |  int t;
      |  ^~~
/home/ubuntu/kirin970/drivers/devkit/tpkit/panel/parade/parade.c:1938:6: warning: unused variable ‘size’ [-Wunused-variable]
 1938 |  int size;
      |      ^~~~
/home/ubuntu/kirin970/drivers/devkit/tpkit/panel/parade/parade.c: In function ‘parade_get_report_descriptor_’:
/home/ubuntu/kirin970/drivers/devkit/tpkit/panel/parade/parade.c:2556:6: warning: unused variable ‘size’ [-Wunused-variable]
 2556 |  int size;
      |      ^~~~
/home/ubuntu/kirin970/drivers/devkit/tpkit/panel/samsung/sec_ts.c: In function ‘sec_ts_set_firmware_name’:
/home/ubuntu/kirin970/drivers/devkit/tpkit/panel/samsung/sec_ts.c:1235:44: warning: argument to ‘sizeof’ in ‘strncpy’ call is the same expression as the source; did you mean to use the size of the destination? [-Wsizeof-pointer-memaccess]
 1235 |  strncpy(fw_name, SEC_TS_STR_FWPATH, sizeof(SEC_TS_STR_FWPATH));
      |                                            ^
/home/ubuntu/kirin970/drivers/devkit/tpkit/panel/samsung/sec_ts.c:1235:10: warning: passing argument 1 of ‘strncpy’ discards ‘const’ qualifier from pointer target type [-Wdiscarded-qualifiers]
 1235 |  strncpy(fw_name, SEC_TS_STR_FWPATH, sizeof(SEC_TS_STR_FWPATH));
      |          ^~~~~~~
In file included from /home/ubuntu/kirin970/arch/arm64/include/asm/processor.h:37,
                 from /home/ubuntu/kirin970/arch/arm64/include/asm/spinlock.h:21,
                 from /home/ubuntu/kirin970/include/linux/spinlock.h:87,
                 from /home/ubuntu/kirin970/include/linux/wait.h:8,
                 from /home/ubuntu/kirin970/include/linux/completion.h:11,
                 from /home/ubuntu/kirin970/drivers/devkit/tpkit/panel/samsung/sec_ts.h:17,
                 from /home/ubuntu/kirin970/drivers/devkit/tpkit/panel/samsung/sec_ts.c:14:
/home/ubuntu/kirin970/include/linux/string.h:24:23: note: expected ‘char *’ but argument is of type ‘const char *’
   24 | extern char * strncpy(char *,const char *, __kernel_size_t);
      |                       ^~~~~~
/home/ubuntu/kirin970/drivers/devkit/tpkit/panel/samsung/sec_ts.c:1238:10: warning: passing argument 1 of ‘strncat’ discards ‘const’ qualifier from pointer target type [-Wdiscarded-qualifiers]
 1238 |  strncat(fw_name, ts->module_name, strlen(ts->module_name));
      |          ^~~~~~~
In file included from /home/ubuntu/kirin970/arch/arm64/include/asm/processor.h:37,
                 from /home/ubuntu/kirin970/arch/arm64/include/asm/spinlock.h:21,
                 from /home/ubuntu/kirin970/include/linux/spinlock.h:87,
                 from /home/ubuntu/kirin970/include/linux/wait.h:8,
                 from /home/ubuntu/kirin970/include/linux/completion.h:11,
                 from /home/ubuntu/kirin970/drivers/devkit/tpkit/panel/samsung/sec_ts.h:17,
                 from /home/ubuntu/kirin970/drivers/devkit/tpkit/panel/samsung/sec_ts.c:14:
/home/ubuntu/kirin970/include/linux/string.h:36:23: note: expected ‘char *’ but argument is of type ‘const char *’
   36 | extern char * strncat(char *, const char *, __kernel_size_t);
      |                       ^~~~~~
/home/ubuntu/kirin970/drivers/devkit/tpkit/panel/samsung/sec_ts.c:1239:48: warning: argument to ‘sizeof’ in ‘strncat’ call is the same expression as the source; did you mean to use the size of the destination? [-Wsizeof-pointer-memaccess]
 1239 |  strncat(fw_name, SEC_TS_STR_UNDERSCORE, sizeof(SEC_TS_STR_UNDERSCORE));
      |                                                ^
/home/ubuntu/kirin970/drivers/devkit/tpkit/panel/samsung/sec_ts.c:1239:10: warning: passing argument 1 of ‘strncat’ discards ‘const’ qualifier from pointer target type [-Wdiscarded-qualifiers]
 1239 |  strncat(fw_name, SEC_TS_STR_UNDERSCORE, sizeof(SEC_TS_STR_UNDERSCORE));
      |          ^~~~~~~
In file included from /home/ubuntu/kirin970/arch/arm64/include/asm/processor.h:37,
                 from /home/ubuntu/kirin970/arch/arm64/include/asm/spinlock.h:21,
                 from /home/ubuntu/kirin970/include/linux/spinlock.h:87,
                 from /home/ubuntu/kirin970/include/linux/wait.h:8,
                 from /home/ubuntu/kirin970/include/linux/completion.h:11,
                 from /home/ubuntu/kirin970/drivers/devkit/tpkit/panel/samsung/sec_ts.h:17,
                 from /home/ubuntu/kirin970/drivers/devkit/tpkit/panel/samsung/sec_ts.c:14:
/home/ubuntu/kirin970/include/linux/string.h:36:23: note: expected ‘char *’ but argument is of type ‘const char *’
   36 | extern char * strncat(char *, const char *, __kernel_size_t);
      |                       ^~~~~~
/home/ubuntu/kirin970/drivers/devkit/tpkit/panel/samsung/sec_ts.c:1240:10: warning: passing argument 1 of ‘strncat’ discards ‘const’ qualifier from pointer target type [-Wdiscarded-qualifiers]
 1240 |  strncat(fw_name, SEC_TS_VENDOR_NAME, sizeof(SEC_TS_VENDOR_NAME));
      |          ^~~~~~~
In file included from /home/ubuntu/kirin970/arch/arm64/include/asm/processor.h:37,
                 from /home/ubuntu/kirin970/arch/arm64/include/asm/spinlock.h:21,
                 from /home/ubuntu/kirin970/include/linux/spinlock.h:87,
                 from /home/ubuntu/kirin970/include/linux/wait.h:8,
                 from /home/ubuntu/kirin970/include/linux/completion.h:11,
                 from /home/ubuntu/kirin970/drivers/devkit/tpkit/panel/samsung/sec_ts.h:17,
                 from /home/ubuntu/kirin970/drivers/devkit/tpkit/panel/samsung/sec_ts.c:14:
/home/ubuntu/kirin970/include/linux/string.h:36:23: note: expected ‘char *’ but argument is of type ‘const char *’
   36 | extern char * strncat(char *, const char *, __kernel_size_t);
      |                       ^~~~~~
/home/ubuntu/kirin970/drivers/devkit/tpkit/panel/samsung/sec_ts.c:1241:41: warning: argument to ‘sizeof’ in ‘strncat’ call is the same expression as the source; did you mean to use the size of the destination? [-Wsizeof-pointer-memaccess]
 1241 |  strncat(fw_name, ts->project_id, sizeof(ts->project_id));
      |                                         ^
/home/ubuntu/kirin970/drivers/devkit/tpkit/panel/samsung/sec_ts.c:1241:10: warning: passing argument 1 of ‘strncat’ discards ‘const’ qualifier from pointer target type [-Wdiscarded-qualifiers]
 1241 |  strncat(fw_name, ts->project_id, sizeof(ts->project_id));
      |          ^~~~~~~
In file included from /home/ubuntu/kirin970/arch/arm64/include/asm/processor.h:37,
                 from /home/ubuntu/kirin970/arch/arm64/include/asm/spinlock.h:21,
                 from /home/ubuntu/kirin970/include/linux/spinlock.h:87,
                 from /home/ubuntu/kirin970/include/linux/wait.h:8,
                 from /home/ubuntu/kirin970/include/linux/completion.h:11,
                 from /home/ubuntu/kirin970/drivers/devkit/tpkit/panel/samsung/sec_ts.h:17,
                 from /home/ubuntu/kirin970/drivers/devkit/tpkit/panel/samsung/sec_ts.c:14:
/home/ubuntu/kirin970/include/linux/string.h:36:23: note: expected ‘char *’ but argument is of type ‘const char *’
   36 | extern char * strncat(char *, const char *, __kernel_size_t);
      |                       ^~~~~~
/home/ubuntu/kirin970/drivers/devkit/tpkit/panel/samsung/sec_ts.c:1242:44: warning: argument to ‘sizeof’ in ‘strncat’ call is the same expression as the source; did you mean to use the size of the destination? [-Wsizeof-pointer-memaccess]
 1242 |  strncat(fw_name, SEC_TS_STR_FWTYPE, sizeof(SEC_TS_STR_FWTYPE));
      |                                            ^
/home/ubuntu/kirin970/drivers/devkit/tpkit/panel/samsung/sec_ts.c:1242:10: warning: passing argument 1 of ‘strncat’ discards ‘const’ qualifier from pointer target type [-Wdiscarded-qualifiers]
 1242 |  strncat(fw_name, SEC_TS_STR_FWTYPE, sizeof(SEC_TS_STR_FWTYPE));
      |          ^~~~~~~
In file included from /home/ubuntu/kirin970/arch/arm64/include/asm/processor.h:37,
                 from /home/ubuntu/kirin970/arch/arm64/include/asm/spinlock.h:21,
                 from /home/ubuntu/kirin970/include/linux/spinlock.h:87,
                 from /home/ubuntu/kirin970/include/linux/wait.h:8,
                 from /home/ubuntu/kirin970/include/linux/completion.h:11,
                 from /home/ubuntu/kirin970/drivers/devkit/tpkit/panel/samsung/sec_ts.h:17,
                 from /home/ubuntu/kirin970/drivers/devkit/tpkit/panel/samsung/sec_ts.c:14:
/home/ubuntu/kirin970/include/linux/string.h:36:23: note: expected ‘char *’ but argument is of type ‘const char *’
   36 | extern char * strncat(char *, const char *, __kernel_size_t);
      |                       ^~~~~~
/home/ubuntu/kirin970/drivers/devkit/tpkit/panel/samsung/sec_ts.c: In function ‘sec_ts_parse_default_projectid’:
/home/ubuntu/kirin970/drivers/devkit/tpkit/panel/samsung/sec_ts.c:1347:6: warning: unused variable ‘read_val’ [-Wunused-variable]
 1347 |  int read_val = 0;
      |      ^~~~~~~~
/home/ubuntu/kirin970/drivers/devkit/tpkit/panel/parade/parade.c: In function ‘parade_status_resume_work_fn’:
/home/ubuntu/kirin970/drivers/devkit/tpkit/panel/parade/parade.c:3871:9: warning: ‘return’ with a value, in function returning void [-Wreturn-type]
 3871 |  return retval;
      |         ^~~~~~
/home/ubuntu/kirin970/drivers/devkit/tpkit/panel/parade/parade.c:3817:13: note: declared here
 3817 | static void parade_status_resume_work_fn(struct work_struct *work)
      |             ^~~~~~~~~~~~~~~~~~~~~~~~~~~~
/home/ubuntu/kirin970/drivers/devkit/tpkit/panel/parade/parade.c: In function ‘parade_get_ram_parameter’:
/home/ubuntu/kirin970/drivers/devkit/tpkit/panel/parade/parade.c:3911:41: warning: suggest parentheses around ‘+’ inside ‘<<’ [-Wparentheses]
 3911 |    *parameter_out = cd->response_buf[7] + ((int)(cd->response_buf[8]))<<8;
      |                     ~~~~~~~~~~~~~~~~~~~~^~~~~~~~~~~~~~~~~~~~~~~~~~~~~~
/home/ubuntu/kirin970/drivers/devkit/tpkit/panel/parade/parade.c:3914:41: warning: suggest parentheses around ‘+’ inside ‘<<’ [-Wparentheses]
 3914 |    *parameter_out = cd->response_buf[7] + ((int)(cd->response_buf[8]))<<8
      |                     ~~~~~~~~~~~~~~~~~~~~^~~~~~~~~~~~~~~~~~~~~~~~~~~~~~
/home/ubuntu/kirin970/drivers/devkit/tpkit/panel/parade/parade.c:3915:40: warning: suggest parentheses around ‘+’ inside ‘<<’ [-Wparentheses]
 3915 |     + ((int)(cd->response_buf[9]))<<16 + ((int)(cd->response_buf[10]))<<24;
      |                                     ~~~^~~~~~~~~~~~~~~~~~~~~~~~~~~~~~~
/home/ubuntu/kirin970/drivers/devkit/tpkit/panel/parade/parade.c:3892:5: warning: unused variable ‘ret’ [-Wunused-variable]
 3892 |  u8 ret;
      |     ^~~
/home/ubuntu/kirin970/drivers/devkit/tpkit/panel/parade/parade.c: In function ‘parade_get_calibration_data’:
/home/ubuntu/kirin970/drivers/devkit/tpkit/panel/parade/parade.c:4176:2: warning: ISO C90 forbids mixed declarations and code [-Wdeclaration-after-statement]
 4176 |  struct parade_hid_output hid_output = {
      |  ^~~~~~
/home/ubuntu/kirin970/drivers/devkit/tpkit/panel/parade/parade.c: In function ‘parade_roi_switch’:
/home/ubuntu/kirin970/drivers/devkit/tpkit/panel/parade/parade.c:4315:6: warning: unused variable ‘timeout_ms’ [-Wunused-variable]
 4315 |  int timeout_ms = PARADE_WORK_WAIT_TIMEOUT;
      |      ^~~~~~~~~~
/home/ubuntu/kirin970/drivers/devkit/tpkit/panel/parade/parade.c:4314:6: warning: unused variable ‘t’ [-Wunused-variable]
 4314 |  int t = 0;
      |      ^
/home/ubuntu/kirin970/drivers/devkit/tpkit/panel/parade/parade.c: In function ‘parade_chip_touch_switch’:
/home/ubuntu/kirin970/drivers/devkit/tpkit/panel/parade/parade.c:4364:6: warning: unused variable ‘error’ [-Wunused-variable]
 4364 |  int error = 0;
      |      ^~~~~
/home/ubuntu/kirin970/drivers/devkit/tpkit/panel/parade/parade.c:4363:6: warning: unused variable ‘len’ [-Wunused-variable]
 4363 |  int len = 0;
      |      ^~~
/home/ubuntu/kirin970/drivers/devkit/tpkit/panel/parade/parade.c:4361:27: warning: unused variable ‘ptr_end’ [-Wunused-variable]
 4361 |  char *ptr_begin = NULL, *ptr_end = NULL;
      |                           ^~~~~~~
/home/ubuntu/kirin970/drivers/devkit/tpkit/panel/parade/parade.c:4361:8: warning: unused variable ‘ptr_begin’ [-Wunused-variable]
 4361 |  char *ptr_begin = NULL, *ptr_end = NULL;
      |        ^~~~~~~~~
/home/ubuntu/kirin970/drivers/devkit/tpkit/panel/parade/parade.c:4360:16: warning: unused variable ‘value’ [-Wunused-variable]
 4360 |  unsigned char value = 0;
      |                ^~~~~
/home/ubuntu/kirin970/drivers/devkit/tpkit/panel/parade/parade.c: In function ‘parade_calibrate_child’:
/home/ubuntu/kirin970/drivers/devkit/tpkit/panel/parade/parade.c:4455:6: warning: unused variable ‘timeout_ms’ [-Wunused-variable]
 4455 |  int timeout_ms = PARADE_WORK_WAIT_TIMEOUT;
      |      ^~~~~~~~~~
/home/ubuntu/kirin970/drivers/devkit/tpkit/panel/parade/parade.c:4454:6: warning: unused variable ‘t’ [-Wunused-variable]
 4454 |  int t = 0;
      |      ^
/home/ubuntu/kirin970/drivers/devkit/tpkit/panel/parade/parade.c: In function ‘parade_hid_output_get_sysinfo_’:
/home/ubuntu/kirin970/drivers/devkit/tpkit/panel/parade/parade.c:4530:6: warning: unused variable ‘size’ [-Wunused-variable]
 4530 |  int size;
      |      ^~~~
/home/ubuntu/kirin970/drivers/devkit/tpkit/panel/parade/parade.c: In function ‘parade_hid_output_suspend_scanning_’:
/home/ubuntu/kirin970/drivers/devkit/tpkit/panel/parade/parade.c:4607:2: warning: ISO C90 forbids mixed declarations and code [-Wdeclaration-after-statement]
 4607 |  struct parade_hid_output hid_output = {
      |  ^~~~~~
/home/ubuntu/kirin970/drivers/devkit/tpkit/panel/parade/parade.c: In function ‘parade_hid_output_resume_scanning_’:
/home/ubuntu/kirin970/drivers/devkit/tpkit/panel/parade/parade.c:4636:2: warning: ISO C90 forbids mixed declarations and code [-Wdeclaration-after-statement]
 4636 |  struct parade_hid_output hid_output = {
      |  ^~~~~~
/home/ubuntu/kirin970/drivers/devkit/tpkit/panel/parade/parade.c: In function ‘parade_doze_store’:
/home/ubuntu/kirin970/drivers/devkit/tpkit/panel/parade/parade.c:4718:27: warning: unused variable ‘cd’ [-Wunused-variable]
 4718 |  struct parade_core_data *cd = tskit_parade_data;
      |                           ^~
/home/ubuntu/kirin970/drivers/devkit/tpkit/panel/parade/parade.c: At top level:
/home/ubuntu/kirin970/drivers/devkit/tpkit/panel/parade/parade.c:5271:43: warning: ‘struct cyttsp5_core_data’ declared inside parameter list will not be visible outside of this definition or declaration
 5271 | static int parade_hid_output_null_(struct cyttsp5_core_data *cd)
      |                                           ^~~~~~~~~~~~~~~~~
/home/ubuntu/kirin970/drivers/devkit/tpkit/panel/parade/parade.c: In function ‘parade_hid_output_null_’:
/home/ubuntu/kirin970/drivers/devkit/tpkit/panel/samsung/sec_ts.c: In function ‘sec_ts_start_device’:
/home/ubuntu/kirin970/drivers/devkit/tpkit/panel/parade/parade.c:5273:27: warning: unused variable ‘hid_output’ [-Wunused-variable]
 5273 |  struct parade_hid_output hid_output = {
      |                           ^~~~~~~~~~
/home/ubuntu/kirin970/drivers/devkit/tpkit/panel/samsung/sec_ts.c:3274:6: warning: unused variable ‘ret’ [-Wunused-variable]
 3274 |  int ret;
      |      ^~~
/home/ubuntu/kirin970/drivers/devkit/tpkit/panel/samsung/sec_ts.c: In function ‘sec_ts_irq_bottom_half’:
/home/ubuntu/kirin970/drivers/devkit/tpkit/panel/parade/parade.c:5278:1: warning: no return statement in function returning non-void [-Wreturn-type]
 5278 | }
      | ^
/home/ubuntu/kirin970/drivers/devkit/tpkit/panel/samsung/sec_ts.c:3310:6: warning: unused variable ‘ret’ [-Wunused-variable]
 3310 |  int ret;
      |      ^~~
/home/ubuntu/kirin970/drivers/devkit/tpkit/panel/parade/parade.c: In function ‘parade_watchdog_work_check’:
/home/ubuntu/kirin970/drivers/devkit/tpkit/panel/parade/parade.c:5281:27: warning: unused variable ‘cd’ [-Wunused-variable]
 5281 |  struct parade_core_data *cd = tskit_parade_data;
      |                           ^~
In file included from /home/ubuntu/kirin970/include/linux/printk.h:6,
                 from /home/ubuntu/kirin970/include/linux/kernel.h:13,
                 from /home/ubuntu/kirin970/drivers/devkit/tpkit/panel/parade/parade.c:1:
/home/ubuntu/kirin970/drivers/devkit/tpkit/panel/parade/parade.c: In function ‘parade_parse_after_resume’:
/home/ubuntu/kirin970/include/linux/kern_levels.h:4:18: warning: format ‘%s’ expects a matching ‘char *’ argument [-Wformat=]
    4 | #define KERN_SOH "\001"  /* ASCII Start Of Header */
      |                  ^~~~~~
/home/ubuntu/kirin970/include/linux/kern_levels.h:10:18: note: in expansion of macro ‘KERN_SOH’
   10 | #define KERN_ERR KERN_SOH "3" /* error conditions */
      |                  ^~~~~~~~
/home/ubuntu/kirin970/include/linux/printk.h:283:9: note: in expansion of macro ‘KERN_ERR’
  283 |  printk(KERN_ERR pr_fmt(fmt), ##__VA_ARGS__)
      |         ^~~~~~~~
/home/ubuntu/kirin970/include/huawei_platform/log/hw_log.h:53:13: note: in expansion of macro ‘pr_err’
   53 |             pr_err(hw_fmt_tag(TAG,E) fmt,##__VA_ARGS__);    \
      |             ^~~~~~
/home/ubuntu/kirin970/include/huawei_platform/log/hw_log.h:48:9: note: in expansion of macro ‘__hwlog_err’
   48 |         __hwlog_err(TAG,##x)
      |         ^~~~~~~~~~~
/home/ubuntu/kirin970/drivers/devkit/tpkit/panel/parade/../../huawei_ts_kit.h:287:27: note: in expansion of macro ‘_hwlog_err’
  287 | #define TS_LOG_ERR(x...)  _hwlog_err(HWLOG_TAG, ##x)
      |                           ^~~~~~~~~~
/home/ubuntu/kirin970/drivers/devkit/tpkit/panel/parade/parade.c:5842:3: note: in expansion of macro ‘TS_LOG_ERR’
 5842 |   TS_LOG_ERR("%s: param null, err\n");
      |   ^~~~~~~~~~
/home/ubuntu/kirin970/drivers/devkit/tpkit/panel/parade/parade.c: In function ‘parade_parse_calibrate’:
/home/ubuntu/kirin970/include/linux/kern_levels.h:4:18: warning: format ‘%s’ expects a matching ‘char *’ argument [-Wformat=]
    4 | #define KERN_SOH "\001"  /* ASCII Start Of Header */
      |                  ^~~~~~
/home/ubuntu/kirin970/include/linux/kern_levels.h:10:18: note: in expansion of macro ‘KERN_SOH’
   10 | #define KERN_ERR KERN_SOH "3" /* error conditions */
      |                  ^~~~~~~~
/home/ubuntu/kirin970/include/linux/printk.h:283:9: note: in expansion of macro ‘KERN_ERR’
  283 |  printk(KERN_ERR pr_fmt(fmt), ##__VA_ARGS__)
      |         ^~~~~~~~
/home/ubuntu/kirin970/include/huawei_platform/log/hw_log.h:53:13: note: in expansion of macro ‘pr_err’
   53 |             pr_err(hw_fmt_tag(TAG,E) fmt,##__VA_ARGS__);    \
      |             ^~~~~~
/home/ubuntu/kirin970/include/huawei_platform/log/hw_log.h:48:9: note: in expansion of macro ‘__hwlog_err’
   48 |         __hwlog_err(TAG,##x)
      |         ^~~~~~~~~~~
/home/ubuntu/kirin970/drivers/devkit/tpkit/panel/parade/../../huawei_ts_kit.h:287:27: note: in expansion of macro ‘_hwlog_err’
  287 | #define TS_LOG_ERR(x...)  _hwlog_err(HWLOG_TAG, ##x)
      |                           ^~~~~~~~~~
/home/ubuntu/kirin970/drivers/devkit/tpkit/panel/parade/parade.c:5856:3: note: in expansion of macro ‘TS_LOG_ERR’
 5856 |   TS_LOG_ERR("%s: param null, err\n");
      |   ^~~~~~~~~~
/home/ubuntu/kirin970/drivers/devkit/tpkit/panel/parade/parade.c: In function ‘parse_before_suspend_flag’:
/home/ubuntu/kirin970/include/linux/kern_levels.h:4:18: warning: format ‘%s’ expects a matching ‘char *’ argument [-Wformat=]
    4 | #define KERN_SOH "\001"  /* ASCII Start Of Header */
      |                  ^~~~~~
/home/ubuntu/kirin970/include/linux/kern_levels.h:10:18: note: in expansion of macro ‘KERN_SOH’
   10 | #define KERN_ERR KERN_SOH "3" /* error conditions */
      |                  ^~~~~~~~
/home/ubuntu/kirin970/include/linux/printk.h:283:9: note: in expansion of macro ‘KERN_ERR’
  283 |  printk(KERN_ERR pr_fmt(fmt), ##__VA_ARGS__)
      |         ^~~~~~~~
/home/ubuntu/kirin970/include/huawei_platform/log/hw_log.h:53:13: note: in expansion of macro ‘pr_err’
   53 |             pr_err(hw_fmt_tag(TAG,E) fmt,##__VA_ARGS__);    \
      |             ^~~~~~
/home/ubuntu/kirin970/include/huawei_platform/log/hw_log.h:48:9: note: in expansion of macro ‘__hwlog_err’
   48 |         __hwlog_err(TAG,##x)
      |         ^~~~~~~~~~~
/home/ubuntu/kirin970/drivers/devkit/tpkit/panel/parade/../../huawei_ts_kit.h:287:27: note: in expansion of macro ‘_hwlog_err’
  287 | #define TS_LOG_ERR(x...)  _hwlog_err(HWLOG_TAG, ##x)
      |                           ^~~~~~~~~~
/home/ubuntu/kirin970/drivers/devkit/tpkit/panel/parade/parade.c:5870:3: note: in expansion of macro ‘TS_LOG_ERR’
 5870 |   TS_LOG_ERR("%s: param null, err\n");
      |   ^~~~~~~~~~
/home/ubuntu/kirin970/drivers/devkit/tpkit/panel/parade/parade.c: In function ‘hw_get_dts_value’:
/home/ubuntu/kirin970/drivers/devkit/tpkit/panel/parade/parade.c:5928:2: warning: ISO C90 forbids mixed declarations and code [-Wdeclaration-after-statement]
 5928 |  int retval = NO_ERR;
      |  ^~~
/home/ubuntu/kirin970/drivers/devkit/tpkit/panel/parade/parade.c: In function ‘parade_parse_dts’:
/home/ubuntu/kirin970/drivers/devkit/tpkit/panel/parade/parade.c:6041:2: warning: ISO C90 forbids mixed declarations and code [-Wdeclaration-after-statement]
 6041 |  int retval = NO_ERR;
      |  ^~~
/home/ubuntu/kirin970/drivers/devkit/tpkit/panel/parade/parade.c:6535:2: warning: ISO C90 forbids mixed declarations and code [-Wdeclaration-after-statement]
 6535 |  char *tmp_buff = NULL;
      |  ^~~~
/home/ubuntu/kirin970/drivers/devkit/tpkit/panel/parade/parade.c: In function ‘parade_double_tap_event’:
/home/ubuntu/kirin970/drivers/devkit/tpkit/panel/parade/parade.c:7063:2: warning: ‘memset’ used with length equal to number of elements without multiplication by element size [-Wmemset-elt-size]
 7063 |  memset(g_ts_kit_platform_data.chip_data->easy_wakeup_info.easywake_position,
      |  ^~~~~~
/home/ubuntu/kirin970/drivers/devkit/tpkit/panel/parade/parade.c: In function ‘parade_wakeup_host’:
/home/ubuntu/kirin970/drivers/devkit/tpkit/panel/parade/parade.c:7081:6: warning: unused variable ‘rc’ [-Wunused-variable]
 7081 |  int rc = 0;
      |      ^~
/home/ubuntu/kirin970/drivers/devkit/tpkit/panel/parade/parade.c: In function ‘parse_touch_input’:
/home/ubuntu/kirin970/drivers/devkit/tpkit/panel/parade/parade.c:7136:8: warning: unused variable ‘j’ [-Wunused-variable]
 7136 |  int i,j;
      |        ^
/home/ubuntu/kirin970/drivers/devkit/tpkit/panel/parade/parade.c:7136:6: warning: unused variable ‘i’ [-Wunused-variable]
 7136 |  int i,j;
      |      ^
/home/ubuntu/kirin970/drivers/devkit/tpkit/panel/samsung/sec_ts.c: In function ‘sec_ts_chip_detect’:
/home/ubuntu/kirin970/drivers/devkit/tpkit/panel/samsung/sec_ts.c:2123:3: warning: ‘strncpy’ output truncated before terminating nul copying 6 bytes from a string of the same length [-Wstringop-truncation]
 2123 |   strncpy(ts->chip_data->chip_name, SEC_TS_I2C_NAME,
      |   ^~~~~~~~~~~~~~~~~~~~~~~~~~~~~~~~~~~~~~~~~~~~~~~~~~
 2124 |    (MAX_STR_LEN > strlen(SEC_TS_I2C_NAME)) ?
      |    ~~~~~~~~~~~~~~~~~~~~~~~~~~~~~~~~~~~~~~~~~
 2125 |     strlen(SEC_TS_I2C_NAME):(MAX_STR_LEN - 1));
      |     ~~~~~~~~~~~~~~~~~~~~~~~~~~~~~~~~~~~~~~~~~~
/home/ubuntu/kirin970/drivers/devkit/tpkit/panel/parade/parade.c: In function ‘parade_initiate_bl_’:
/home/ubuntu/kirin970/drivers/devkit/tpkit/panel/parade/parade.c:7512:2: warning: ISO C90 forbids mixed declarations and code [-Wdeclaration-after-statement]
 7512 |  struct parade_hid_output hid_output = {
      |  ^~~~~~
At top level:
/home/ubuntu/kirin970/drivers/devkit/tpkit/panel/samsung/sec_ts.c:3222:12: warning: ‘sec_ts_remove’ defined but not used [-Wunused-function]
 3222 | static int sec_ts_remove(void)
      |            ^~~~~~~~~~~~~
/home/ubuntu/kirin970/drivers/devkit/tpkit/panel/parade/parade.c: In function ‘cyttsp5_upgrade_firmware’:
/home/ubuntu/kirin970/drivers/devkit/tpkit/panel/parade/parade.c:7795:1: warning: label ‘exit’ defined but not used [-Wunused-label]
 7795 | exit:
      | ^~~~
/home/ubuntu/kirin970/drivers/devkit/tpkit/panel/parade/parade.c: In function ‘parade_fw_update_boot’:
/home/ubuntu/kirin970/drivers/devkit/tpkit/panel/parade/parade.c:8034:6: warning: unused variable ‘timeout_ms’ [-Wunused-variable]
 8034 |  int timeout_ms = PARADE_WORK_WAIT_TIMEOUT;
      |      ^~~~~~~~~~
/home/ubuntu/kirin970/drivers/devkit/tpkit/panel/parade/parade.c:8032:6: warning: unused variable ‘t’ [-Wunused-variable]
 8032 |  int t = 0;
      |      ^
/home/ubuntu/kirin970/drivers/devkit/tpkit/panel/parade/parade.c: In function ‘cmcp_test_case_field_init’:
/home/ubuntu/kirin970/drivers/devkit/tpkit/panel/parade/parade.c:8722:2: warning: ISO C90 forbids mixed declarations and code [-Wdeclaration-after-statement]
 8722 |  u32 CmRangeLimitType = TEST_CASE_TYPE_ONE;
      |  ^~~
/home/ubuntu/kirin970/drivers/devkit/tpkit/panel/parade/parade.c:8732:2: warning: ISO C90 forbids mixed declarations and code [-Wdeclaration-after-statement]
 8732 |  struct test_case_field test_case_field_array[MAX_CASE_NUM] = {
      |  ^~~~~~
/home/ubuntu/kirin970/drivers/devkit/tpkit/panel/parade/parade.c: In function ‘cmcp_get_case_info_from_threshold_file’:
/home/ubuntu/kirin970/drivers/devkit/tpkit/panel/parade/parade.c:8835:19: warning: initialization discards ‘const’ qualifier from pointer target type [-Wdiscarded-qualifiers]
 8835 |  char *pFileEnd = buf + file_size;
      |                   ^~~
/home/ubuntu/kirin970/drivers/devkit/tpkit/panel/parade/parade.c: In function ‘parade_device_access_probe’:
/home/ubuntu/kirin970/drivers/devkit/tpkit/panel/parade/parade.c:9975:2: warning: ISO C90 forbids mixed declarations and code [-Wdeclaration-after-statement]
 9975 |  struct test_case_field *test_case_field_array;
      |  ^~~~~~
/home/ubuntu/kirin970/drivers/devkit/tpkit/panel/parade/parade.c: In function ‘parade_chip_get_info’:
/home/ubuntu/kirin970/drivers/devkit/tpkit/panel/parade/parade.c:10206:6: warning: unused variable ‘timeout_ms’ [-Wunused-variable]
10206 |  int timeout_ms = PARADE_WORK_WAIT_TIMEOUT;
      |      ^~~~~~~~~~
/home/ubuntu/kirin970/drivers/devkit/tpkit/panel/parade/parade.c:10205:6: warning: unused variable ‘t’ [-Wunused-variable]
10205 |  int t = 0;
      |      ^
/home/ubuntu/kirin970/drivers/devkit/tpkit/panel/parade/parade.c: In function ‘parade_get_rawdata’:
/home/ubuntu/kirin970/drivers/devkit/tpkit/panel/parade/parade.c:10258:2: warning: ISO C90 forbids mixed declarations and code [-Wdeclaration-after-statement]
10258 |  struct parade_core_data *cd = tskit_parade_data;
      |  ^~~~~~
/home/ubuntu/kirin970/drivers/devkit/tpkit/panel/parade/parade.c:10274:6: warning: unused variable ‘size’ [-Wunused-variable]
10274 |  u16 size;
      |      ^~~~
/home/ubuntu/kirin970/drivers/devkit/tpkit/panel/parade/parade.c:10272:6: warning: unused variable ‘timeout_ms’ [-Wunused-variable]
10272 |  int timeout_ms = PARADE_WORK_WAIT_TIMEOUT;
      |      ^~~~~~~~~~
/home/ubuntu/kirin970/drivers/devkit/tpkit/panel/parade/parade.c:10271:6: warning: unused variable ‘t’ [-Wunused-variable]
10271 |  int t = 0;
      |      ^
/home/ubuntu/kirin970/drivers/devkit/tpkit/panel/parade/parade.c: In function ‘parade_fw_update_sd’:
/home/ubuntu/kirin970/drivers/devkit/tpkit/panel/parade/parade.c:10969:1: warning: label ‘out’ defined but not used [-Wunused-label]
10969 | out:
      | ^~~
/home/ubuntu/kirin970/drivers/devkit/tpkit/panel/parade/parade.c:10929:6: warning: unused variable ‘timeout_ms’ [-Wunused-variable]
10929 |  int timeout_ms = PARADE_WORK_WAIT_TIMEOUT;
      |      ^~~~~~~~~~
/home/ubuntu/kirin970/drivers/devkit/tpkit/panel/parade/parade.c:10928:6: warning: unused variable ‘t’ [-Wunused-variable]
10928 |  int t = 0;
      |      ^
/home/ubuntu/kirin970/drivers/devkit/tpkit/panel/st/fts_driver_test.c: In function ‘stm_driver_test_show’:
/home/ubuntu/kirin970/drivers/devkit/tpkit/panel/st/fts_driver_test.c:130:6: warning: unused variable ‘config_id’ [-Wunused-variable]
  130 |  u16 config_id;
      |      ^~~~~~~~~
/home/ubuntu/kirin970/drivers/devkit/tpkit/panel/st/fts_driver_test.c:129:6: warning: unused variable ‘fw_version’ [-Wunused-variable]
  129 |  u16 fw_version;
      |      ^~~~~~~~~~
/home/ubuntu/kirin970/drivers/devkit/tpkit/panel/st/fts_driver_test.c:118:6: warning: unused variable ‘cmd’ [-Wunused-variable]
  118 |  u8 *cmd = NULL;
      |      ^~~
/home/ubuntu/kirin970/drivers/devkit/tpkit/panel/st/fts_driver_test.c:115:15: warning: unused variable ‘byteToRead’ [-Wunused-variable]
  115 |  int temp, i, byteToRead;
      |               ^~~~~~~~~~
/home/ubuntu/kirin970/drivers/devkit/tpkit/panel/st/fts_driver_test.c:115:12: warning: unused variable ‘i’ [-Wunused-variable]
  115 |  int temp, i, byteToRead;
      |            ^
/home/ubuntu/kirin970/drivers/devkit/tpkit/panel/st/fts_driver_test.c:115:6: warning: unused variable ‘temp’ [-Wunused-variable]
  115 |  int temp, i, byteToRead;
      |      ^~~~
/home/ubuntu/kirin970/drivers/devkit/tpkit/panel/parade/parade.c: In function ‘parade_get_rawdata’:
/home/ubuntu/kirin970/drivers/devkit/tpkit/panel/parade/parade.c:10302:3: warning: ‘strncat’ specified bound 3 equals source length [-Wstringop-overflow=]
10302 |   strncat(buf_parademmitest_result, "0F-",strlen("0F-"));
      |   ^~~~~~~~~~~~~~~~~~~~~~~~~~~~~~~~~~~~~~~~~~~~~~~~~~~~~~
/home/ubuntu/kirin970/drivers/devkit/tpkit/panel/parade/parade.c:10313:3: warning: ‘strncat’ specified bound 3 equals source length [-Wstringop-overflow=]
10313 |   strncat(buf_parademmitest_result, "3F-",strlen("1F-"));
      |   ^~~~~~~~~~~~~~~~~~~~~~~~~~~~~~~~~~~~~~~~~~~~~~~~~~~~~~
/home/ubuntu/kirin970/drivers/devkit/tpkit/panel/parade/parade.c:10321:3: warning: ‘strncat’ specified bound 3 equals source length [-Wstringop-overflow=]
10321 |   strncat(buf_parademmitest_result, "1F-",strlen("1F-"));
      |   ^~~~~~~~~~~~~~~~~~~~~~~~~~~~~~~~~~~~~~~~~~~~~~~~~~~~~~
/home/ubuntu/kirin970/drivers/devkit/tpkit/panel/parade/parade.c:10330:3: warning: ‘strncat’ specified bound 3 equals source length [-Wstringop-overflow=]
10330 |   strncat(buf_parademmitest_result, "1F-",strlen("1F-"));
      |   ^~~~~~~~~~~~~~~~~~~~~~~~~~~~~~~~~~~~~~~~~~~~~~~~~~~~~~
/home/ubuntu/kirin970/drivers/devkit/tpkit/panel/parade/parade.c:10343:3: warning: ‘strncat’ specified bound 14 equals source length [-Wstringop-overflow=]
10343 |   strncat(buf_parademmitest_result, "1F-2F-3F-4F-5F",strlen("1F-2F-3F-4F-5F"));
      |   ^~~~~~~~~~~~~~~~~~~~~~~~~~~~~~~~~~~~~~~~~~~~~~~~~~~~~~~~~~~~~~~~~~~~~~~~~~~~
/home/ubuntu/kirin970/drivers/devkit/tpkit/panel/parade/parade.c:10352:3: warning: ‘strncat’ specified bound 3 equals source length [-Wstringop-overflow=]
10352 |   strncat(buf_parademmitest_result, "3F-",strlen("1F-"));
      |   ^~~~~~~~~~~~~~~~~~~~~~~~~~~~~~~~~~~~~~~~~~~~~~~~~~~~~~
/home/ubuntu/kirin970/drivers/devkit/tpkit/panel/parade/parade.c:10361:3: warning: ‘strncat’ specified bound 14 equals source length [-Wstringop-overflow=]
10361 |   strncat(buf_parademmitest_result, "1F-2F-3F-4F-5F",strlen("1F-2F-3F-4F-5F"));
      |   ^~~~~~~~~~~~~~~~~~~~~~~~~~~~~~~~~~~~~~~~~~~~~~~~~~~~~~~~~~~~~~~~~~~~~~~~~~~~
/home/ubuntu/kirin970/drivers/devkit/tpkit/panel/parade/parade.c:10370:3: warning: ‘strncat’ specified bound 14 equals source length [-Wstringop-overflow=]
10370 |   strncat(buf_parademmitest_result, "1F-2F-3F-4F-5F",strlen("1F-2F-3F-4F-5F"));
      |   ^~~~~~~~~~~~~~~~~~~~~~~~~~~~~~~~~~~~~~~~~~~~~~~~~~~~~~~~~~~~~~~~~~~~~~~~~~~~
/home/ubuntu/kirin970/drivers/devkit/tpkit/panel/parade/parade.c:10387:3: warning: ‘strncat’ specified bound 3 equals source length [-Wstringop-overflow=]
10387 |   strncat(buf_parademmitest_result, "1F-",strlen("1F-"));
      |   ^~~~~~~~~~~~~~~~~~~~~~~~~~~~~~~~~~~~~~~~~~~~~~~~~~~~~~
/home/ubuntu/kirin970/drivers/devkit/tpkit/panel/parade/parade.c:10404:3: warning: ‘strncat’ specified bound 3 equals source length [-Wstringop-overflow=]
10404 |   strncat(buf_parademmitest_result, "0P-",strlen("0P-"));
      |   ^~~~~~~~~~~~~~~~~~~~~~~~~~~~~~~~~~~~~~~~~~~~~~~~~~~~~~
/home/ubuntu/kirin970/drivers/devkit/tpkit/panel/parade/parade.c:10407:3: warning: ‘strncat’ specified bound 3 equals source length [-Wstringop-overflow=]
10407 |   strncat(buf_parademmitest_result, "0F-",strlen("0F-"));
      |   ^~~~~~~~~~~~~~~~~~~~~~~~~~~~~~~~~~~~~~~~~~~~~~~~~~~~~~
/home/ubuntu/kirin970/drivers/devkit/tpkit/panel/parade/parade.c:48:3: warning: ‘strncat’ specified bound 8 equals source length [-Wstringop-overflow=]
   48 |   strncat(tp_test_failed_reason, x,strlen(x)); \
      |   ^~~~~~~~~~~~~~~~~~~~~~~~~~~~~~~~~~~~~~~~~~~
/home/ubuntu/kirin970/drivers/devkit/tpkit/panel/parade/parade.c:10408:3: note: in expansion of macro ‘AddReasonToBuf’
10408 |   AddReasonToBuf("-0F:I2C]");
      |   ^~~~~~~~~~~~~~
/home/ubuntu/kirin970/drivers/devkit/tpkit/panel/parade/parade.c:10411:3: warning: ‘strncat’ specified bound 3 equals source length [-Wstringop-overflow=]
10411 |   strncat(buf_parademmitest_result, "1P-",strlen("1P-"));
      |   ^~~~~~~~~~~~~~~~~~~~~~~~~~~~~~~~~~~~~~~~~~~~~~~~~~~~~~
/home/ubuntu/kirin970/drivers/devkit/tpkit/panel/parade/parade.c:10414:3: warning: ‘strncat’ specified bound 3 equals source length [-Wstringop-overflow=]
10414 |   strncat(buf_parademmitest_result, "1F-",strlen("1F-"));
      |   ^~~~~~~~~~~~~~~~~~~~~~~~~~~~~~~~~~~~~~~~~~~~~~~~~~~~~~
/home/ubuntu/kirin970/drivers/devkit/tpkit/panel/parade/parade.c:48:3: warning: ‘strncat’ specified bound 12 equals source length [-Wstringop-overflow=]
   48 |   strncat(tp_test_failed_reason, x,strlen(x)); \
      |   ^~~~~~~~~~~~~~~~~~~~~~~~~~~~~~~~~~~~~~~~~~~
/home/ubuntu/kirin970/drivers/devkit/tpkit/panel/parade/parade.c:10415:3: note: in expansion of macro ‘AddReasonToBuf’
10415 |   AddReasonToBuf("-1F:CmRange]");
      |   ^~~~~~~~~~~~~~
/home/ubuntu/kirin970/drivers/devkit/tpkit/panel/parade/parade.c:10419:3: warning: ‘strncat’ specified bound 3 equals source length [-Wstringop-overflow=]
10419 |   strncat(buf_parademmitest_result, "2P-",strlen("2P-"));
      |   ^~~~~~~~~~~~~~~~~~~~~~~~~~~~~~~~~~~~~~~~~~~~~~~~~~~~~~
/home/ubuntu/kirin970/drivers/devkit/tpkit/panel/parade/parade.c:10422:3: warning: ‘strncat’ specified bound 3 equals source length [-Wstringop-overflow=]
10422 |   strncat(buf_parademmitest_result, "2F-",strlen("2F-"));
      |   ^~~~~~~~~~~~~~~~~~~~~~~~~~~~~~~~~~~~~~~~~~~~~~~~~~~~~~
/home/ubuntu/kirin970/drivers/devkit/tpkit/panel/parade/parade.c:48:3: warning: ‘strncat’ specified bound 10 equals source length [-Wstringop-overflow=]
   48 |   strncat(tp_test_failed_reason, x,strlen(x)); \
      |   ^~~~~~~~~~~~~~~~~~~~~~~~~~~~~~~~~~~~~~~~~~~
/home/ubuntu/kirin970/drivers/devkit/tpkit/panel/parade/parade.c:10423:3: note: in expansion of macro ‘AddReasonToBuf’
10423 |   AddReasonToBuf("-2F:CmGrad");
      |   ^~~~~~~~~~~~~~
/home/ubuntu/kirin970/drivers/devkit/tpkit/panel/parade/parade.c:10426:3: warning: ‘strncat’ specified bound 3 equals source length [-Wstringop-overflow=]
10426 |   strncat(buf_parademmitest_result, "3P-",strlen("3P-"));
      |   ^~~~~~~~~~~~~~~~~~~~~~~~~~~~~~~~~~~~~~~~~~~~~~~~~~~~~~
/home/ubuntu/kirin970/drivers/devkit/tpkit/panel/parade/parade.c:10429:3: warning: ‘strncat’ specified bound 3 equals source length [-Wstringop-overflow=]
10429 |   strncat(buf_parademmitest_result, "3F-",strlen("3F-"));
      |   ^~~~~~~~~~~~~~~~~~~~~~~~~~~~~~~~~~~~~~~~~~~~~~~~~~~~~~
/home/ubuntu/kirin970/drivers/devkit/tpkit/panel/parade/parade.c:48:3: warning: ‘strncat’ specified bound 9 equals source length [-Wstringop-overflow=]
   48 |   strncat(tp_test_failed_reason, x,strlen(x)); \
      |   ^~~~~~~~~~~~~~~~~~~~~~~~~~~~~~~~~~~~~~~~~~~
/home/ubuntu/kirin970/drivers/devkit/tpkit/panel/parade/parade.c:10430:3: note: in expansion of macro ‘AddReasonToBuf’
10430 |   AddReasonToBuf("-3F:Noise");
      |   ^~~~~~~~~~~~~~
/home/ubuntu/kirin970/drivers/devkit/tpkit/panel/parade/parade.c:10434:4: warning: ‘strncat’ specified bound 3 equals source length [-Wstringop-overflow=]
10434 |    strncat(buf_parademmitest_result, CY_REPORT_RATE_PASS, strlen(CY_REPORT_RATE_PASS));
      |    ^~~~~~~~~~~~~~~~~~~~~~~~~~~~~~~~~~~~~~~~~~~~~~~~~~~~~~~~~~~~~~~~~~~~~~~~~~~~~~~~~~~
/home/ubuntu/kirin970/drivers/devkit/tpkit/panel/parade/parade.c:10437:4: warning: ‘strncat’ specified bound 3 equals source length [-Wstringop-overflow=]
10437 |    strncat(buf_parademmitest_result, CY_REPORT_RATE_FAIL, strlen(CY_REPORT_RATE_FAIL));
      |    ^~~~~~~~~~~~~~~~~~~~~~~~~~~~~~~~~~~~~~~~~~~~~~~~~~~~~~~~~~~~~~~~~~~~~~~~~~~~~~~~~~~
/home/ubuntu/kirin970/drivers/devkit/tpkit/panel/parade/parade.c:10441:3: warning: ‘strncat’ specified bound 3 equals source length [-Wstringop-overflow=]
10441 |   strncat(buf_parademmitest_result, CY_REPORT_RATE_PASS, strlen(CY_REPORT_RATE_PASS));
      |   ^~~~~~~~~~~~~~~~~~~~~~~~~~~~~~~~~~~~~~~~~~~~~~~~~~~~~~~~~~~~~~~~~~~~~~~~~~~~~~~~~~~
/home/ubuntu/kirin970/drivers/devkit/tpkit/panel/parade/parade.c:10444:3: warning: ‘strncat’ specified bound 3 equals source length [-Wstringop-overflow=]
10444 |   strncat(buf_parademmitest_result, "5P-",strlen("5P-"));
      |   ^~~~~~~~~~~~~~~~~~~~~~~~~~~~~~~~~~~~~~~~~~~~~~~~~~~~~~
/home/ubuntu/kirin970/drivers/devkit/tpkit/panel/parade/parade.c:10447:3: warning: ‘strncat’ specified bound 3 equals source length [-Wstringop-overflow=]
10447 |   strncat(buf_parademmitest_result, "5F-",strlen("5F-"));
      |   ^~~~~~~~~~~~~~~~~~~~~~~~~~~~~~~~~~~~~~~~~~~~~~~~~~~~~~
/home/ubuntu/kirin970/drivers/devkit/tpkit/panel/parade/parade.c:48:3: warning: ‘strncat’ specified bound 9 equals source length [-Wstringop-overflow=]
   48 |   strncat(tp_test_failed_reason, x,strlen(x)); \
      |   ^~~~~~~~~~~~~~~~~~~~~~~~~~~~~~~~~~~~~~~~~~~
/home/ubuntu/kirin970/drivers/devkit/tpkit/panel/parade/parade.c:10448:3: note: in expansion of macro ‘AddReasonToBuf’
10448 |   AddReasonToBuf("-5F:Short");
      |   ^~~~~~~~~~~~~~
/home/ubuntu/kirin970/drivers/devkit/tpkit/panel/parade/parade.c:10452:3: warning: ‘strncat’ specified bound 3 equals source length [-Wstringop-overflow=]
10452 |   strncat(buf_parademmitest_result, "6P-",strlen("6P-"));
      |   ^~~~~~~~~~~~~~~~~~~~~~~~~~~~~~~~~~~~~~~~~~~~~~~~~~~~~~
/home/ubuntu/kirin970/drivers/devkit/tpkit/panel/parade/parade.c:10455:3: warning: ‘strncat’ specified bound 3 equals source length [-Wstringop-overflow=]
10455 |   strncat(buf_parademmitest_result, "6F-",strlen("6F-"));
      |   ^~~~~~~~~~~~~~~~~~~~~~~~~~~~~~~~~~~~~~~~~~~~~~~~~~~~~~
/home/ubuntu/kirin970/drivers/devkit/tpkit/panel/parade/parade.c:48:3: warning: ‘strncat’ specified bound 11 equals source length [-Wstringop-overflow=]
   48 |   strncat(tp_test_failed_reason, x,strlen(x)); \
      |   ^~~~~~~~~~~~~~~~~~~~~~~~~~~~~~~~~~~~~~~~~~~
/home/ubuntu/kirin970/drivers/devkit/tpkit/panel/parade/parade.c:10456:3: note: in expansion of macro ‘AddReasonToBuf’
10456 |   AddReasonToBuf("-6F:CpRange");
      |   ^~~~~~~~~~~~~~
/home/ubuntu/kirin970/drivers/devkit/tpkit/panel/parade/parade.c:10459:3: warning: ‘strncat’ specified bound 3 equals source length [-Wstringop-overflow=]
10459 |   strncat(buf_parademmitest_result, "7P-",strlen("7P-"));
      |   ^~~~~~~~~~~~~~~~~~~~~~~~~~~~~~~~~~~~~~~~~~~~~~~~~~~~~~
/home/ubuntu/kirin970/drivers/devkit/tpkit/panel/parade/parade.c:10462:3: warning: ‘strncat’ specified bound 3 equals source length [-Wstringop-overflow=]
10462 |   strncat(buf_parademmitest_result, "7F-",strlen("7F-"));
      |   ^~~~~~~~~~~~~~~~~~~~~~~~~~~~~~~~~~~~~~~~~~~~~~~~~~~~~~
/home/ubuntu/kirin970/drivers/devkit/tpkit/panel/parade/parade.c:48:3: warning: ‘strncat’ specified bound 11 equals source length [-Wstringop-overflow=]
   48 |   strncat(tp_test_failed_reason, x,strlen(x)); \
      |   ^~~~~~~~~~~~~~~~~~~~~~~~~~~~~~~~~~~~~~~~~~~
/home/ubuntu/kirin970/drivers/devkit/tpkit/panel/parade/parade.c:10463:3: note: in expansion of macro ‘AddReasonToBuf’
10463 |   AddReasonToBuf("-7F:CpDelta");
      |   ^~~~~~~~~~~~~~
/home/ubuntu/kirin970/drivers/devkit/tpkit/panel/parade/parade.c:10467:4: warning: ‘strncat’ specified bound 3 equals source length [-Wstringop-overflow=]
10467 |    strncat(buf_parademmitest_result, CY_SELF_NOISE_PASS, strlen(CY_SELF_NOISE_PASS));
      |    ^~~~~~~~~~~~~~~~~~~~~~~~~~~~~~~~~~~~~~~~~~~~~~~~~~~~~~~~~~~~~~~~~~~~~~~~~~~~~~~~~
/home/ubuntu/kirin970/drivers/devkit/tpkit/panel/parade/parade.c:10469:4: warning: ‘strncat’ specified bound 3 equals source length [-Wstringop-overflow=]
10469 |    strncat(buf_parademmitest_result, CY_SELF_NOISE_FAIL, strlen(CY_SELF_NOISE_FAIL));
      |    ^~~~~~~~~~~~~~~~~~~~~~~~~~~~~~~~~~~~~~~~~~~~~~~~~~~~~~~~~~~~~~~~~~~~~~~~~~~~~~~~~
/home/ubuntu/kirin970/drivers/devkit/tpkit/panel/parade/parade.c:48:3: warning: ‘strncat’ specified bound 17 equals source length [-Wstringop-overflow=]
   48 |   strncat(tp_test_failed_reason, x,strlen(x)); \
      |   ^~~~~~~~~~~~~~~~~~~~~~~~~~~~~~~~~~~~~~~~~~~
/home/ubuntu/kirin970/drivers/devkit/tpkit/panel/parade/parade.c:10470:4: note: in expansion of macro ‘AddReasonToBuf’
10470 |    AddReasonToBuf("-9F:Self RX Noise");
      |    ^~~~~~~~~~~~~~
/home/ubuntu/kirin970/drivers/devkit/tpkit/panel/parade/parade.c:50:27: warning: ‘strncat’ specified bound 1 equals source length [-Wstringop-overflow=]
   50 | #define AddtoMMIResult(x) strncat(buf_parademmitest_result, x,strlen(x))
      |                           ^~~~~~~~~~~~~~~~~~~~~~~~~~~~~~~~~~~~~~~~~~~~~~
/home/ubuntu/kirin970/drivers/devkit/tpkit/panel/parade/parade.c:10537:3: note: in expansion of macro ‘AddtoMMIResult’
10537 |   AddtoMMIResult(";");
      |   ^~~~~~~~~~~~~~
/home/ubuntu/kirin970/drivers/devkit/tpkit/panel/parade/parade.c:50:27: warning: ‘strncat’ specified bound 6 equals source length [-Wstringop-overflow=]
   50 | #define AddtoMMIResult(x) strncat(buf_parademmitest_result, x,strlen(x))
      |                           ^~~~~~~~~~~~~~~~~~~~~~~~~~~~~~~~~~~~~~~~~~~~~~
/home/ubuntu/kirin970/drivers/devkit/tpkit/panel/parade/parade.c:10538:3: note: in expansion of macro ‘AddtoMMIResult’
10538 |   AddtoMMIResult(PARADE_VENDER_NAME);
      |   ^~~~~~~~~~~~~~
/home/ubuntu/kirin970/drivers/devkit/tpkit/panel/parade/parade.c:50:27: warning: ‘strncat’ specified bound 1 equals source length [-Wstringop-overflow=]
   50 | #define AddtoMMIResult(x) strncat(buf_parademmitest_result, x,strlen(x))
      |                           ^~~~~~~~~~~~~~~~~~~~~~~~~~~~~~~~~~~~~~~~~~~~~~
/home/ubuntu/kirin970/drivers/devkit/tpkit/panel/parade/parade.c:10539:3: note: in expansion of macro ‘AddtoMMIResult’
10539 |   AddtoMMIResult("-");
      |   ^~~~~~~~~~~~~~
/home/ubuntu/kirin970/drivers/devkit/tpkit/panel/parade/parade.c:50:27: warning: ‘strncat’ specified bound 1 equals source length [-Wstringop-overflow=]
   50 | #define AddtoMMIResult(x) strncat(buf_parademmitest_result, x,strlen(x))
      |                           ^~~~~~~~~~~~~~~~~~~~~~~~~~~~~~~~~~~~~~~~~~~~~~
/home/ubuntu/kirin970/drivers/devkit/tpkit/panel/parade/parade.c:10541:3: note: in expansion of macro ‘AddtoMMIResult’
10541 |   AddtoMMIResult("-");
      |   ^~~~~~~~~~~~~~
/home/ubuntu/kirin970/drivers/devkit/tpkit/panel/st/fts_driver_test.c:318:2: warning: ‘strncat’ output may be truncated copying 12 bytes from a string of length 31 [-Wstringop-truncation]
  318 |  strncat(all_strbuff, buff, size);
      |  ^~~~~~~~~~~~~~~~~~~~~~~~~~~~~~~~
/home/ubuntu/kirin970/drivers/devkit/tpkit/panel/st/fts_driver_test.c:321:2: warning: ‘strncat’ output may be truncated copying 12 bytes from a string of length 31 [-Wstringop-truncation]
  321 |  strncat(all_strbuff, buff, size);
      |  ^~~~~~~~~~~~~~~~~~~~~~~~~~~~~~~~
/home/ubuntu/kirin970/drivers/devkit/tpkit/panel/st/fts_driver_test.c:318:2: warning: ‘strncat’ output may be truncated copying 12 bytes from a string of length 31 [-Wstringop-truncation]
  318 |  strncat(all_strbuff, buff, size);
      |  ^~~~~~~~~~~~~~~~~~~~~~~~~~~~~~~~
/home/ubuntu/kirin970/drivers/devkit/tpkit/panel/st/fts_driver_test.c:321:2: warning: ‘strncat’ output may be truncated copying 12 bytes from a string of length 31 [-Wstringop-truncation]
  321 |  strncat(all_strbuff, buff, size);
      |  ^~~~~~~~~~~~~~~~~~~~~~~~~~~~~~~~
/home/ubuntu/kirin970/drivers/devkit/tpkit/panel/parade/parade.c: In function ‘parade_get_fw_name’:
/home/ubuntu/kirin970/drivers/devkit/tpkit/panel/parade/parade.c:8000:3: warning: ‘strncat’ specified bound 1 equals source length [-Wstringop-overflow=]
 8000 |   strncat(file_name, "_", 1);
      |   ^~~~~~~~~~~~~~~~~~~~~~~~~~
/home/ubuntu/kirin970/drivers/devkit/tpkit/panel/parade/parade.c:8010:4: warning: ‘strncat’ specified bound 1 equals source length [-Wstringop-overflow=]
 8010 |    strncat(file_name, "_", 1);
      |    ^~~~~~~~~~~~~~~~~~~~~~~~~~
/home/ubuntu/kirin970/drivers/devkit/tpkit/panel/parade/parade.c:8016:4: warning: ‘strncat’ specified bound 4 equals source length [-Wstringop-overflow=]
 8016 |    strncat(file_name, "_new", strlen("_new"));
      |    ^~~~~~~~~~~~~~~~~~~~~~~~~~~~~~~~~~~~~~~~~~
/home/ubuntu/kirin970/drivers/devkit/tpkit/panel/parade/parade.c: In function ‘parade_hid_output_report_rate_switch_’:
/home/ubuntu/kirin970/drivers/devkit/tpkit/panel/parade/parade.c:1419:1: warning: control reaches end of non-void function [-Wreturn-type]
 1419 | }
      | ^
At top level:
/home/ubuntu/kirin970/drivers/devkit/tpkit/panel/parade/parade.c:7851:13: warning: ‘parade_fw_update_cont’ defined but not used [-Wunused-function]
 7851 | static void parade_fw_update_cont(const struct firmware *fw, void *context)
      |             ^~~~~~~~~~~~~~~~~~~~~
/home/ubuntu/kirin970/drivers/devkit/tpkit/panel/parade/parade.c:7329:12: warning: ‘parade_reset_chip’ defined but not used [-Wunused-function]
 7329 | static int parade_reset_chip(void)
      |            ^~~~~~~~~~~~~~~~~
/home/ubuntu/kirin970/drivers/devkit/tpkit/panel/parade/parade.c:5504:31: warning: ‘create_and_get_touch_setting’ defined but not used [-Wunused-function]
 5504 | static struct touch_settings *create_and_get_touch_setting(
      |                               ^~~~~~~~~~~~~~~~~~~~~~~~~~~~
/home/ubuntu/kirin970/drivers/devkit/tpkit/panel/parade/parade.c:5271:12: warning: ‘parade_hid_output_null_’ defined but not used [-Wunused-function]
 5271 | static int parade_hid_output_null_(struct cyttsp5_core_data *cd)
      |            ^~~~~~~~~~~~~~~~~~~~~~~
/home/ubuntu/kirin970/drivers/devkit/tpkit/panel/parade/parade.c:5233:12: warning: ‘parade_dad_setup_sysfs’ defined but not used [-Wunused-function]
 5233 | static int parade_dad_setup_sysfs(struct device *dev, struct parade_device_access_data *dad)
      |            ^~~~~~~~~~~~~~~~~~~~~~
/home/ubuntu/kirin970/drivers/devkit/tpkit/panel/parade/parade.c:4916:12: warning: ‘cyttsp5_hid_output_retrieve_panel_scan_’ defined but not used [-Wunused-function]
 4916 | static int cyttsp5_hid_output_retrieve_panel_scan_(
      |            ^~~~~~~~~~~~~~~~~~~~~~~~~~~~~~~~~~~~~~~
/home/ubuntu/kirin970/drivers/devkit/tpkit/panel/parade/parade.c:4643:12: warning: ‘parade_get_config_ver_’ defined but not used [-Wunused-function]
 4643 | static int parade_get_config_ver_(struct parade_core_data *cd)
      |            ^~~~~~~~~~~~~~~~~~~~~~
/home/ubuntu/kirin970/drivers/devkit/tpkit/panel/parade/parade.c:3551:12: warning: ‘parade_core_poweron_device_’ defined but not used [-Wunused-function]
 3551 | static int parade_core_poweron_device_(struct parade_core_data *cd)
      |            ^~~~~~~~~~~~~~~~~~~~~~~~~~~
/home/ubuntu/kirin970/drivers/devkit/tpkit/panel/parade/parade.c:3542:12: warning: ‘parade_core_poweroff_device_’ defined but not used [-Wunused-function]
 3542 | static int parade_core_poweroff_device_(struct parade_core_data *cd)
      |            ^~~~~~~~~~~~~~~~~~~~~~~~~~~~
/home/ubuntu/kirin970/drivers/devkit/tpkit/panel/parade/parade.c:3213:13: warning: ‘parade_check_command’ defined but not used [-Wunused-function]
 3213 | static void parade_check_command(struct parade_core_data *cd,
      |             ^~~~~~~~~~~~~~~~~~~~
/home/ubuntu/kirin970/drivers/devkit/tpkit/panel/parade/parade.c:1289:12: warning: ‘parade_get_scan_data’ defined but not used [-Wunused-function]
 1289 | static int parade_get_scan_data(enum scan_data_type_list scan_data_type)
      |            ^~~~~~~~~~~~~~~~~~~~
/home/ubuntu/kirin970/drivers/devkit/tpkit/panel/parade/parade.c:539:12: warning: ‘parade_oem_write_nv_one_row_’ defined but not used [-Wunused-function]
  539 | static int parade_oem_write_nv_one_row_(struct parade_oem_data *parade_oem_data, u8 buf[], int row_num)
      |            ^~~~~~~~~~~~~~~~~~~~~~~~~~~~
/home/ubuntu/kirin970/drivers/devkit/tpkit/panel/parade/parade.c:457:12: warning: ‘parade_oem_hid_send_output_and_wait’ defined but not used [-Wunused-function]
  457 | static int parade_oem_hid_send_output_and_wait(struct parade_oem_data *parade_oem_data, struct parade_hid_output *hid_output)
      |            ^~~~~~~~~~~~~~~~~~~~~~~~~~~~~~~~~~~
/home/ubuntu/kirin970/drivers/devkit/tpkit/panel/parade/parade.c:452:12: warning: ‘parade_oem_resume’ defined but not used [-Wunused-function]
  452 | static int parade_oem_resume(struct parade_oem_data *parade_oem_data)
      |            ^~~~~~~~~~~~~~~~~
/home/ubuntu/kirin970/drivers/devkit/tpkit/panel/parade/parade.c:447:12: warning: ‘parade_oem_suspend’ defined but not used [-Wunused-function]
  447 | static int parade_oem_suspend(struct parade_oem_data *parade_oem_data)
      |            ^~~~~~~~~~~~~~~~~~
/home/ubuntu/kirin970/drivers/devkit/tpkit/panel/parade/parade.c:177:14: warning: ‘parade_global_pchar_for_doze’ defined but not used [-Wunused-variable]
  177 | static char* parade_global_pchar_for_doze;
      |              ^~~~~~~~~~~~~~~~~~~~~~~~~~~~
In file included from /home/ubuntu/kirin970/drivers/devkit/tpkit/panel/parade/parade.c:26:
/home/ubuntu/kirin970/drivers/devkit/tpkit/panel/parade/../../../lcdkit/lcdkit1.0/include/lcdkit_panel.h:269:14: warning: ‘cmd_array’ defined but not used [-Wunused-variable]
  269 | static char* cmd_array[SENCE_ARRAY_SIZE] = {
      |              ^~~~~~~~~
/home/ubuntu/kirin970/drivers/devkit/tpkit/panel/parade/../../../lcdkit/lcdkit1.0/include/lcdkit_panel.h:244:14: warning: ‘sence_array’ defined but not used [-Wunused-variable]
  244 | static char* sence_array[SENCE_ARRAY_SIZE] = {
      |              ^~~~~~~~~~~
/home/ubuntu/kirin970/drivers/devkit/tpkit/panel/parade/parade.c: In function ‘parade_oem_write_nv_any_data_’:
/home/ubuntu/kirin970/drivers/devkit/tpkit/panel/parade/parade.c:497:4: warning: ‘rc’ is used uninitialized in this function [-Wuninitialized]
  497 |  if(rc != 0){
      |    ^
/home/ubuntu/kirin970/drivers/devkit/tpkit/panel/st/fts.c: In function ‘fts_ext_pointer_event_handler’:
/home/ubuntu/kirin970/drivers/devkit/tpkit/panel/st/fts.c:305:5: warning: unused variable ‘touchsize’ [-Wunused-variable]
  305 |  u8 touchsize;
      |     ^~~~~~~~~
/home/ubuntu/kirin970/drivers/devkit/tpkit/panel/st/fts.c: In function ‘fts_fw_update_auto’:
/home/ubuntu/kirin970/drivers/devkit/tpkit/panel/st/fts.c:940:2: warning: ISO C90 forbids mixed declarations and code [-Wdeclaration-after-statement]
  940 |  char origin_id[ST_PROJECT_ID_LEN + 1] = {'\0'};
      |  ^~~~
/home/ubuntu/kirin970/drivers/devkit/tpkit/panel/st/fts.c: In function ‘fts_enable_reg’:
/home/ubuntu/kirin970/drivers/devkit/tpkit/panel/st/fts.c:1680:1: warning: label ‘exit’ defined but not used [-Wunused-label]
 1680 | exit:
      | ^~~~
/home/ubuntu/kirin970/drivers/devkit/tpkit/panel/st/fts.c: In function ‘st_oem_info_switch’:
/home/ubuntu/kirin970/drivers/devkit/tpkit/panel/st/fts.c:1751:2: warning: ISO C90 forbids mixed declarations and code [-Wdeclaration-after-statement]
 1751 |  int read_len = 0;
      |  ^~~
/home/ubuntu/kirin970/drivers/devkit/tpkit/panel/st/fts.c:1752:6: warning: unused variable ‘ret’ [-Wunused-variable]
 1752 |  int ret = 0;
      |      ^~~
/home/ubuntu/kirin970/drivers/devkit/tpkit/panel/st/fts.c:1751:6: warning: unused variable ‘read_len’ [-Wunused-variable]
 1751 |  int read_len = 0;
      |      ^~~~~~~~
/home/ubuntu/kirin970/drivers/devkit/tpkit/panel/st/fts.c: In function ‘st_parse_dts’:
/home/ubuntu/kirin970/drivers/devkit/tpkit/panel/st/fts.c:2311:5: error: passing argument 3 of ‘of_property_read_u32’ from incompatible pointer type [-Werror=incompatible-pointer-types]
 2311 |     &chip_data->self_cap_test);
      |     ^~~~~~~~~~~~~~~~~~~~~~~~~
      |     |
      |     bool * {aka _Bool *}
In file included from /home/ubuntu/kirin970/include/linux/i2c.h:33,
                 from /home/ubuntu/kirin970/drivers/devkit/tpkit/panel/st/fts.c:28:
/home/ubuntu/kirin970/include/linux/of.h:1048:17: note: expected ‘u32 *’ {aka ‘unsigned int *’} but argument is of type ‘bool *’ {aka ‘_Bool *’}
 1048 |            u32 *out_value)
      |            ~~~~~^~~~~~~~~
/home/ubuntu/kirin970/drivers/devkit/tpkit/panel/st/fts.c:2317:62: error: passing argument 3 of ‘of_property_read_string’ from incompatible pointer type [-Werror=incompatible-pointer-types]
 2317 |  retval = of_property_read_string(device, "fake_project_id", &ts->fake_project_id);
      |                                                              ^~~~~~~~~~~~~~~~~~~~
      |                                                              |
      |                                                              char **
In file included from /home/ubuntu/kirin970/include/linux/i2c.h:33,
                 from /home/ubuntu/kirin970/drivers/devkit/tpkit/panel/st/fts.c:28:
/home/ubuntu/kirin970/include/linux/of.h:316:21: note: expected ‘const char **’ but argument is of type ‘char **’
  316 |        const char **out_string);
      |        ~~~~~~~~~~~~~^~~~~~~~~~
/home/ubuntu/kirin970/drivers/devkit/tpkit/panel/st/fts.c: In function ‘st_init_chip’:
/home/ubuntu/kirin970/drivers/devkit/tpkit/panel/st/fts.c:2489:2: warning: this ‘if’ clause does not guard... [-Wmisleading-indentation]
 2489 |  if (fts_cmd_class == NULL)
      |  ^~
/home/ubuntu/kirin970/drivers/devkit/tpkit/panel/st/fts.c:2491:3: note: ...this statement, but the latter is misleadingly indented as if it were guarded by the ‘if’
 2491 |   info->test_cmd_dev = device_create(fts_cmd_class,
      |   ^~~~
/home/ubuntu/kirin970/drivers/devkit/tpkit/panel/atmel/atmel_main.c: In function ‘atmel_parse_dts’:
/home/ubuntu/kirin970/drivers/devkit/tpkit/panel/atmel/atmel_main.c:2555:2: warning: ‘strncpy’ specified bound 32 equals destination size [-Wstringop-truncation]
 2555 |  strncpy(chip_data->chip_name,tmp_buff, MAX_STR_LEN);
      |  ^~~~~~~~~~~~~~~~~~~~~~~~~~~~~~~~~~~~~~~~~~~~~~~~~~~
make[4]: *** [/home/ubuntu/kirin970/scripts/Makefile.build:687: drivers/devkit/tpkit/panel/focaltech] Error 2
make[4]: *** Waiting for unfinished jobs....
  CC      drivers/devkit/tpkit/panel/st/fts_gui.o
/home/ubuntu/kirin970/drivers/devkit/tpkit/panel/st/fts.c: In function ‘stm_fts_cmd_show’:
/home/ubuntu/kirin970/drivers/devkit/tpkit/panel/st/fts.c:1324:2: warning: ‘strncat’ output may be truncated copying 2 bytes from a string of length 31 [-Wstringop-truncation]
 1324 |  strncat(all_strbuff, buff, 2);
      |  ^~~~~~~~~~~~~~~~~~~~~~~~~~~~~
/home/ubuntu/kirin970/drivers/devkit/tpkit/panel/st/fts.c:1327:2: warning: ‘strncat’ output may be truncated copying 8 bytes from a string of length 31 [-Wstringop-truncation]
 1327 |  strncat(all_strbuff, buff, 8);
      |  ^~~~~~~~~~~~~~~~~~~~~~~~~~~~~
/home/ubuntu/kirin970/drivers/devkit/tpkit/panel/st/fts.c:1324:2: warning: ‘strncat’ output may be truncated copying 2 bytes from a string of length 31 [-Wstringop-truncation]
 1324 |  strncat(all_strbuff, buff, 2);
      |  ^~~~~~~~~~~~~~~~~~~~~~~~~~~~~
/home/ubuntu/kirin970/drivers/devkit/tpkit/panel/st/fts.c:1327:2: warning: ‘strncat’ output may be truncated copying 8 bytes from a string of length 31 [-Wstringop-truncation]
 1327 |  strncat(all_strbuff, buff, 8);
      |  ^~~~~~~~~~~~~~~~~~~~~~~~~~~~~
/home/ubuntu/kirin970/drivers/devkit/tpkit/panel/st/fts.c:1324:2: warning: ‘strncat’ output may be truncated copying 2 bytes from a string of length 31 [-Wstringop-truncation]
 1324 |  strncat(all_strbuff, buff, 2);
      |  ^~~~~~~~~~~~~~~~~~~~~~~~~~~~~
/home/ubuntu/kirin970/drivers/devkit/tpkit/panel/st/fts.c:1327:2: warning: ‘strncat’ output may be truncated copying 8 bytes from a string of length 31 [-Wstringop-truncation]
 1327 |  strncat(all_strbuff, buff, 8);
      |  ^~~~~~~~~~~~~~~~~~~~~~~~~~~~~
/home/ubuntu/kirin970/drivers/devkit/tpkit/panel/st/fts.c:1349:4: warning: ‘strncat’ output may be truncated copying 2 bytes from a string of length 31 [-Wstringop-truncation]
 1349 |    strncat(all_strbuff, buff, 2);
      |    ^~~~~~~~~~~~~~~~~~~~~~~~~~~~~
/home/ubuntu/kirin970/drivers/devkit/tpkit/panel/st/fts.c:1352:4: warning: ‘strncat’ output may be truncated copying 2 bytes from a string of length 31 [-Wstringop-truncation]
 1352 |    strncat(all_strbuff, buff, 2);
      |    ^~~~~~~~~~~~~~~~~~~~~~~~~~~~~
/home/ubuntu/kirin970/drivers/devkit/tpkit/panel/st/fts.c:1357:5: warning: ‘strncat’ output may be truncated copying 4 bytes from a string of length 31 [-Wstringop-truncation]
 1357 |     strncat(all_strbuff, buff, 4);
      |     ^~~~~~~~~~~~~~~~~~~~~~~~~~~~~
/home/ubuntu/kirin970/drivers/devkit/tpkit/panel/st/fts.c:1364:5: warning: ‘strncat’ output may be truncated copying 4 bytes from a string of length 31 [-Wstringop-truncation]
 1364 |     strncat(all_strbuff, buff, 4);
      |     ^~~~~~~~~~~~~~~~~~~~~~~~~~~~~
/home/ubuntu/kirin970/drivers/devkit/tpkit/panel/st/fts.c:1393:4: warning: ‘strncat’ output may be truncated copying 2 bytes from a string of length 31 [-Wstringop-truncation]
 1393 |    strncat(all_strbuff, buff, 2);
      |    ^~~~~~~~~~~~~~~~~~~~~~~~~~~~~
/home/ubuntu/kirin970/drivers/devkit/tpkit/panel/st/fts.c:1396:4: warning: ‘strncat’ output may be truncated copying 2 bytes from a string of length 31 [-Wstringop-truncation]
 1396 |    strncat(all_strbuff, buff, 2);
      |    ^~~~~~~~~~~~~~~~~~~~~~~~~~~~~
/home/ubuntu/kirin970/drivers/devkit/tpkit/panel/st/fts.c:1399:4: warning: ‘strncat’ output may be truncated copying 2 bytes from a string of length 31 [-Wstringop-truncation]
 1399 |    strncat(all_strbuff, buff, 2);
      |    ^~~~~~~~~~~~~~~~~~~~~~~~~~~~~
/home/ubuntu/kirin970/drivers/devkit/tpkit/panel/st/fts.c:1402:4: warning: ‘strncat’ output may be truncated copying 2 bytes from a string of length 31 [-Wstringop-truncation]
 1402 |    strncat(all_strbuff, buff, 2);
      |    ^~~~~~~~~~~~~~~~~~~~~~~~~~~~~
/home/ubuntu/kirin970/drivers/devkit/tpkit/panel/st/fts.c:1405:4: warning: ‘strncat’ output may be truncated copying 2 bytes from a string of length 31 [-Wstringop-truncation]
 1405 |    strncat(all_strbuff, buff, 2);
      |    ^~~~~~~~~~~~~~~~~~~~~~~~~~~~~
/home/ubuntu/kirin970/drivers/devkit/tpkit/panel/st/fts.c:1408:4: warning: ‘strncat’ output may be truncated copying 2 bytes from a string of length 31 [-Wstringop-truncation]
 1408 |    strncat(all_strbuff, buff, 2);
      |    ^~~~~~~~~~~~~~~~~~~~~~~~~~~~~
/home/ubuntu/kirin970/drivers/devkit/tpkit/panel/st/fts.c:1419:5: warning: ‘strncat’ output may be truncated copying 2 bytes from a string of length 31 [-Wstringop-truncation]
 1419 |     strncat(all_strbuff, buff, 2);
      |     ^~~~~~~~~~~~~~~~~~~~~~~~~~~~~
/home/ubuntu/kirin970/drivers/devkit/tpkit/panel/st/fts.c:1425:5: warning: ‘strncat’ output may be truncated copying 2 bytes from a string of length 31 [-Wstringop-truncation]
 1425 |     strncat(all_strbuff, buff, 2);
      |     ^~~~~~~~~~~~~~~~~~~~~~~~~~~~~
/home/ubuntu/kirin970/drivers/devkit/tpkit/panel/st/fts.c:1431:5: warning: ‘strncat’ output may be truncated copying 2 bytes from a string of length 31 [-Wstringop-truncation]
 1431 |     strncat(all_strbuff, buff, 2);
      |     ^~~~~~~~~~~~~~~~~~~~~~~~~~~~~
/home/ubuntu/kirin970/drivers/devkit/tpkit/panel/st/fts.c:1334:4: warning: ‘strncat’ output may be truncated copying 2 bytes from a string of length 31 [-Wstringop-truncation]
 1334 |    strncat(all_strbuff, buff, 2);
      |    ^~~~~~~~~~~~~~~~~~~~~~~~~~~~~
/home/ubuntu/kirin970/drivers/devkit/tpkit/panel/st/fts.c:1337:4: warning: ‘strncat’ output may be truncated copying 2 bytes from a string of length 31 [-Wstringop-truncation]
 1337 |    strncat(all_strbuff, buff, 2);
      |    ^~~~~~~~~~~~~~~~~~~~~~~~~~~~~
/home/ubuntu/kirin970/drivers/devkit/tpkit/panel/st/fts.c:1341:5: warning: ‘strncat’ output may be truncated copying 4 bytes from a string of length 31 [-Wstringop-truncation]
 1341 |     strncat(all_strbuff, buff, 4);
      |     ^~~~~~~~~~~~~~~~~~~~~~~~~~~~~
/home/ubuntu/kirin970/drivers/devkit/tpkit/panel/st/fts.c:1373:4: warning: ‘strncat’ output may be truncated copying 2 bytes from a string of length 31 [-Wstringop-truncation]
 1373 |    strncat(all_strbuff, buff, 2);
      |    ^~~~~~~~~~~~~~~~~~~~~~~~~~~~~
/home/ubuntu/kirin970/drivers/devkit/tpkit/panel/st/fts.c:1376:4: warning: ‘strncat’ output may be truncated copying 2 bytes from a string of length 31 [-Wstringop-truncation]
 1376 |    strncat(all_strbuff, buff, 2);
      |    ^~~~~~~~~~~~~~~~~~~~~~~~~~~~~
/home/ubuntu/kirin970/drivers/devkit/tpkit/panel/st/fts.c:1380:4: warning: ‘strncat’ output may be truncated copying 2 bytes from a string of length 31 [-Wstringop-truncation]
 1380 |    strncat(all_strbuff, buff, 2);
      |    ^~~~~~~~~~~~~~~~~~~~~~~~~~~~~
/home/ubuntu/kirin970/drivers/devkit/tpkit/panel/st/fts.c:1385:5: warning: ‘strncat’ output may be truncated copying 2 bytes from a string of length 31 [-Wstringop-truncation]
 1385 |     strncat(all_strbuff, buff, 2);
      |     ^~~~~~~~~~~~~~~~~~~~~~~~~~~~~
/home/ubuntu/kirin970/drivers/devkit/tpkit/panel/st/fts.c:1324:2: warning: ‘strncat’ output may be truncated copying 2 bytes from a string of length 31 [-Wstringop-truncation]
 1324 |  strncat(all_strbuff, buff, 2);
      |  ^~~~~~~~~~~~~~~~~~~~~~~~~~~~~
/home/ubuntu/kirin970/drivers/devkit/tpkit/panel/st/fts.c:1327:2: warning: ‘strncat’ output may be truncated copying 8 bytes from a string of length 31 [-Wstringop-truncation]
 1327 |  strncat(all_strbuff, buff, 8);
      |  ^~~~~~~~~~~~~~~~~~~~~~~~~~~~~
/home/ubuntu/kirin970/drivers/devkit/tpkit/panel/st/fts.c:1447:2: warning: ‘strncat’ output may be truncated copying 2 bytes from a string of length 31 [-Wstringop-truncation]
 1447 |  strncat(all_strbuff, buff, 2);
      |  ^~~~~~~~~~~~~~~~~~~~~~~~~~~~~
  CC      drivers/devkit/tpkit/panel/st/fts_lib/ftsCompensation.o
/home/ubuntu/kirin970/drivers/devkit/tpkit/panel/st/fts_gui.c: In function ‘fts_i2c_wr_store’:
/home/ubuntu/kirin970/drivers/devkit/tpkit/panel/st/fts_gui.c:98:2: warning: ‘memset’ used with length equal to number of elements without multiplication by element size [-Wmemset-elt-size]
   98 |  memset(data, 0x00, ARRAY_SIZE(data));
      |  ^~~~~~
/home/ubuntu/kirin970/drivers/devkit/tpkit/panel/st/fts_gui.c: In function ‘fts_i2c_read_store’:
/home/ubuntu/kirin970/drivers/devkit/tpkit/panel/st/fts_gui.c:209:2: warning: ‘memset’ used with length equal to number of elements without multiplication by element size [-Wmemset-elt-size]
  209 |  memset(data, 0x00, ARRAY_SIZE(data));
      |  ^~~~~~
/home/ubuntu/kirin970/drivers/devkit/tpkit/panel/st/fts_gui.c: In function ‘fts_i2c_write_store’:
/home/ubuntu/kirin970/drivers/devkit/tpkit/panel/st/fts_gui.c:275:2: warning: ‘memset’ used with length equal to number of elements without multiplication by element size [-Wmemset-elt-size]
  275 |  memset(st_data, 0x00, ARRAY_SIZE(st_data));
      |  ^~~~~~
/home/ubuntu/kirin970/drivers/devkit/tpkit/panel/st/fts_gui.c: In function ‘fts_i2c_wr_show’:
/home/ubuntu/kirin970/drivers/devkit/tpkit/panel/st/fts_gui.c:62:2: warning: ‘strncat’ specified bound 4096 equals destination size [-Wstringop-overflow=]
   62 |  strncat(Out_buff, buff,  ARRAY_SIZE(Out_buff));
      |  ^~~~~~~~~~~~~~~~~~~~~~~~~~~~~~~~~~~~~~~~~~~~~~
/home/ubuntu/kirin970/drivers/devkit/tpkit/panel/st/fts_gui.c:75:3: warning: ‘strncat’ specified bound 4096 equals destination size [-Wstringop-overflow=]
   75 |   strncat(Out_buff, buff,  ARRAY_SIZE(Out_buff));
      |   ^~~~~~~~~~~~~~~~~~~~~~~~~~~~~~~~~~~~~~~~~~~~~~
/home/ubuntu/kirin970/drivers/devkit/tpkit/panel/st/fts_gui.c:78:4: warning: ‘strncat’ specified bound 4096 equals destination size [-Wstringop-overflow=]
   78 |    strncat(Out_buff, buff,  ARRAY_SIZE(Out_buff));
      |    ^~~~~~~~~~~~~~~~~~~~~~~~~~~~~~~~~~~~~~~~~~~~~~
/home/ubuntu/kirin970/drivers/devkit/tpkit/panel/st/fts_gui.c:82:2: warning: ‘strncat’ specified bound 4096 equals destination size [-Wstringop-overflow=]
   82 |  strncat(Out_buff, buff,  ARRAY_SIZE(Out_buff));
      |  ^~~~~~~~~~~~~~~~~~~~~~~~~~~~~~~~~~~~~~~~~~~~~~
/home/ubuntu/kirin970/drivers/devkit/tpkit/panel/st/fts_gui.c: In function ‘fts_i2c_read_show’:
/home/ubuntu/kirin970/drivers/devkit/tpkit/panel/st/fts_gui.c:175:2: warning: ‘strncat’ specified bound 4096 equals destination size [-Wstringop-overflow=]
  175 |  strncat(Out_buff, buff,  ARRAY_SIZE(Out_buff));
      |  ^~~~~~~~~~~~~~~~~~~~~~~~~~~~~~~~~~~~~~~~~~~~~~
/home/ubuntu/kirin970/drivers/devkit/tpkit/panel/st/fts_gui.c:186:3: warning: ‘strncat’ specified bound 4096 equals destination size [-Wstringop-overflow=]
  186 |   strncat(Out_buff, buff,  ARRAY_SIZE(Out_buff));
      |   ^~~~~~~~~~~~~~~~~~~~~~~~~~~~~~~~~~~~~~~~~~~~~~
/home/ubuntu/kirin970/drivers/devkit/tpkit/panel/st/fts_gui.c:189:4: warning: ‘strncat’ specified bound 4096 equals destination size [-Wstringop-overflow=]
  189 |    strncat(Out_buff, buff,  ARRAY_SIZE(Out_buff));
      |    ^~~~~~~~~~~~~~~~~~~~~~~~~~~~~~~~~~~~~~~~~~~~~~
/home/ubuntu/kirin970/drivers/devkit/tpkit/panel/st/fts_gui.c:193:2: warning: ‘strncat’ specified bound 4096 equals destination size [-Wstringop-overflow=]
  193 |  strncat(Out_buff, buff,  ARRAY_SIZE(Out_buff));
      |  ^~~~~~~~~~~~~~~~~~~~~~~~~~~~~~~~~~~~~~~~~~~~~~
/home/ubuntu/kirin970/drivers/devkit/tpkit/panel/parade/parade.c: In function ‘get_lcd_module_name’:
/home/ubuntu/kirin970/drivers/devkit/tpkit/panel/parade/parade.c:5697:2: warning: ‘strncpy’ output may be truncated copying 127 bytes from a string of length 127 [-Wstringop-truncation]
 5697 |  strncpy(temp, tskit_parade_data->lcd_panel_info, LCD_PANEL_INFO_MAX_LEN-1);
      |  ^~~~~~~~~~~~~~~~~~~~~~~~~~~~~~~~~~~~~~~~~~~~~~~~~~~~~~~~~~~~~~~~~~~~~~~~~~
/home/ubuntu/kirin970/drivers/devkit/tpkit/panel/atmel/atmel_main.c: In function ‘atmel_get_rawdata’:
/home/ubuntu/kirin970/drivers/devkit/tpkit/panel/atmel/atmel_main.c:5097:2: warning: ‘strncat’ specified bound depends on the length of the source argument [-Wstringop-overflow=]
 5097 |  strncat(info->result, max_min_aver_buf, strlen(max_min_aver_buf));
      |  ^~~~~~~~~~~~~~~~~~~~~~~~~~~~~~~~~~~~~~~~~~~~~~~~~~~~~~~~~~~~~~~~~
/home/ubuntu/kirin970/drivers/devkit/tpkit/panel/atmel/atmel_main.c:5105:3: warning: ‘strncat’ specified bound depends on the length of the source argument [-Wstringop-overflow=]
 5105 |   strncat(info->result, mxt_core_data->description,
      |   ^~~~~~~~~~~~~~~~~~~~~~~~~~~~~~~~~~~~~~~~~~~~~~~~~
 5106 |    strlen(mxt_core_data->description));
      |    ~~~~~~~~~~~~~~~~~~~~~~~~~~~~~~~~~~~
/home/ubuntu/kirin970/drivers/devkit/tpkit/panel/st/fts.c: In function ‘fts_strength_frame_show’:
/home/ubuntu/kirin970/drivers/devkit/tpkit/panel/st/fts.c:1062:3: warning: ‘strncat’ output may be truncated copying 12 bytes from a string of length 31 [-Wstringop-truncation]
 1062 |   strncat(all_strbuff, buff, size);
      |   ^~~~~~~~~~~~~~~~~~~~~~~~~~~~~~~~
/home/ubuntu/kirin970/drivers/devkit/tpkit/panel/st/fts.c:1065:3: warning: ‘strncat’ output may be truncated copying 12 bytes from a string of length 31 [-Wstringop-truncation]
 1065 |   strncat(all_strbuff, buff, size);
      |   ^~~~~~~~~~~~~~~~~~~~~~~~~~~~~~~~
/home/ubuntu/kirin970/drivers/devkit/tpkit/panel/st/fts.c:1093:9: warning: ‘count’ may be used uninitialized in this function [-Wmaybe-uninitialized]
 1093 |  return count;
      |         ^~~~~
/home/ubuntu/kirin970/drivers/devkit/tpkit/panel/parade/parade.c: In function ‘parade_get_fw_name’:
/home/ubuntu/kirin970/drivers/devkit/tpkit/panel/parade/parade.c:7995:4: warning: ‘strncat’ specified bound depends on the length of the source argument [-Wstringop-overflow=]
 7995 |    strncat(file_name, tskit_parade_data->lcd_module_name, strlen(tskit_parade_data->lcd_module_name));
      |    ^~~~~~~~~~~~~~~~~~~~~~~~~~~~~~~~~~~~~~~~~~~~~~~~~~~~~~~~~~~~~~~~~~~~~~~~~~~~~~~~~~~~~~~~~~~~~~~~~~
/home/ubuntu/kirin970/drivers/devkit/tpkit/panel/parade/parade.c:8011:4: warning: ‘strncat’ specified bound depends on the length of the source argument [-Wstringop-overflow=]
 8011 |    strncat(file_name, tskit_parade_data->lcd_module_name, strlen(tskit_parade_data->lcd_module_name));
      |    ^~~~~~~~~~~~~~~~~~~~~~~~~~~~~~~~~~~~~~~~~~~~~~~~~~~~~~~~~~~~~~~~~~~~~~~~~~~~~~~~~~~~~~~~~~~~~~~~~~
/home/ubuntu/kirin970/drivers/devkit/tpkit/panel/parade/parade.c:8021:4: warning: ‘strncat’ specified bound depends on the length of the source argument [-Wstringop-overflow=]
 8021 |    strncat(file_name,tskit_parade_data->sign_of_second_distinguishability, strlen(tskit_parade_data->sign_of_second_distinguishability));
      |    ^~~~~~~~~~~~~~~~~~~~~~~~~~~~~~~~~~~~~~~~~~~~~~~~~~~~~~~~~~~~~~~~~~~~~~~~~~~~~~~~~~~~~~~~~~~~~~~~~~~~~~~~~~~~~~~~~~~~~~~~~~~~~~~~~~~~~
  CC      drivers/devkit/tpkit/panel/st/fts_lib/ftsCrossCompile.o
cc1: some warnings being treated as errors
make[5]: *** [/home/ubuntu/kirin970/scripts/Makefile.build:356: drivers/devkit/tpkit/panel/atmel/atmel_main.o] Error 1
make[4]: *** [/home/ubuntu/kirin970/scripts/Makefile.build:687: drivers/devkit/tpkit/panel/atmel] Error 2
  CC      drivers/devkit/tpkit/panel/samsung/sec_ts_fw.o
/home/ubuntu/kirin970/drivers/devkit/tpkit/panel/st/fts.c: In function ‘fts_chip_powercycle’:
/home/ubuntu/kirin970/drivers/devkit/tpkit/panel/st/fts.c:1538:9: warning: ‘error’ may be used uninitialized in this function [-Wmaybe-uninitialized]
 1538 |  return error;
      |         ^~~~~
/home/ubuntu/kirin970/drivers/devkit/tpkit/panel/st/fts.c: In function ‘st_get_project_id’:
/home/ubuntu/kirin970/drivers/devkit/tpkit/panel/st/fts.c:2413:3: warning: ‘strncpy’ specified bound depends on the length of the source argument [-Wstringop-overflow=]
 2413 |   strncpy(fts_info->project_id, fts_info->fake_project_id,
      |   ^~~~~~~~~~~~~~~~~~~~~~~~~~~~~~~~~~~~~~~~~~~~~~~~~~~~~~~~
 2414 |     strlen(fts_info->fake_project_id));
      |     ~~~~~~~~~~~~~~~~~~~~~~~~~~~~~~~~~~
/home/ubuntu/kirin970/drivers/devkit/tpkit/panel/st/fts.c: In function ‘fts_fw_update_auto’:
/home/ubuntu/kirin970/drivers/devkit/tpkit/panel/st/fts.c:941:2: warning: ‘strncpy’ output may be truncated copying 10 bytes from a string of length 10 [-Wstringop-truncation]
  941 |  strncpy(origin_id, info->project_id, ST_PROJECT_ID_LEN);
      |  ^~~~~~~~~~~~~~~~~~~~~~~~~~~~~~~~~~~~~~~~~~~~~~~~~~~~~~~
cc1: some warnings being treated as errors
make[5]: *** [/home/ubuntu/kirin970/scripts/Makefile.build:356: drivers/devkit/tpkit/panel/st/fts.o] Error 1
make[5]: *** Waiting for unfinished jobs....
  CC      drivers/devkit/tpkit/panel/st/fts_lib/ftsError.o
/home/ubuntu/kirin970/drivers/devkit/tpkit/panel/samsung/sec_ts_fw.c: In function ‘sec_ts_read_pid’:
/home/ubuntu/kirin970/drivers/devkit/tpkit/panel/samsung/sec_ts_fw.c:662:34: warning: assignment to ‘u8’ {aka ‘unsigned char’} from ‘char *’ makes integer from pointer without a cast [-Wint-conversion]
  662 |     data[SEC_TS_PROJECTID_MAX-1] = "\0";
      |                                  ^
  CC      drivers/devkit/tpkit/panel/st/fts_lib/ftsFrame.o
  CC      drivers/devkit/tpkit/panel/st/fts_lib/ftsIO.o
  CC      drivers/devkit/tpkit/panel/samsung/sec_ts_fn.o
/home/ubuntu/kirin970/drivers/devkit/tpkit/panel/st/fts_lib/ftsFrame.c: In function ‘getSSFrame’:
/home/ubuntu/kirin970/drivers/devkit/tpkit/panel/st/fts_lib/ftsFrame.c:464:11: warning: unused variable ‘i’ [-Wunused-variable]
  464 |  int size,i, ret;
      |           ^
  CC      drivers/devkit/tpkit/panel/samsung/sec_ts_only_vendor.o
In file included from /home/ubuntu/kirin970/drivers/devkit/tpkit/panel/samsung/sec_ts_fn.c:13:
/home/ubuntu/kirin970/drivers/devkit/tpkit/panel/samsung/sec_ts_fn.c: In function ‘sec_ts_read_frame’:
/home/ubuntu/kirin970/include/linux/kernel.h:745:16: warning: comparison of distinct pointer types lacks a cast
  745 |  (void) (&min1 == &min2);   \
      |                ^~
/home/ubuntu/kirin970/include/linux/kernel.h:748:2: note: in expansion of macro ‘__min’
  748 |  __min(typeof(x), typeof(y),   \
      |  ^~~~~
/home/ubuntu/kirin970/drivers/devkit/tpkit/panel/samsung/sec_ts_fn.c:260:15: note: in expansion of macro ‘min’
  260 |   mode->min = min(mode->min, ts->pFrame[i]);
      |               ^~~
/home/ubuntu/kirin970/include/linux/kernel.h:755:16: warning: comparison of distinct pointer types lacks a cast
  755 |  (void) (&max1 == &max2);   \
      |                ^~
/home/ubuntu/kirin970/include/linux/kernel.h:758:2: note: in expansion of macro ‘__max’
  758 |  __max(typeof(x), typeof(y),   \
      |  ^~~~~
/home/ubuntu/kirin970/drivers/devkit/tpkit/panel/samsung/sec_ts_fn.c:261:15: note: in expansion of macro ‘max’
  261 |   mode->max = max(mode->max, ts->pFrame[i]);
      |               ^~~
/home/ubuntu/kirin970/drivers/devkit/tpkit/panel/samsung/sec_ts_fn.c: In function ‘sec_ts_read_channel’:
/home/ubuntu/kirin970/include/linux/kernel.h:745:16: warning: comparison of distinct pointer types lacks a cast
  745 |  (void) (&min1 == &min2);   \
      |                ^~
/home/ubuntu/kirin970/include/linux/kernel.h:748:2: note: in expansion of macro ‘__min’
  748 |  __min(typeof(x), typeof(y),   \
      |  ^~~~~
/home/ubuntu/kirin970/drivers/devkit/tpkit/panel/samsung/sec_ts_fn.c:347:16: note: in expansion of macro ‘min’
  347 |    mode->min = min(mode->min, ts->pFrame[jj]);
      |                ^~~
/home/ubuntu/kirin970/include/linux/kernel.h:755:16: warning: comparison of distinct pointer types lacks a cast
  755 |  (void) (&max1 == &max2);   \
      |                ^~
/home/ubuntu/kirin970/include/linux/kernel.h:758:2: note: in expansion of macro ‘__max’
  758 |  __max(typeof(x), typeof(y),   \
      |  ^~~~~
/home/ubuntu/kirin970/drivers/devkit/tpkit/panel/samsung/sec_ts_fn.c:348:16: note: in expansion of macro ‘max’
  348 |    mode->max = max(mode->max, ts->pFrame[jj]);
      |                ^~~
/home/ubuntu/kirin970/include/linux/kernel.h:745:16: warning: comparison of distinct pointer types lacks a cast
  745 |  (void) (&min1 == &min2);   \
      |                ^~
/home/ubuntu/kirin970/include/linux/kernel.h:748:2: note: in expansion of macro ‘__min’
  748 |  __min(typeof(x), typeof(y),   \
      |  ^~~~~
/home/ubuntu/kirin970/drivers/devkit/tpkit/panel/samsung/sec_ts_fn.c:351:22: note: in expansion of macro ‘min’
  351 |    mode->short_min = min(mode->short_min, ts->pFrame[jj]);
      |                      ^~~
/home/ubuntu/kirin970/include/linux/kernel.h:755:16: warning: comparison of distinct pointer types lacks a cast
  755 |  (void) (&max1 == &max2);   \
      |                ^~
/home/ubuntu/kirin970/include/linux/kernel.h:758:2: note: in expansion of macro ‘__max’
  758 |  __max(typeof(x), typeof(y),   \
      |  ^~~~~
/home/ubuntu/kirin970/drivers/devkit/tpkit/panel/samsung/sec_ts_fn.c:352:22: note: in expansion of macro ‘max’
  352 |    mode->short_max = max(mode->short_max, ts->pFrame[jj]);
      |                      ^~~
/home/ubuntu/kirin970/drivers/devkit/tpkit/panel/samsung/sec_ts_fn.c: In function ‘sec_ts_get_delta_result’:
/home/ubuntu/kirin970/drivers/devkit/tpkit/panel/samsung/sec_ts_fn.c:596:3: warning: ‘strncat’ specified bound 32 equals destination size [-Wstringop-overflow=]
  596 |   strncat(result_buff, "3F-", MAX_STR_LEN);
      |   ^~~~~~~~~~~~~~~~~~~~~~~~~~~~~~~~~~~~~~~~
/home/ubuntu/kirin970/drivers/devkit/tpkit/panel/samsung/sec_ts_fn.c:609:3: warning: ‘strncat’ specified bound 32 equals destination size [-Wstringop-overflow=]
  609 |   strncat(result_buff, "3P-", MAX_STR_LEN);
      |   ^~~~~~~~~~~~~~~~~~~~~~~~~~~~~~~~~~~~~~~~
/home/ubuntu/kirin970/drivers/devkit/tpkit/panel/samsung/sec_ts_fn.c:611:3: warning: ‘strncat’ specified bound 32 equals destination size [-Wstringop-overflow=]
  611 |   strncat(result_buff, "3F-", MAX_STR_LEN);
      |   ^~~~~~~~~~~~~~~~~~~~~~~~~~~~~~~~~~~~~~~~
/home/ubuntu/kirin970/drivers/devkit/tpkit/panel/samsung/sec_ts_fn.c: In function ‘sec_ts_get_rawcapgap_result’:
/home/ubuntu/kirin970/drivers/devkit/tpkit/panel/samsung/sec_ts_fn.c:648:3: warning: ‘strncat’ specified bound 32 equals destination size [-Wstringop-overflow=]
  648 |   strncat(result_buff, "2F-", MAX_STR_LEN);
      |   ^~~~~~~~~~~~~~~~~~~~~~~~~~~~~~~~~~~~~~~~
/home/ubuntu/kirin970/drivers/devkit/tpkit/panel/samsung/sec_ts_fn.c:685:3: warning: ‘strncat’ specified bound 32 equals destination size [-Wstringop-overflow=]
  685 |   strncat(result_buff, "2P-", MAX_STR_LEN);
      |   ^~~~~~~~~~~~~~~~~~~~~~~~~~~~~~~~~~~~~~~~
/home/ubuntu/kirin970/drivers/devkit/tpkit/panel/samsung/sec_ts_fn.c:687:3: warning: ‘strncat’ specified bound 32 equals destination size [-Wstringop-overflow=]
  687 |   strncat(result_buff, "2F-", MAX_STR_LEN);
      |   ^~~~~~~~~~~~~~~~~~~~~~~~~~~~~~~~~~~~~~~~
/home/ubuntu/kirin970/drivers/devkit/tpkit/panel/samsung/sec_ts_fn.c: In function ‘sec_ts_get_rawcap_result’:
/home/ubuntu/kirin970/drivers/devkit/tpkit/panel/samsung/sec_ts_fn.c:720:3: warning: ‘strncat’ specified bound 32 equals destination size [-Wstringop-overflow=]
  720 |   strncat(result_buff, "1F-", MAX_STR_LEN);
      |   ^~~~~~~~~~~~~~~~~~~~~~~~~~~~~~~~~~~~~~~~
/home/ubuntu/kirin970/drivers/devkit/tpkit/panel/samsung/sec_ts_fn.c:756:3: warning: ‘strncat’ specified bound 32 equals destination size [-Wstringop-overflow=]
  756 |   strncat(result_buff, "1P-", MAX_STR_LEN);
      |   ^~~~~~~~~~~~~~~~~~~~~~~~~~~~~~~~~~~~~~~~
/home/ubuntu/kirin970/drivers/devkit/tpkit/panel/samsung/sec_ts_fn.c:758:3: warning: ‘strncat’ specified bound 32 equals destination size [-Wstringop-overflow=]
  758 |   strncat(result_buff, "1F-", MAX_STR_LEN);
      |   ^~~~~~~~~~~~~~~~~~~~~~~~~~~~~~~~~~~~~~~~
  CC      drivers/devkit/tpkit/panel/st/fts_lib/ftsTest.o
  CC      drivers/devkit/tpkit/panel/st/fts_lib/ftsTime.o
/home/ubuntu/kirin970/drivers/devkit/tpkit/panel/samsung/sec_ts_fn.c: In function ‘sec_ts_get_rawcap_debug’:
/home/ubuntu/kirin970/drivers/devkit/tpkit/panel/samsung/sec_ts_fn.c:572:2: warning: ‘rBuff’ may be used uninitialized in this function [-Wmaybe-uninitialized]
  572 |  kfree(rBuff);
      |  ^~~~~~~~~~~~
  CC      drivers/devkit/tpkit/panel/st/fts_lib/ftsTool.o
/home/ubuntu/kirin970/drivers/devkit/tpkit/panel/st/fts_lib/ftsTest.c: In function ‘st_fill_rawdata_buf’:
/home/ubuntu/kirin970/drivers/devkit/tpkit/panel/st/fts_lib/ftsTest.c:798:22: warning: unused variable ‘fts_info’ [-Wunused-variable]
  798 |  struct fts_ts_info *fts_info = fts_get_info();
      |                      ^~~~~~~~
/home/ubuntu/kirin970/drivers/devkit/tpkit/panel/st/fts_lib/ftsTest.c: In function ‘production_test_ms_cx’:
/home/ubuntu/kirin970/drivers/devkit/tpkit/panel/st/fts_lib/ftsTest.c:1133:34: error: passing argument 1 of ‘checkLimitsMap’ from incompatible pointer type [-Werror=incompatible-pointer-types]
 1133 |   ret = checkLimitsMap(msCompData.node_data, msCompData.header.force_node, msCompData.header.sense_node, thresholds_min, thresholds_max); //check the limits
      |                        ~~~~~~~~~~^~~~~~~~~~
      |                                  |
      |                                  u8 * {aka unsigned char *}
/home/ubuntu/kirin970/drivers/devkit/tpkit/panel/st/fts_lib/ftsTest.c:257:27: note: expected ‘short int *’ but argument is of type ‘u8 *’ {aka ‘unsigned char *’}
  257 | int checkLimitsMap(short *data, int row, int column, int *min, int *max) {
      |                    ~~~~~~~^~~~
/home/ubuntu/kirin970/drivers/devkit/tpkit/panel/st/fts_lib/ftsTest.c:1154:3: warning: ISO C90 forbids mixed declarations and code [-Wdeclaration-after-statement]
 1154 |   u16 *temp_u16_array = (u16 *)kmalloc(sizeof(u16) * columns * rows, GFP_KERNEL);
      |   ^~~
/home/ubuntu/kirin970/drivers/devkit/tpkit/panel/st/fts_lib/ftsTest.c: In function ‘production_test_ms_key_cx’:
/home/ubuntu/kirin970/drivers/devkit/tpkit/panel/st/fts_lib/ftsTest.c:1260:34: error: passing argument 1 of ‘checkLimitsMap’ from incompatible pointer type [-Werror=incompatible-pointer-types]
 1260 |   ret = checkLimitsMap(msCompData.node_data, 1, num_keys, thresholds_min, thresholds_max); //check the limits
      |                        ~~~~~~~~~~^~~~~~~~~~
      |                                  |
      |                                  u8 * {aka unsigned char *}
/home/ubuntu/kirin970/drivers/devkit/tpkit/panel/st/fts_lib/ftsTest.c:257:27: note: expected ‘short int *’ but argument is of type ‘u8 *’ {aka ‘unsigned char *’}
  257 | int checkLimitsMap(short *data, int row, int column, int *min, int *max) {
      |                    ~~~~~~~^~~~
/home/ubuntu/kirin970/drivers/devkit/tpkit/panel/st/fts_lib/ftsTest.c:1280:32: error: passing argument 1 of ‘computeTotal’ from incompatible pointer type [-Werror=incompatible-pointer-types]
 1280 |   ret = computeTotal(msCompData.node_data, msCompData.cx1, 1, num_keys, CX1_WEIGHT, CX2_WEIGHT, &total_cx);
      |                      ~~~~~~~~~~^~~~~~~~~~
      |                                |
      |                                u8 * {aka unsigned char *}
/home/ubuntu/kirin970/drivers/devkit/tpkit/panel/st/fts_lib/ftsTest.c:188:25: note: expected ‘short int *’ but argument is of type ‘u8 *’ {aka ‘unsigned char *’}
  188 | int computeTotal(short* data, u8 main, int row, int column, int m, int n, u16**result) {
      |                  ~~~~~~~^~~~
/home/ubuntu/kirin970/drivers/devkit/tpkit/panel/st/fts_lib/ftsTest.c: In function ‘production_test_data’:
/home/ubuntu/kirin970/drivers/devkit/tpkit/panel/st/fts_lib/ftsTest.c:1602:2: warning: ISO C90 forbids mixed declarations and code [-Wdeclaration-after-statement]
 1602 |  struct fts_ts_info *fts_info = fts_get_info();
      |  ^~~~~~
/home/ubuntu/kirin970/drivers/devkit/tpkit/panel/st/fts_lib/ftsTest.c:1603:24: error: passing argument 1 of ‘request_firmware’ from incompatible pointer type [-Werror=incompatible-pointer-types]
 1603 |  fd = request_firmware(&(fts_info->fw),path_limits, fts_info->i2c_cmd_dev);
      |                        ^~~~~~~~~~~~~~~
      |                        |
      |                        struct firmware **
In file included from /home/ubuntu/kirin970/drivers/devkit/tpkit/panel/st/fts_lib/ftsCrossCompile.h:23,
                 from /home/ubuntu/kirin970/drivers/devkit/tpkit/panel/st/fts_lib/ftsTest.c:16:
/home/ubuntu/kirin970/include/linux/firmware.h:42:46: note: expected ‘const struct firmware **’ but argument is of type ‘struct firmware **’
   42 | int request_firmware(const struct firmware **fw, const char *name,
      |                      ~~~~~~~~~~~~~~~~~~~~~~~~^~
/home/ubuntu/kirin970/drivers/devkit/tpkit/panel/st/fts_lib/ftsTest.c: In function ‘parseProductionTestLimits’:
/home/ubuntu/kirin970/drivers/devkit/tpkit/panel/st/fts_lib/ftsTest.c:1678:6: warning: unused variable ‘fd’ [-Wunused-variable]
 1678 |  int fd=-1;
      |      ^~
/home/ubuntu/kirin970/drivers/devkit/tpkit/panel/st/fts_lib/ftsTest.c: In function ‘readLine’:
/home/ubuntu/kirin970/drivers/devkit/tpkit/panel/st/fts_lib/ftsTest.c:1812:2: warning: this ‘if’ clause does not guard... [-Wmisleading-indentation]
 1812 |  if(size<1)
      |  ^~
/home/ubuntu/kirin970/drivers/devkit/tpkit/panel/st/fts_lib/ftsTest.c:1815:3: note: ...this statement, but the latter is misleadingly indented as if it were guarded by the ‘if’
 1815 |   while(data[i]!='\n' && i<size){
      |   ^~~~~
/home/ubuntu/kirin970/drivers/devkit/tpkit/panel/st/fts_lib/ftsTest.c: In function ‘st_get_rawdata_aftertest’:
/home/ubuntu/kirin970/drivers/devkit/tpkit/panel/st/fts_lib/ftsTest.c:1882:3: warning: ‘strncat’ specified bound 2 equals source length [-Wstringop-overflow=]
 1882 |   strncat(info->result, "0P", strlen("0P"));
      |   ^~~~~~~~~~~~~~~~~~~~~~~~~~~~~~~~~~~~~~~~~
/home/ubuntu/kirin970/drivers/devkit/tpkit/panel/st/fts_lib/ftsTest.c:1884:3: warning: ‘strncat’ specified bound 2 equals source length [-Wstringop-overflow=]
 1884 |   strncat(info->result, "0F", strlen("0F"));
      |   ^~~~~~~~~~~~~~~~~~~~~~~~~~~~~~~~~~~~~~~~~
/home/ubuntu/kirin970/drivers/devkit/tpkit/panel/st/fts_lib/ftsTest.c:1888:3: warning: ‘strncat’ specified bound 3 equals source length [-Wstringop-overflow=]
 1888 |   strncat(info->result, "-1P", strlen("-1P"));
      |   ^~~~~~~~~~~~~~~~~~~~~~~~~~~~~~~~~~~~~~~~~~~
/home/ubuntu/kirin970/drivers/devkit/tpkit/panel/st/fts_lib/ftsTest.c:1890:3: warning: ‘strncat’ specified bound 3 equals source length [-Wstringop-overflow=]
 1890 |   strncat(info->result, "-1F", strlen("-1F"));
      |   ^~~~~~~~~~~~~~~~~~~~~~~~~~~~~~~~~~~~~~~~~~~
/home/ubuntu/kirin970/drivers/devkit/tpkit/panel/st/fts_lib/ftsTest.c:1894:3: warning: ‘strncat’ specified bound 3 equals source length [-Wstringop-overflow=]
 1894 |   strncat(info->result, "-2P", strlen("-2P"));
      |   ^~~~~~~~~~~~~~~~~~~~~~~~~~~~~~~~~~~~~~~~~~~
/home/ubuntu/kirin970/drivers/devkit/tpkit/panel/st/fts_lib/ftsTest.c:1896:3: warning: ‘strncat’ specified bound 3 equals source length [-Wstringop-overflow=]
 1896 |   strncat(info->result, "-2F", strlen("-2F"));
      |   ^~~~~~~~~~~~~~~~~~~~~~~~~~~~~~~~~~~~~~~~~~~
/home/ubuntu/kirin970/drivers/devkit/tpkit/panel/st/fts_lib/ftsTest.c:1900:3: warning: ‘strncat’ specified bound 3 equals source length [-Wstringop-overflow=]
 1900 |   strncat(info->result, "-3P", strlen("-3P"));
      |   ^~~~~~~~~~~~~~~~~~~~~~~~~~~~~~~~~~~~~~~~~~~
/home/ubuntu/kirin970/drivers/devkit/tpkit/panel/st/fts_lib/ftsTest.c:1902:3: warning: ‘strncat’ specified bound 3 equals source length [-Wstringop-overflow=]
 1902 |   strncat(info->result, "-3F", strlen("-3F"));
      |   ^~~~~~~~~~~~~~~~~~~~~~~~~~~~~~~~~~~~~~~~~~~
/home/ubuntu/kirin970/drivers/devkit/tpkit/panel/st/fts_lib/ftsTest.c:1906:3: warning: ‘strncat’ specified bound 3 equals source length [-Wstringop-overflow=]
 1906 |   strncat(info->result, "-5P", strlen("-5P"));
      |   ^~~~~~~~~~~~~~~~~~~~~~~~~~~~~~~~~~~~~~~~~~~
/home/ubuntu/kirin970/drivers/devkit/tpkit/panel/st/fts_lib/ftsTest.c:1908:3: warning: ‘strncat’ specified bound 3 equals source length [-Wstringop-overflow=]
 1908 |   strncat(info->result, "-5F", strlen("-5F"));
      |   ^~~~~~~~~~~~~~~~~~~~~~~~~~~~~~~~~~~~~~~~~~~
/home/ubuntu/kirin970/drivers/devkit/tpkit/panel/st/fts_lib/ftsTest.c:1911:3: warning: ‘strncat’ specified bound 3 equals source length [-Wstringop-overflow=]
 1911 |   strncat(info->result, "-6P", strlen("-6P"));
      |   ^~~~~~~~~~~~~~~~~~~~~~~~~~~~~~~~~~~~~~~~~~~
/home/ubuntu/kirin970/drivers/devkit/tpkit/panel/st/fts_lib/ftsTest.c:1913:3: warning: ‘strncat’ specified bound 3 equals source length [-Wstringop-overflow=]
 1913 |   strncat(info->result, "-6F", strlen("-6F"));
      |   ^~~~~~~~~~~~~~~~~~~~~~~~~~~~~~~~~~~~~~~~~~~
/home/ubuntu/kirin970/drivers/devkit/tpkit/panel/st/fts_lib/ftsTest.c:1916:3: warning: ‘strncat’ specified bound 3 equals source length [-Wstringop-overflow=]
 1916 |   strncat(info->result, "-9P", strlen("-9P"));
      |   ^~~~~~~~~~~~~~~~~~~~~~~~~~~~~~~~~~~~~~~~~~~
/home/ubuntu/kirin970/drivers/devkit/tpkit/panel/st/fts_lib/ftsTest.c:1918:3: warning: ‘strncat’ specified bound 3 equals source length [-Wstringop-overflow=]
 1918 |   strncat(info->result, "-9F", strlen("-9F"));
      |   ^~~~~~~~~~~~~~~~~~~~~~~~~~~~~~~~~~~~~~~~~~~
/home/ubuntu/kirin970/drivers/devkit/tpkit/panel/st/fts_lib/ftsTest.c:1921:3: warning: ‘strncat’ specified bound 4 equals source length [-Wstringop-overflow=]
 1921 |   strncat(info->result, "-10P", strlen("-10P"));
      |   ^~~~~~~~~~~~~~~~~~~~~~~~~~~~~~~~~~~~~~~~~~~~~
/home/ubuntu/kirin970/drivers/devkit/tpkit/panel/st/fts_lib/ftsTest.c:1923:3: warning: ‘strncat’ specified bound 4 equals source length [-Wstringop-overflow=]
 1923 |   strncat(info->result, "-10F", strlen("-10F"));
      |   ^~~~~~~~~~~~~~~~~~~~~~~~~~~~~~~~~~~~~~~~~~~~~
/home/ubuntu/kirin970/drivers/devkit/tpkit/panel/st/fts_lib/ftsTest.c:1928:2: warning: ‘strncat’ specified bound 1 equals source length [-Wstringop-overflow=]
 1928 |  strncat(info->result, ";", strlen(";"));
      |  ^~~~~~~~~~~~~~~~~~~~~~~~~~~~~~~~~~~~~~~
/home/ubuntu/kirin970/drivers/devkit/tpkit/panel/st/fts_lib/ftsTest.c:1930:3: warning: ‘strncat’ specified bound 13 equals source length [-Wstringop-overflow=]
 1930 |   strncat(info->result, "panel_reason-", strlen("panel_reason-"));
      |   ^~~~~~~~~~~~~~~~~~~~~~~~~~~~~~~~~~~~~~~~~~~~~~~~~~~~~~~~~~~~~~~
/home/ubuntu/kirin970/drivers/devkit/tpkit/panel/st/fts_lib/ftsTest.c:1932:2: warning: ‘strncat’ specified bound 3 equals source length [-Wstringop-overflow=]
 1932 |  strncat(info->result, "st-", strlen("st-"));
      |  ^~~~~~~~~~~~~~~~~~~~~~~~~~~~~~~~~~~~~~~~~~~
/home/ubuntu/kirin970/drivers/devkit/tpkit/panel/samsung/sec_ts_fn.c: In function ‘sec_ts_run_self_test’:
/home/ubuntu/kirin970/drivers/devkit/tpkit/panel/samsung/sec_ts_fn.c:1101:2: warning: ‘strncat’ output may be truncated copying 199 bytes from a string of length 1023 [-Wstringop-truncation]
 1101 |  strncat(info->result, result_buff, TS_RAWDATA_RESULT_MAX-1);
      |  ^~~~~~~~~~~~~~~~~~~~~~~~~~~~~~~~~~~~~~~~~~~~~~~~~~~~~~~~~~~
  CC      drivers/devkit/tpkit/panel/st/fts_lib/ftsFlash.o
  CC      drivers/devkit/tpkit/panel/st/fts_lib/ftsGesture.o
/home/ubuntu/kirin970/drivers/devkit/tpkit/panel/st/fts_lib/ftsTool.c: In function ‘printHex’:
/home/ubuntu/kirin970/drivers/devkit/tpkit/panel/st/fts_lib/ftsTool.c:229:10: warning: returning ‘int’ from a function with return type ‘char *’ makes pointer from integer without a cast [-Wint-conversion]
  229 |   return -EINVAL;
      |          ^
  LD      drivers/devkit/tpkit/panel/samsung/sec_driver.o
/home/ubuntu/kirin970/drivers/devkit/tpkit/panel/st/fts_lib/ftsTest.c: In function ‘production_test_ms_raw’:
/home/ubuntu/kirin970/drivers/devkit/tpkit/panel/st/fts_lib/ftsTest.c:1015:3: warning: ‘columns’ may be used uninitialized in this function [-Wmaybe-uninitialized]
 1015 |   get_average_max_min(msStrengthFrame.node_data, rows, columns, result->mutal_noise_res_buf);
      |   ^~~~~~~~~~~~~~~~~~~~~~~~~~~~~~~~~~~~~~~~~~~~~~~~~~~~~~~~~~~~~~~~~~~~~~~~~~~~~~~~~~~~~~~~~~
/home/ubuntu/kirin970/drivers/devkit/tpkit/panel/st/fts_lib/ftsTest.c:1015:3: warning: ‘rows’ may be used uninitialized in this function [-Wmaybe-uninitialized]
  LD      drivers/devkit/tpkit/panel/samsung/built-in.o
  CC      drivers/connectivity/hi11xx/hi1103/wifi/1103/hmac/hmac_mgmt_sta.o
In file included from /home/ubuntu/kirin970/include/linux/printk.h:6,
                 from /home/ubuntu/kirin970/include/linux/kernel.h:13,
                 from /home/ubuntu/kirin970/include/linux/list.h:8,
                 from /home/ubuntu/kirin970/include/linux/kobject.h:20,
                 from /home/ubuntu/kirin970/include/linux/device.h:17,
                 from /home/ubuntu/kirin970/include/linux/platform_device.h:14,
                 from /home/ubuntu/kirin970/drivers/devkit/tpkit/panel/st/fts_lib/ftsCrossCompile.h:6,
                 from /home/ubuntu/kirin970/drivers/devkit/tpkit/panel/st/fts_lib/ftsIO.h:20,
                 from /home/ubuntu/kirin970/drivers/devkit/tpkit/panel/st/fts_lib/ftsGesture.c:19:
/home/ubuntu/kirin970/drivers/devkit/tpkit/panel/st/fts_lib/ftsGesture.c: In function ‘updateGestureMask’:
/home/ubuntu/kirin970/include/linux/kern_levels.h:4:18: warning: format ‘%s’ expects argument of type ‘char *’, but argument 2 has type ‘int’ [-Wformat=]
    4 | #define KERN_SOH "\001"  /* ASCII Start Of Header */
      |                  ^~~~~~
/home/ubuntu/kirin970/include/linux/kern_levels.h:10:18: note: in expansion of macro ‘KERN_SOH’
   10 | #define KERN_ERR KERN_SOH "3" /* error conditions */
      |                  ^~~~~~~~
/home/ubuntu/kirin970/include/linux/printk.h:283:9: note: in expansion of macro ‘KERN_ERR’
  283 |  printk(KERN_ERR pr_fmt(fmt), ##__VA_ARGS__)
      |         ^~~~~~~~
/home/ubuntu/kirin970/include/huawei_platform/log/hw_log.h:53:13: note: in expansion of macro ‘pr_err’
   53 |             pr_err(hw_fmt_tag(TAG,E) fmt,##__VA_ARGS__);    \
      |             ^~~~~~
/home/ubuntu/kirin970/include/huawei_platform/log/hw_log.h:48:9: note: in expansion of macro ‘__hwlog_err’
   48 |         __hwlog_err(TAG,##x)
      |         ^~~~~~~~~~~
/home/ubuntu/kirin970/drivers/devkit/tpkit/panel/st/fts_lib/../../../huawei_ts_kit.h:287:27: note: in expansion of macro ‘_hwlog_err’
  287 | #define TS_LOG_ERR(x...)  _hwlog_err(HWLOG_TAG, ##x)
      |                           ^~~~~~~~~~
/home/ubuntu/kirin970/drivers/devkit/tpkit/panel/st/fts_lib/ftsGesture.c:73:3: note: in expansion of macro ‘TS_LOG_ERR’
   73 |   TS_LOG_ERR("%s: Size not valid! %d > %d ERROR\n", size, GESTURE_MASK_SIZE);
      |   ^~~~~~~~~~
/home/ubuntu/kirin970/include/linux/kern_levels.h:4:18: warning: format ‘%d’ expects a matching ‘int’ argument [-Wformat=]
    4 | #define KERN_SOH "\001"  /* ASCII Start Of Header */
      |                  ^~~~~~
/home/ubuntu/kirin970/include/linux/kern_levels.h:10:18: note: in expansion of macro ‘KERN_SOH’
   10 | #define KERN_ERR KERN_SOH "3" /* error conditions */
      |                  ^~~~~~~~
/home/ubuntu/kirin970/include/linux/printk.h:283:9: note: in expansion of macro ‘KERN_ERR’
  283 |  printk(KERN_ERR pr_fmt(fmt), ##__VA_ARGS__)
      |         ^~~~~~~~
/home/ubuntu/kirin970/include/huawei_platform/log/hw_log.h:53:13: note: in expansion of macro ‘pr_err’
   53 |             pr_err(hw_fmt_tag(TAG,E) fmt,##__VA_ARGS__);    \
      |             ^~~~~~
/home/ubuntu/kirin970/include/huawei_platform/log/hw_log.h:48:9: note: in expansion of macro ‘__hwlog_err’
   48 |         __hwlog_err(TAG,##x)
      |         ^~~~~~~~~~~
/home/ubuntu/kirin970/drivers/devkit/tpkit/panel/st/fts_lib/../../../huawei_ts_kit.h:287:27: note: in expansion of macro ‘_hwlog_err’
  287 | #define TS_LOG_ERR(x...)  _hwlog_err(HWLOG_TAG, ##x)
      |                           ^~~~~~~~~~
/home/ubuntu/kirin970/drivers/devkit/tpkit/panel/st/fts_lib/ftsGesture.c:73:3: note: in expansion of macro ‘TS_LOG_ERR’
   73 |   TS_LOG_ERR("%s: Size not valid! %d > %d ERROR\n", size, GESTURE_MASK_SIZE);
      |   ^~~~~~~~~~
/home/ubuntu/kirin970/drivers/devkit/tpkit/panel/st/fts_lib/ftsTest.c: In function ‘st_get_rawdata_aftertest’:
/home/ubuntu/kirin970/drivers/devkit/tpkit/panel/st/fts_lib/ftsTest.c:1933:2: warning: ‘strncat’ output may be truncated copying 10 bytes from a string of length 10 [-Wstringop-truncation]
 1933 |  strncat(info->result, fts_info->project_id, ST_PROJECT_ID_LEN);
      |  ^~~~~~~~~~~~~~~~~~~~~~~~~~~~~~~~~~~~~~~~~~~~~~~~~~~~~~~~~~~~~~
/home/ubuntu/kirin970/drivers/devkit/tpkit/panel/st/fts_lib/ftsTest.c:1936:2: warning: ‘strncat’ specified bound depends on the length of the source argument [-Wstringop-overflow=]
 1936 |  strncat(info->result, fw_version_info, strlen(fw_version_info));
      |  ^~~~~~~~~~~~~~~~~~~~~~~~~~~~~~~~~~~~~~~~~~~~~~~~~~~~~~~~~~~~~~~
cc1: some warnings being treated as errors
make[6]: *** [/home/ubuntu/kirin970/scripts/Makefile.build:357: drivers/devkit/tpkit/panel/st/fts_lib/ftsTest.o] Error 1
make[6]: *** Waiting for unfinished jobs....
  CC      drivers/connectivity/hi11xx/hi1103/wifi/1103/hmac/hmac_encap_frame_ap.o
  CC      drivers/connectivity/hi11xx/hi1103/wifi/1103/hmac/hmac_encap_frame_sta.o
cc1: all warnings being treated as errors
make[7]: *** [/home/ubuntu/kirin970/scripts/Makefile.build:356: drivers/connectivity/hi11xx/hi1103/wifi/1103/wal/wal_linux_ioctl_debug.o] Error 1
make[7]: *** Waiting for unfinished jobs....
  CC      drivers/connectivity/hi11xx/hi1103/wifi/1103/hmac/hmac_encap_frame.o
make[5]: *** [/home/ubuntu/kirin970/scripts/Makefile.build:687: drivers/devkit/tpkit/panel/st/fts_lib] Error 2
make[4]: *** [/home/ubuntu/kirin970/scripts/Makefile.build:687: drivers/devkit/tpkit/panel/st] Error 2
cc1: all warnings being treated as errors
make[7]: *** [/home/ubuntu/kirin970/scripts/Makefile.build:356: drivers/connectivity/hi11xx/hi1103/wifi/1103/wal/wal_linux_ioctl.o] Error 1
/home/ubuntu/kirin970/drivers/connectivity/hi11xx/hi1103/wifi/1103/hmac/hmac_mgmt_sta.c: In function ‘hmac_process_assoc_rsp_etc’:
/home/ubuntu/kirin970/drivers/connectivity/hi11xx/hi1103/wifi/1103/hmac/hmac_mgmt_sta.c:2623:5: error: implicit declaration of function ‘oal_memset’; did you mean ‘oal_memcmp’? [-Werror=implicit-function-declaration]
 2623 |     oal_memset(&(pst_hmac_user->st_user_base_info.st_vht_hdl), 0, OAL_SIZEOF(mac_vht_hdl_stru));
      |     ^~~~~~~~~~
      |     oal_memcmp
/home/ubuntu/kirin970/drivers/devkit/tpkit/panel/parade/parade.c: In function ‘parade_get_rawdata’:
/home/ubuntu/kirin970/drivers/devkit/tpkit/panel/parade/parade.c:10535:4: warning: ‘strncat’ specified bound depends on the length of the source argument [-Wstringop-overflow=]
10535 |    strncat(buf_parademmitest_result, tp_test_failed_reason,strlen(tp_test_failed_reason));
      |    ^~~~~~~~~~~~~~~~~~~~~~~~~~~~~~~~~~~~~~~~~~~~~~~~~~~~~~~~~~~~~~~~~~~~~~~~~~~~~~~~~~~~~~
/home/ubuntu/kirin970/drivers/devkit/tpkit/panel/parade/parade.c:50:27: warning: ‘strncat’ specified bound depends on the length of the source argument [-Wstringop-overflow=]
   50 | #define AddtoMMIResult(x) strncat(buf_parademmitest_result, x,strlen(x))
      |                           ^~~~~~~~~~~~~~~~~~~~~~~~~~~~~~~~~~~~~~~~~~~~~~
/home/ubuntu/kirin970/drivers/devkit/tpkit/panel/parade/parade.c:10540:3: note: in expansion of macro ‘AddtoMMIResult’
10540 |   AddtoMMIResult(tskit_parade_data->chip_name);
      |   ^~~~~~~~~~~~~~
/home/ubuntu/kirin970/drivers/devkit/tpkit/panel/parade/parade.c:50:27: warning: ‘strncat’ specified bound depends on the length of the source argument [-Wstringop-overflow=]
   50 | #define AddtoMMIResult(x) strncat(buf_parademmitest_result, x,strlen(x))
      |                           ^~~~~~~~~~~~~~~~~~~~~~~~~~~~~~~~~~~~~~~~~~~~~~
/home/ubuntu/kirin970/drivers/devkit/tpkit/panel/parade/parade.c:10542:3: note: in expansion of macro ‘AddtoMMIResult’
10542 |   AddtoMMIResult(tskit_parade_data->project_id);
      |   ^~~~~~~~~~~~~~
/home/ubuntu/kirin970/drivers/devkit/tpkit/panel/parade/parade.c: In function ‘parade_parse_dts’:
/home/ubuntu/kirin970/drivers/devkit/tpkit/panel/parade/parade.c:6588:3: warning: ‘loader_pdata’ may be used uninitialized in this function [-Wmaybe-uninitialized]
 6588 |   kfree(loader_pdata);
      |   ^~~~~~~~~~~~~~~~~~~
/home/ubuntu/kirin970/drivers/devkit/tpkit/panel/parade/parade.c:6586:3: warning: ‘mt_pdata’ may be used uninitialized in this function [-Wmaybe-uninitialized]
 6586 |   kfree(mt_pdata);
      |   ^~~~~~~~~~~~~~~
cc1: all warnings being treated as errors
make[7]: *** [/home/ubuntu/kirin970/scripts/Makefile.build:356: drivers/connectivity/hi11xx/hi1103/wifi/1103/hmac/hmac_mgmt_sta.o] Error 1
make[6]: *** [/home/ubuntu/kirin970/scripts/Makefile.build:687: drivers/connectivity/hi11xx/hi1103/wifi/1103] Error 2
make[5]: *** [/home/ubuntu/kirin970/scripts/Makefile.build:687: drivers/connectivity/hi11xx/hi1103/wifi] Error 2
make[4]: *** [/home/ubuntu/kirin970/scripts/Makefile.build:687: drivers/connectivity/hi11xx/hi1103] Error 2
make[3]: *** [/home/ubuntu/kirin970/scripts/Makefile.build:687: drivers/connectivity/hi11xx] Error 2
make[2]: *** [/home/ubuntu/kirin970/scripts/Makefile.build:687: drivers/connectivity] Error 2
  LD      drivers/devkit/tpkit/panel/parade/built-in.o
make[3]: *** [/home/ubuntu/kirin970/scripts/Makefile.build:687: drivers/devkit/tpkit/panel] Error 2
make[2]: *** [/home/ubuntu/kirin970/scripts/Makefile.build:687: drivers/devkit/tpkit] Error 2
make[1]: *** [/home/ubuntu/kirin970/Makefile:1221: drivers] Error 2
make[1]: Leaving directory '/home/ubuntu/out'
make: *** [Makefile:152: sub-make] Error 2
